-------------------------------------------------------------------------------
Test set: edu.yu.dbimpl.SecondStageTests
-------------------------------------------------------------------------------
Tests run: 3, Failures: 0, Errors: 1, Skipped: 0, Time elapsed: 7.953 s <<< FAILURE! - in edu.yu.dbimpl.SecondStageTests
edu.yu.dbimpl.SecondStageTests.testFlushAndIterator  Time elapsed: 7.901 s  <<< ERROR!
java.lang.StackOverflowError
	at java.base/java.lang.StackStreamFactory$AbstractStackWalker.fetchStackFrames(StackStreamFactory.java:427)
	at java.base/java.lang.StackStreamFactory$AbstractStackWalker.getNextBatch(StackStreamFactory.java:347)
	at java.base/java.lang.StackStreamFactory$AbstractStackWalker.peekFrame(StackStreamFactory.java:281)
	at java.base/java.lang.StackStreamFactory$AbstractStackWalker.hasNext(StackStreamFactory.java:391)
	at java.base/java.lang.StackStreamFactory$StackFrameTraverser.tryAdvance(StackStreamFactory.java:645)
	at java.base/java.util.stream.ReferencePipeline.forEachWithCancel(ReferencePipeline.java:129)
	at java.base/java.util.stream.AbstractPipeline.copyIntoWithCancel(AbstractPipeline.java:527)
	at java.base/java.util.stream.AbstractPipeline.copyInto(AbstractPipeline.java:513)
	at java.base/java.util.stream.AbstractPipeline.wrapAndCopyInto(AbstractPipeline.java:499)
	at java.base/java.util.stream.FindOps$FindOp.evaluateSequential(FindOps.java:150)
	at java.base/java.util.stream.AbstractPipeline.evaluate(AbstractPipeline.java:234)
	at java.base/java.util.stream.ReferencePipeline.findFirst(ReferencePipeline.java:647)
	at java.logging/java.util.logging.LogRecord$CallerFinder.lambda$get$1(LogRecord.java:784)
	at java.base/java.lang.StackStreamFactory$StackFrameTraverser.consumeFrames(StackStreamFactory.java:586)
	at java.base/java.lang.StackStreamFactory$AbstractStackWalker.doStackWalk(StackStreamFactory.java:324)
	at java.base/java.lang.StackStreamFactory$AbstractStackWalker.callStackWalk(Native Method)
	at java.base/java.lang.StackStreamFactory$AbstractStackWalker.beginStackWalk(StackStreamFactory.java:410)
	at java.base/java.lang.StackStreamFactory$AbstractStackWalker.walkHelper(StackStreamFactory.java:261)
	at java.base/java.lang.StackStreamFactory$AbstractStackWalker.walk(StackStreamFactory.java:253)
	at java.base/java.lang.StackWalker.walk(StackWalker.java:589)
	at java.logging/java.util.logging.LogRecord$CallerFinder.get(LogRecord.java:784)
	at java.logging/java.util.logging.LogRecord.inferCaller(LogRecord.java:757)
	at java.logging/java.util.logging.LogRecord.getSourceClassName(LogRecord.java:351)
	at java.logging/java.util.logging.SimpleFormatter.format(SimpleFormatter.java:163)
	at java.logging/java.util.logging.StreamHandler.publish(StreamHandler.java:199)
	at java.logging/java.util.logging.ConsoleHandler.publish(ConsoleHandler.java:95)
	at java.logging/java.util.logging.Logger.log(Logger.java:983)
	at java.logging/java.util.logging.Logger.doLog(Logger.java:1010)
	at java.logging/java.util.logging.Logger.log(Logger.java:1033)
	at java.logging/java.util.logging.Logger.info(Logger.java:1806)
	at edu.yu.dbimpl.file.FileMgr.write(FileMgr.java:156)
	at edu.yu.dbimpl.log.LogMgr.flush(LogMgr.java:34)
	at edu.yu.dbimpl.log.LogMgr.iterator(LogMgr.java:40)
	at edu.yu.dbimpl.log.LogIterator.hasNext(LogIterator.java:22)
	at edu.yu.dbimpl.log.LogIterator.hasNext(LogIterator.java:22)
	at edu.yu.dbimpl.log.LogIterator.hasNext(LogIterator.java:22)
	at edu.yu.dbimpl.log.LogIterator.hasNext(LogIterator.java:22)
	at edu.yu.dbimpl.log.LogIterator.hasNext(LogIterator.java:22)
	at edu.yu.dbimpl.log.LogIterator.hasNext(LogIterator.java:22)
	at edu.yu.dbimpl.log.LogIterator.hasNext(LogIterator.java:22)
	at edu.yu.dbimpl.log.LogIterator.hasNext(LogIterator.java:22)
	at edu.yu.dbimpl.log.LogIterator.hasNext(LogIterator.java:22)
	at edu.yu.dbimpl.log.LogIterator.hasNext(LogIterator.java:22)
	at edu.yu.dbimpl.log.LogIterator.hasNext(LogIterator.java:22)
	at edu.yu.dbimpl.log.LogIterator.hasNext(LogIterator.java:22)
	at edu.yu.dbimpl.log.LogIterator.hasNext(LogIterator.java:22)
	at edu.yu.dbimpl.log.LogIterator.hasNext(LogIterator.java:22)
	at edu.yu.dbimpl.log.LogIterator.hasNext(LogIterator.java:22)
	at edu.yu.dbimpl.log.LogIterator.hasNext(LogIterator.java:22)
	at edu.yu.dbimpl.log.LogIterator.hasNext(LogIterator.java:22)
	at edu.yu.dbimpl.log.LogIterator.hasNext(LogIterator.java:22)
	at edu.yu.dbimpl.log.LogIterator.hasNext(LogIterator.java:22)
	at edu.yu.dbimpl.log.LogIterator.hasNext(LogIterator.java:22)
	at edu.yu.dbimpl.log.LogIterator.hasNext(LogIterator.java:22)
	at edu.yu.dbimpl.log.LogIterator.hasNext(LogIterator.java:22)
	at edu.yu.dbimpl.log.LogIterator.hasNext(LogIterator.java:22)
	at edu.yu.dbimpl.log.LogIterator.hasNext(LogIterator.java:22)
	at edu.yu.dbimpl.log.LogIterator.hasNext(LogIterator.java:22)
	at edu.yu.dbimpl.log.LogIterator.hasNext(LogIterator.java:22)
	at edu.yu.dbimpl.log.LogIterator.hasNext(LogIterator.java:22)
	at edu.yu.dbimpl.log.LogIterator.hasNext(LogIterator.java:22)
	at edu.yu.dbimpl.log.LogIterator.hasNext(LogIterator.java:22)
	at edu.yu.dbimpl.log.LogIterator.hasNext(LogIterator.java:22)
	at edu.yu.dbimpl.log.LogIterator.hasNext(LogIterator.java:22)
	at edu.yu.dbimpl.log.LogIterator.hasNext(LogIterator.java:22)
	at edu.yu.dbimpl.log.LogIterator.hasNext(LogIterator.java:22)
	at edu.yu.dbimpl.log.LogIterator.hasNext(LogIterator.java:22)
	at edu.yu.dbimpl.log.LogIterator.hasNext(LogIterator.java:22)
	at edu.yu.dbimpl.log.LogIterator.hasNext(LogIterator.java:22)
	at edu.yu.dbimpl.log.LogIterator.hasNext(LogIterator.java:22)
	at edu.yu.dbimpl.log.LogIterator.hasNext(LogIterator.java:22)
	at edu.yu.dbimpl.log.LogIterator.hasNext(LogIterator.java:22)
	at edu.yu.dbimpl.log.LogIterator.hasNext(LogIterator.java:22)
	at edu.yu.dbimpl.log.LogIterator.hasNext(LogIterator.java:22)
	at edu.yu.dbimpl.log.LogIterator.hasNext(LogIterator.java:22)
	at edu.yu.dbimpl.log.LogIterator.hasNext(LogIterator.java:22)
	at edu.yu.dbimpl.log.LogIterator.hasNext(LogIterator.java:22)
	at edu.yu.dbimpl.log.LogIterator.hasNext(LogIterator.java:22)
	at edu.yu.dbimpl.log.LogIterator.hasNext(LogIterator.java:22)
	at edu.yu.dbimpl.log.LogIterator.hasNext(LogIterator.java:22)
	at edu.yu.dbimpl.log.LogIterator.hasNext(LogIterator.java:22)
	at edu.yu.dbimpl.log.LogIterator.hasNext(LogIterator.java:22)
	at edu.yu.dbimpl.log.LogIterator.hasNext(LogIterator.java:22)
	at edu.yu.dbimpl.log.LogIterator.hasNext(LogIterator.java:22)
	at edu.yu.dbimpl.log.LogIterator.hasNext(LogIterator.java:22)
	at edu.yu.dbimpl.log.LogIterator.hasNext(LogIterator.java:22)
	at edu.yu.dbimpl.log.LogIterator.hasNext(LogIterator.java:22)
	at edu.yu.dbimpl.log.LogIterator.hasNext(LogIterator.java:22)
	at edu.yu.dbimpl.log.LogIterator.hasNext(LogIterator.java:22)
	at edu.yu.dbimpl.log.LogIterator.hasNext(LogIterator.java:22)
	at edu.yu.dbimpl.log.LogIterator.hasNext(LogIterator.java:22)
	at edu.yu.dbimpl.log.LogIterator.hasNext(LogIterator.java:22)
	at edu.yu.dbimpl.log.LogIterator.hasNext(LogIterator.java:22)
	at edu.yu.dbimpl.log.LogIterator.hasNext(LogIterator.java:22)
	at edu.yu.dbimpl.log.LogIterator.hasNext(LogIterator.java:22)
	at edu.yu.dbimpl.log.LogIterator.hasNext(LogIterator.java:22)
	at edu.yu.dbimpl.log.LogIterator.hasNext(LogIterator.java:22)
	at edu.yu.dbimpl.log.LogIterator.hasNext(LogIterator.java:22)
	at edu.yu.dbimpl.log.LogIterator.hasNext(LogIterator.java:22)
	at edu.yu.dbimpl.log.LogIterator.hasNext(LogIterator.java:22)
	at edu.yu.dbimpl.log.LogIterator.hasNext(LogIterator.java:22)
	at edu.yu.dbimpl.log.LogIterator.hasNext(LogIterator.java:22)
	at edu.yu.dbimpl.log.LogIterator.hasNext(LogIterator.java:22)
	at edu.yu.dbimpl.log.LogIterator.hasNext(LogIterator.java:22)
	at edu.yu.dbimpl.log.LogIterator.hasNext(LogIterator.java:22)
	at edu.yu.dbimpl.log.LogIterator.hasNext(LogIterator.java:22)
	at edu.yu.dbimpl.log.LogIterator.hasNext(LogIterator.java:22)
	at edu.yu.dbimpl.log.LogIterator.hasNext(LogIterator.java:22)
	at edu.yu.dbimpl.log.LogIterator.hasNext(LogIterator.java:22)
	at edu.yu.dbimpl.log.LogIterator.hasNext(LogIterator.java:22)
	at edu.yu.dbimpl.log.LogIterator.hasNext(LogIterator.java:22)
	at edu.yu.dbimpl.log.LogIterator.hasNext(LogIterator.java:22)
	at edu.yu.dbimpl.log.LogIterator.hasNext(LogIterator.java:22)
	at edu.yu.dbimpl.log.LogIterator.hasNext(LogIterator.java:22)
	at edu.yu.dbimpl.log.LogIterator.hasNext(LogIterator.java:22)
	at edu.yu.dbimpl.log.LogIterator.hasNext(LogIterator.java:22)
	at edu.yu.dbimpl.log.LogIterator.hasNext(LogIterator.java:22)
	at edu.yu.dbimpl.log.LogIterator.hasNext(LogIterator.java:22)
	at edu.yu.dbimpl.log.LogIterator.hasNext(LogIterator.java:22)
	at edu.yu.dbimpl.log.LogIterator.hasNext(LogIterator.java:22)
	at edu.yu.dbimpl.log.LogIterator.hasNext(LogIterator.java:22)
	at edu.yu.dbimpl.log.LogIterator.hasNext(LogIterator.java:22)
	at edu.yu.dbimpl.log.LogIterator.hasNext(LogIterator.java:22)
	at edu.yu.dbimpl.log.LogIterator.hasNext(LogIterator.java:22)
	at edu.yu.dbimpl.log.LogIterator.hasNext(LogIterator.java:22)
	at edu.yu.dbimpl.log.LogIterator.hasNext(LogIterator.java:22)
	at edu.yu.dbimpl.log.LogIterator.hasNext(LogIterator.java:22)
	at edu.yu.dbimpl.log.LogIterator.hasNext(LogIterator.java:22)
	at edu.yu.dbimpl.log.LogIterator.hasNext(LogIterator.java:22)
	at edu.yu.dbimpl.log.LogIterator.hasNext(LogIterator.java:22)
	at edu.yu.dbimpl.log.LogIterator.hasNext(LogIterator.java:22)
	at edu.yu.dbimpl.log.LogIterator.hasNext(LogIterator.java:22)
	at edu.yu.dbimpl.log.LogIterator.hasNext(LogIterator.java:22)
	at edu.yu.dbimpl.log.LogIterator.hasNext(LogIterator.java:22)
	at edu.yu.dbimpl.log.LogIterator.hasNext(LogIterator.java:22)
	at edu.yu.dbimpl.log.LogIterator.hasNext(LogIterator.java:22)
	at edu.yu.dbimpl.log.LogIterator.hasNext(LogIterator.java:22)
	at edu.yu.dbimpl.log.LogIterator.hasNext(LogIterator.java:22)
	at edu.yu.dbimpl.log.LogIterator.hasNext(LogIterator.java:22)
	at edu.yu.dbimpl.log.LogIterator.hasNext(LogIterator.java:22)
	at edu.yu.dbimpl.log.LogIterator.hasNext(LogIterator.java:22)
	at edu.yu.dbimpl.log.LogIterator.hasNext(LogIterator.java:22)
	at edu.yu.dbimpl.log.LogIterator.hasNext(LogIterator.java:22)
	at edu.yu.dbimpl.log.LogIterator.hasNext(LogIterator.java:22)
	at edu.yu.dbimpl.log.LogIterator.hasNext(LogIterator.java:22)
	at edu.yu.dbimpl.log.LogIterator.hasNext(LogIterator.java:22)
	at edu.yu.dbimpl.log.LogIterator.hasNext(LogIterator.java:22)
	at edu.yu.dbimpl.log.LogIterator.hasNext(LogIterator.java:22)
	at edu.yu.dbimpl.log.LogIterator.hasNext(LogIterator.java:22)
	at edu.yu.dbimpl.log.LogIterator.hasNext(LogIterator.java:22)
	at edu.yu.dbimpl.log.LogIterator.hasNext(LogIterator.java:22)
	at edu.yu.dbimpl.log.LogIterator.hasNext(LogIterator.java:22)
	at edu.yu.dbimpl.log.LogIterator.hasNext(LogIterator.java:22)
	at edu.yu.dbimpl.log.LogIterator.hasNext(LogIterator.java:22)
	at edu.yu.dbimpl.log.LogIterator.hasNext(LogIterator.java:22)
	at edu.yu.dbimpl.log.LogIterator.hasNext(LogIterator.java:22)
	at edu.yu.dbimpl.log.LogIterator.hasNext(LogIterator.java:22)
	at edu.yu.dbimpl.log.LogIterator.hasNext(LogIterator.java:22)
	at edu.yu.dbimpl.log.LogIterator.hasNext(LogIterator.java:22)
	at edu.yu.dbimpl.log.LogIterator.hasNext(LogIterator.java:22)
	at edu.yu.dbimpl.log.LogIterator.hasNext(LogIterator.java:22)
	at edu.yu.dbimpl.log.LogIterator.hasNext(LogIterator.java:22)
	at edu.yu.dbimpl.log.LogIterator.hasNext(LogIterator.java:22)
	at edu.yu.dbimpl.log.LogIterator.hasNext(LogIterator.java:22)
	at edu.yu.dbimpl.log.LogIterator.hasNext(LogIterator.java:22)
	at edu.yu.dbimpl.log.LogIterator.hasNext(LogIterator.java:22)
	at edu.yu.dbimpl.log.LogIterator.hasNext(LogIterator.java:22)
	at edu.yu.dbimpl.log.LogIterator.hasNext(LogIterator.java:22)
	at edu.yu.dbimpl.log.LogIterator.hasNext(LogIterator.java:22)
	at edu.yu.dbimpl.log.LogIterator.hasNext(LogIterator.java:22)
	at edu.yu.dbimpl.log.LogIterator.hasNext(LogIterator.java:22)
	at edu.yu.dbimpl.log.LogIterator.hasNext(LogIterator.java:22)
	at edu.yu.dbimpl.log.LogIterator.hasNext(LogIterator.java:22)
	at edu.yu.dbimpl.log.LogIterator.hasNext(LogIterator.java:22)
	at edu.yu.dbimpl.log.LogIterator.hasNext(LogIterator.java:22)
	at edu.yu.dbimpl.log.LogIterator.hasNext(LogIterator.java:22)
	at edu.yu.dbimpl.log.LogIterator.hasNext(LogIterator.java:22)
	at edu.yu.dbimpl.log.LogIterator.hasNext(LogIterator.java:22)
	at edu.yu.dbimpl.log.LogIterator.hasNext(LogIterator.java:22)
	at edu.yu.dbimpl.log.LogIterator.hasNext(LogIterator.java:22)
	at edu.yu.dbimpl.log.LogIterator.hasNext(LogIterator.java:22)
	at edu.yu.dbimpl.log.LogIterator.hasNext(LogIterator.java:22)
	at edu.yu.dbimpl.log.LogIterator.hasNext(LogIterator.java:22)
	at edu.yu.dbimpl.log.LogIterator.hasNext(LogIterator.java:22)
	at edu.yu.dbimpl.log.LogIterator.hasNext(LogIterator.java:22)
	at edu.yu.dbimpl.log.LogIterator.hasNext(LogIterator.java:22)
	at edu.yu.dbimpl.log.LogIterator.hasNext(LogIterator.java:22)
	at edu.yu.dbimpl.log.LogIterator.hasNext(LogIterator.java:22)
	at edu.yu.dbimpl.log.LogIterator.hasNext(LogIterator.java:22)
	at edu.yu.dbimpl.log.LogIterator.hasNext(LogIterator.java:22)
	at edu.yu.dbimpl.log.LogIterator.hasNext(LogIterator.java:22)
	at edu.yu.dbimpl.log.LogIterator.hasNext(LogIterator.java:22)
	at edu.yu.dbimpl.log.LogIterator.hasNext(LogIterator.java:22)
	at edu.yu.dbimpl.log.LogIterator.hasNext(LogIterator.java:22)
	at edu.yu.dbimpl.log.LogIterator.hasNext(LogIterator.java:22)
	at edu.yu.dbimpl.log.LogIterator.hasNext(LogIterator.java:22)
	at edu.yu.dbimpl.log.LogIterator.hasNext(LogIterator.java:22)
	at edu.yu.dbimpl.log.LogIterator.hasNext(LogIterator.java:22)
	at edu.yu.dbimpl.log.LogIterator.hasNext(LogIterator.java:22)
	at edu.yu.dbimpl.log.LogIterator.hasNext(LogIterator.java:22)
	at edu.yu.dbimpl.log.LogIterator.hasNext(LogIterator.java:22)
	at edu.yu.dbimpl.log.LogIterator.hasNext(LogIterator.java:22)
	at edu.yu.dbimpl.log.LogIterator.hasNext(LogIterator.java:22)
	at edu.yu.dbimpl.log.LogIterator.hasNext(LogIterator.java:22)
	at edu.yu.dbimpl.log.LogIterator.hasNext(LogIterator.java:22)
	at edu.yu.dbimpl.log.LogIterator.hasNext(LogIterator.java:22)
	at edu.yu.dbimpl.log.LogIterator.hasNext(LogIterator.java:22)
	at edu.yu.dbimpl.log.LogIterator.hasNext(LogIterator.java:22)
	at edu.yu.dbimpl.log.LogIterator.hasNext(LogIterator.java:22)
	at edu.yu.dbimpl.log.LogIterator.hasNext(LogIterator.java:22)
	at edu.yu.dbimpl.log.LogIterator.hasNext(LogIterator.java:22)
	at edu.yu.dbimpl.log.LogIterator.hasNext(LogIterator.java:22)
	at edu.yu.dbimpl.log.LogIterator.hasNext(LogIterator.java:22)
	at edu.yu.dbimpl.log.LogIterator.hasNext(LogIterator.java:22)
	at edu.yu.dbimpl.log.LogIterator.hasNext(LogIterator.java:22)
	at edu.yu.dbimpl.log.LogIterator.hasNext(LogIterator.java:22)
	at edu.yu.dbimpl.log.LogIterator.hasNext(LogIterator.java:22)
	at edu.yu.dbimpl.log.LogIterator.hasNext(LogIterator.java:22)
	at edu.yu.dbimpl.log.LogIterator.hasNext(LogIterator.java:22)
	at edu.yu.dbimpl.log.LogIterator.hasNext(LogIterator.java:22)
	at edu.yu.dbimpl.log.LogIterator.hasNext(LogIterator.java:22)
	at edu.yu.dbimpl.log.LogIterator.hasNext(LogIterator.java:22)
	at edu.yu.dbimpl.log.LogIterator.hasNext(LogIterator.java:22)
	at edu.yu.dbimpl.log.LogIterator.hasNext(LogIterator.java:22)
	at edu.yu.dbimpl.log.LogIterator.hasNext(LogIterator.java:22)
	at edu.yu.dbimpl.log.LogIterator.hasNext(LogIterator.java:22)
	at edu.yu.dbimpl.log.LogIterator.hasNext(LogIterator.java:22)
	at edu.yu.dbimpl.log.LogIterator.hasNext(LogIterator.java:22)
	at edu.yu.dbimpl.log.LogIterator.hasNext(LogIterator.java:22)
	at edu.yu.dbimpl.log.LogIterator.hasNext(LogIterator.java:22)
	at edu.yu.dbimpl.log.LogIterator.hasNext(LogIterator.java:22)
	at edu.yu.dbimpl.log.LogIterator.hasNext(LogIterator.java:22)
	at edu.yu.dbimpl.log.LogIterator.hasNext(LogIterator.java:22)
	at edu.yu.dbimpl.log.LogIterator.hasNext(LogIterator.java:22)
	at edu.yu.dbimpl.log.LogIterator.hasNext(LogIterator.java:22)
	at edu.yu.dbimpl.log.LogIterator.hasNext(LogIterator.java:22)
	at edu.yu.dbimpl.log.LogIterator.hasNext(LogIterator.java:22)
	at edu.yu.dbimpl.log.LogIterator.hasNext(LogIterator.java:22)
	at edu.yu.dbimpl.log.LogIterator.hasNext(LogIterator.java:22)
	at edu.yu.dbimpl.log.LogIterator.hasNext(LogIterator.java:22)
	at edu.yu.dbimpl.log.LogIterator.hasNext(LogIterator.java:22)
	at edu.yu.dbimpl.log.LogIterator.hasNext(LogIterator.java:22)
	at edu.yu.dbimpl.log.LogIterator.hasNext(LogIterator.java:22)
	at edu.yu.dbimpl.log.LogIterator.hasNext(LogIterator.java:22)
	at edu.yu.dbimpl.log.LogIterator.hasNext(LogIterator.java:22)
	at edu.yu.dbimpl.log.LogIterator.hasNext(LogIterator.java:22)
	at edu.yu.dbimpl.log.LogIterator.hasNext(LogIterator.java:22)
	at edu.yu.dbimpl.log.LogIterator.hasNext(LogIterator.java:22)
	at edu.yu.dbimpl.log.LogIterator.hasNext(LogIterator.java:22)
	at edu.yu.dbimpl.log.LogIterator.hasNext(LogIterator.java:22)
	at edu.yu.dbimpl.log.LogIterator.hasNext(LogIterator.java:22)
	at edu.yu.dbimpl.log.LogIterator.hasNext(LogIterator.java:22)
	at edu.yu.dbimpl.log.LogIterator.hasNext(LogIterator.java:22)
	at edu.yu.dbimpl.log.LogIterator.hasNext(LogIterator.java:22)
	at edu.yu.dbimpl.log.LogIterator.hasNext(LogIterator.java:22)
	at edu.yu.dbimpl.log.LogIterator.hasNext(LogIterator.java:22)
	at edu.yu.dbimpl.log.LogIterator.hasNext(LogIterator.java:22)
	at edu.yu.dbimpl.log.LogIterator.hasNext(LogIterator.java:22)
	at edu.yu.dbimpl.log.LogIterator.hasNext(LogIterator.java:22)
	at edu.yu.dbimpl.log.LogIterator.hasNext(LogIterator.java:22)
	at edu.yu.dbimpl.log.LogIterator.hasNext(LogIterator.java:22)
	at edu.yu.dbimpl.log.LogIterator.hasNext(LogIterator.java:22)
	at edu.yu.dbimpl.log.LogIterator.hasNext(LogIterator.java:22)
	at edu.yu.dbimpl.log.LogIterator.hasNext(LogIterator.java:22)
	at edu.yu.dbimpl.log.LogIterator.hasNext(LogIterator.java:22)
	at edu.yu.dbimpl.log.LogIterator.hasNext(LogIterator.java:22)
	at edu.yu.dbimpl.log.LogIterator.hasNext(LogIterator.java:22)
	at edu.yu.dbimpl.log.LogIterator.hasNext(LogIterator.java:22)
	at edu.yu.dbimpl.log.LogIterator.hasNext(LogIterator.java:22)
	at edu.yu.dbimpl.log.LogIterator.hasNext(LogIterator.java:22)
	at edu.yu.dbimpl.log.LogIterator.hasNext(LogIterator.java:22)
	at edu.yu.dbimpl.log.LogIterator.hasNext(LogIterator.java:22)
	at edu.yu.dbimpl.log.LogIterator.hasNext(LogIterator.java:22)
	at edu.yu.dbimpl.log.LogIterator.hasNext(LogIterator.java:22)
	at edu.yu.dbimpl.log.LogIterator.hasNext(LogIterator.java:22)
	at edu.yu.dbimpl.log.LogIterator.hasNext(LogIterator.java:22)
	at edu.yu.dbimpl.log.LogIterator.hasNext(LogIterator.java:22)
	at edu.yu.dbimpl.log.LogIterator.hasNext(LogIterator.java:22)
	at edu.yu.dbimpl.log.LogIterator.hasNext(LogIterator.java:22)
	at edu.yu.dbimpl.log.LogIterator.hasNext(LogIterator.java:22)
	at edu.yu.dbimpl.log.LogIterator.hasNext(LogIterator.java:22)
	at edu.yu.dbimpl.log.LogIterator.hasNext(LogIterator.java:22)
	at edu.yu.dbimpl.log.LogIterator.hasNext(LogIterator.java:22)
	at edu.yu.dbimpl.log.LogIterator.hasNext(LogIterator.java:22)
	at edu.yu.dbimpl.log.LogIterator.hasNext(LogIterator.java:22)
	at edu.yu.dbimpl.log.LogIterator.hasNext(LogIterator.java:22)
	at edu.yu.dbimpl.log.LogIterator.hasNext(LogIterator.java:22)
	at edu.yu.dbimpl.log.LogIterator.hasNext(LogIterator.java:22)
	at edu.yu.dbimpl.log.LogIterator.hasNext(LogIterator.java:22)
	at edu.yu.dbimpl.log.LogIterator.hasNext(LogIterator.java:22)
	at edu.yu.dbimpl.log.LogIterator.hasNext(LogIterator.java:22)
	at edu.yu.dbimpl.log.LogIterator.hasNext(LogIterator.java:22)
	at edu.yu.dbimpl.log.LogIterator.hasNext(LogIterator.java:22)
	at edu.yu.dbimpl.log.LogIterator.hasNext(LogIterator.java:22)
	at edu.yu.dbimpl.log.LogIterator.hasNext(LogIterator.java:22)
	at edu.yu.dbimpl.log.LogIterator.hasNext(LogIterator.java:22)
	at edu.yu.dbimpl.log.LogIterator.hasNext(LogIterator.java:22)
	at edu.yu.dbimpl.log.LogIterator.hasNext(LogIterator.java:22)
	at edu.yu.dbimpl.log.LogIterator.hasNext(LogIterator.java:22)
	at edu.yu.dbimpl.log.LogIterator.hasNext(LogIterator.java:22)
	at edu.yu.dbimpl.log.LogIterator.hasNext(LogIterator.java:22)
	at edu.yu.dbimpl.log.LogIterator.hasNext(LogIterator.java:22)
	at edu.yu.dbimpl.log.LogIterator.hasNext(LogIterator.java:22)
	at edu.yu.dbimpl.log.LogIterator.hasNext(LogIterator.java:22)
	at edu.yu.dbimpl.log.LogIterator.hasNext(LogIterator.java:22)
	at edu.yu.dbimpl.log.LogIterator.hasNext(LogIterator.java:22)
	at edu.yu.dbimpl.log.LogIterator.hasNext(LogIterator.java:22)
	at edu.yu.dbimpl.log.LogIterator.hasNext(LogIterator.java:22)
	at edu.yu.dbimpl.log.LogIterator.hasNext(LogIterator.java:22)
	at edu.yu.dbimpl.log.LogIterator.hasNext(LogIterator.java:22)
	at edu.yu.dbimpl.log.LogIterator.hasNext(LogIterator.java:22)
	at edu.yu.dbimpl.log.LogIterator.hasNext(LogIterator.java:22)
	at edu.yu.dbimpl.log.LogIterator.hasNext(LogIterator.java:22)
	at edu.yu.dbimpl.log.LogIterator.hasNext(LogIterator.java:22)
	at edu.yu.dbimpl.log.LogIterator.hasNext(LogIterator.java:22)
	at edu.yu.dbimpl.log.LogIterator.hasNext(LogIterator.java:22)
	at edu.yu.dbimpl.log.LogIterator.hasNext(LogIterator.java:22)
	at edu.yu.dbimpl.log.LogIterator.hasNext(LogIterator.java:22)
	at edu.yu.dbimpl.log.LogIterator.hasNext(LogIterator.java:22)
	at edu.yu.dbimpl.log.LogIterator.hasNext(LogIterator.java:22)
	at edu.yu.dbimpl.log.LogIterator.hasNext(LogIterator.java:22)
	at edu.yu.dbimpl.log.LogIterator.hasNext(LogIterator.java:22)
	at edu.yu.dbimpl.log.LogIterator.hasNext(LogIterator.java:22)
	at edu.yu.dbimpl.log.LogIterator.hasNext(LogIterator.java:22)
	at edu.yu.dbimpl.log.LogIterator.hasNext(LogIterator.java:22)
	at edu.yu.dbimpl.log.LogIterator.hasNext(LogIterator.java:22)
	at edu.yu.dbimpl.log.LogIterator.hasNext(LogIterator.java:22)
	at edu.yu.dbimpl.log.LogIterator.hasNext(LogIterator.java:22)
	at edu.yu.dbimpl.log.LogIterator.hasNext(LogIterator.java:22)
	at edu.yu.dbimpl.log.LogIterator.hasNext(LogIterator.java:22)
	at edu.yu.dbimpl.log.LogIterator.hasNext(LogIterator.java:22)
	at edu.yu.dbimpl.log.LogIterator.hasNext(LogIterator.java:22)
	at edu.yu.dbimpl.log.LogIterator.hasNext(LogIterator.java:22)
	at edu.yu.dbimpl.log.LogIterator.hasNext(LogIterator.java:22)
	at edu.yu.dbimpl.log.LogIterator.hasNext(LogIterator.java:22)
	at edu.yu.dbimpl.log.LogIterator.hasNext(LogIterator.java:22)
	at edu.yu.dbimpl.log.LogIterator.hasNext(LogIterator.java:22)
	at edu.yu.dbimpl.log.LogIterator.hasNext(LogIterator.java:22)
	at edu.yu.dbimpl.log.LogIterator.hasNext(LogIterator.java:22)
	at edu.yu.dbimpl.log.LogIterator.hasNext(LogIterator.java:22)
	at edu.yu.dbimpl.log.LogIterator.hasNext(LogIterator.java:22)
	at edu.yu.dbimpl.log.LogIterator.hasNext(LogIterator.java:22)
	at edu.yu.dbimpl.log.LogIterator.hasNext(LogIterator.java:22)
	at edu.yu.dbimpl.log.LogIterator.hasNext(LogIterator.java:22)
	at edu.yu.dbimpl.log.LogIterator.hasNext(LogIterator.java:22)
	at edu.yu.dbimpl.log.LogIterator.hasNext(LogIterator.java:22)
	at edu.yu.dbimpl.log.LogIterator.hasNext(LogIterator.java:22)
	at edu.yu.dbimpl.log.LogIterator.hasNext(LogIterator.java:22)
	at edu.yu.dbimpl.log.LogIterator.hasNext(LogIterator.java:22)
	at edu.yu.dbimpl.log.LogIterator.hasNext(LogIterator.java:22)
	at edu.yu.dbimpl.log.LogIterator.hasNext(LogIterator.java:22)
	at edu.yu.dbimpl.log.LogIterator.hasNext(LogIterator.java:22)
	at edu.yu.dbimpl.log.LogIterator.hasNext(LogIterator.java:22)
	at edu.yu.dbimpl.log.LogIterator.hasNext(LogIterator.java:22)
	at edu.yu.dbimpl.log.LogIterator.hasNext(LogIterator.java:22)
	at edu.yu.dbimpl.log.LogIterator.hasNext(LogIterator.java:22)
	at edu.yu.dbimpl.log.LogIterator.hasNext(LogIterator.java:22)
	at edu.yu.dbimpl.log.LogIterator.hasNext(LogIterator.java:22)
	at edu.yu.dbimpl.log.LogIterator.hasNext(LogIterator.java:22)
	at edu.yu.dbimpl.log.LogIterator.hasNext(LogIterator.java:22)
	at edu.yu.dbimpl.log.LogIterator.hasNext(LogIterator.java:22)
	at edu.yu.dbimpl.log.LogIterator.hasNext(LogIterator.java:22)
	at edu.yu.dbimpl.log.LogIterator.hasNext(LogIterator.java:22)
	at edu.yu.dbimpl.log.LogIterator.hasNext(LogIterator.java:22)
	at edu.yu.dbimpl.log.LogIterator.hasNext(LogIterator.java:22)
	at edu.yu.dbimpl.log.LogIterator.hasNext(LogIterator.java:22)
	at edu.yu.dbimpl.log.LogIterator.hasNext(LogIterator.java:22)
	at edu.yu.dbimpl.log.LogIterator.hasNext(LogIterator.java:22)
	at edu.yu.dbimpl.log.LogIterator.hasNext(LogIterator.java:22)
	at edu.yu.dbimpl.log.LogIterator.hasNext(LogIterator.java:22)
	at edu.yu.dbimpl.log.LogIterator.hasNext(LogIterator.java:22)
	at edu.yu.dbimpl.log.LogIterator.hasNext(LogIterator.java:22)
	at edu.yu.dbimpl.log.LogIterator.hasNext(LogIterator.java:22)
	at edu.yu.dbimpl.log.LogIterator.hasNext(LogIterator.java:22)
	at edu.yu.dbimpl.log.LogIterator.hasNext(LogIterator.java:22)
	at edu.yu.dbimpl.log.LogIterator.hasNext(LogIterator.java:22)
	at edu.yu.dbimpl.log.LogIterator.hasNext(LogIterator.java:22)
	at edu.yu.dbimpl.log.LogIterator.hasNext(LogIterator.java:22)
	at edu.yu.dbimpl.log.LogIterator.hasNext(LogIterator.java:22)
	at edu.yu.dbimpl.log.LogIterator.hasNext(LogIterator.java:22)
	at edu.yu.dbimpl.log.LogIterator.hasNext(LogIterator.java:22)
	at edu.yu.dbimpl.log.LogIterator.hasNext(LogIterator.java:22)
	at edu.yu.dbimpl.log.LogIterator.hasNext(LogIterator.java:22)
	at edu.yu.dbimpl.log.LogIterator.hasNext(LogIterator.java:22)
	at edu.yu.dbimpl.log.LogIterator.hasNext(LogIterator.java:22)
	at edu.yu.dbimpl.log.LogIterator.hasNext(LogIterator.java:22)
	at edu.yu.dbimpl.log.LogIterator.hasNext(LogIterator.java:22)
	at edu.yu.dbimpl.log.LogIterator.hasNext(LogIterator.java:22)
	at edu.yu.dbimpl.log.LogIterator.hasNext(LogIterator.java:22)
	at edu.yu.dbimpl.log.LogIterator.hasNext(LogIterator.java:22)
	at edu.yu.dbimpl.log.LogIterator.hasNext(LogIterator.java:22)
	at edu.yu.dbimpl.log.LogIterator.hasNext(LogIterator.java:22)
	at edu.yu.dbimpl.log.LogIterator.hasNext(LogIterator.java:22)
	at edu.yu.dbimpl.log.LogIterator.hasNext(LogIterator.java:22)
	at edu.yu.dbimpl.log.LogIterator.hasNext(LogIterator.java:22)
	at edu.yu.dbimpl.log.LogIterator.hasNext(LogIterator.java:22)
	at edu.yu.dbimpl.log.LogIterator.hasNext(LogIterator.java:22)
	at edu.yu.dbimpl.log.LogIterator.hasNext(LogIterator.java:22)
	at edu.yu.dbimpl.log.LogIterator.hasNext(LogIterator.java:22)
	at edu.yu.dbimpl.log.LogIterator.hasNext(LogIterator.java:22)
	at edu.yu.dbimpl.log.LogIterator.hasNext(LogIterator.java:22)
	at edu.yu.dbimpl.log.LogIterator.hasNext(LogIterator.java:22)
	at edu.yu.dbimpl.log.LogIterator.hasNext(LogIterator.java:22)
	at edu.yu.dbimpl.log.LogIterator.hasNext(LogIterator.java:22)
	at edu.yu.dbimpl.log.LogIterator.hasNext(LogIterator.java:22)
	at edu.yu.dbimpl.log.LogIterator.hasNext(LogIterator.java:22)
	at edu.yu.dbimpl.log.LogIterator.hasNext(LogIterator.java:22)
	at edu.yu.dbimpl.log.LogIterator.hasNext(LogIterator.java:22)
	at edu.yu.dbimpl.log.LogIterator.hasNext(LogIterator.java:22)
	at edu.yu.dbimpl.log.LogIterator.hasNext(LogIterator.java:22)
	at edu.yu.dbimpl.log.LogIterator.hasNext(LogIterator.java:22)
	at edu.yu.dbimpl.log.LogIterator.hasNext(LogIterator.java:22)
	at edu.yu.dbimpl.log.LogIterator.hasNext(LogIterator.java:22)
	at edu.yu.dbimpl.log.LogIterator.hasNext(LogIterator.java:22)
	at edu.yu.dbimpl.log.LogIterator.hasNext(LogIterator.java:22)
	at edu.yu.dbimpl.log.LogIterator.hasNext(LogIterator.java:22)
	at edu.yu.dbimpl.log.LogIterator.hasNext(LogIterator.java:22)
	at edu.yu.dbimpl.log.LogIterator.hasNext(LogIterator.java:22)
	at edu.yu.dbimpl.log.LogIterator.hasNext(LogIterator.java:22)
	at edu.yu.dbimpl.log.LogIterator.hasNext(LogIterator.java:22)
	at edu.yu.dbimpl.log.LogIterator.hasNext(LogIterator.java:22)
	at edu.yu.dbimpl.log.LogIterator.hasNext(LogIterator.java:22)
	at edu.yu.dbimpl.log.LogIterator.hasNext(LogIterator.java:22)
	at edu.yu.dbimpl.log.LogIterator.hasNext(LogIterator.java:22)
	at edu.yu.dbimpl.log.LogIterator.hasNext(LogIterator.java:22)
	at edu.yu.dbimpl.log.LogIterator.hasNext(LogIterator.java:22)
	at edu.yu.dbimpl.log.LogIterator.hasNext(LogIterator.java:22)
	at edu.yu.dbimpl.log.LogIterator.hasNext(LogIterator.java:22)
	at edu.yu.dbimpl.log.LogIterator.hasNext(LogIterator.java:22)
	at edu.yu.dbimpl.log.LogIterator.hasNext(LogIterator.java:22)
	at edu.yu.dbimpl.log.LogIterator.hasNext(LogIterator.java:22)
	at edu.yu.dbimpl.log.LogIterator.hasNext(LogIterator.java:22)
	at edu.yu.dbimpl.log.LogIterator.hasNext(LogIterator.java:22)
	at edu.yu.dbimpl.log.LogIterator.hasNext(LogIterator.java:22)
	at edu.yu.dbimpl.log.LogIterator.hasNext(LogIterator.java:22)
	at edu.yu.dbimpl.log.LogIterator.hasNext(LogIterator.java:22)
	at edu.yu.dbimpl.log.LogIterator.hasNext(LogIterator.java:22)
	at edu.yu.dbimpl.log.LogIterator.hasNext(LogIterator.java:22)
	at edu.yu.dbimpl.log.LogIterator.hasNext(LogIterator.java:22)
	at edu.yu.dbimpl.log.LogIterator.hasNext(LogIterator.java:22)
	at edu.yu.dbimpl.log.LogIterator.hasNext(LogIterator.java:22)
	at edu.yu.dbimpl.log.LogIterator.hasNext(LogIterator.java:22)
	at edu.yu.dbimpl.log.LogIterator.hasNext(LogIterator.java:22)
	at edu.yu.dbimpl.log.LogIterator.hasNext(LogIterator.java:22)
	at edu.yu.dbimpl.log.LogIterator.hasNext(LogIterator.java:22)
	at edu.yu.dbimpl.log.LogIterator.hasNext(LogIterator.java:22)
	at edu.yu.dbimpl.log.LogIterator.hasNext(LogIterator.java:22)
	at edu.yu.dbimpl.log.LogIterator.hasNext(LogIterator.java:22)
	at edu.yu.dbimpl.log.LogIterator.hasNext(LogIterator.java:22)
	at edu.yu.dbimpl.log.LogIterator.hasNext(LogIterator.java:22)
	at edu.yu.dbimpl.log.LogIterator.hasNext(LogIterator.java:22)
	at edu.yu.dbimpl.log.LogIterator.hasNext(LogIterator.java:22)
	at edu.yu.dbimpl.log.LogIterator.hasNext(LogIterator.java:22)
	at edu.yu.dbimpl.log.LogIterator.hasNext(LogIterator.java:22)
	at edu.yu.dbimpl.log.LogIterator.hasNext(LogIterator.java:22)
	at edu.yu.dbimpl.log.LogIterator.hasNext(LogIterator.java:22)
	at edu.yu.dbimpl.log.LogIterator.hasNext(LogIterator.java:22)
	at edu.yu.dbimpl.log.LogIterator.hasNext(LogIterator.java:22)
	at edu.yu.dbimpl.log.LogIterator.hasNext(LogIterator.java:22)
	at edu.yu.dbimpl.log.LogIterator.hasNext(LogIterator.java:22)
	at edu.yu.dbimpl.log.LogIterator.hasNext(LogIterator.java:22)
	at edu.yu.dbimpl.log.LogIterator.hasNext(LogIterator.java:22)
	at edu.yu.dbimpl.log.LogIterator.hasNext(LogIterator.java:22)
	at edu.yu.dbimpl.log.LogIterator.hasNext(LogIterator.java:22)
	at edu.yu.dbimpl.log.LogIterator.hasNext(LogIterator.java:22)
	at edu.yu.dbimpl.log.LogIterator.hasNext(LogIterator.java:22)
	at edu.yu.dbimpl.log.LogIterator.hasNext(LogIterator.java:22)
	at edu.yu.dbimpl.log.LogIterator.hasNext(LogIterator.java:22)
	at edu.yu.dbimpl.log.LogIterator.hasNext(LogIterator.java:22)
	at edu.yu.dbimpl.log.LogIterator.hasNext(LogIterator.java:22)
	at edu.yu.dbimpl.log.LogIterator.hasNext(LogIterator.java:22)
	at edu.yu.dbimpl.log.LogIterator.hasNext(LogIterator.java:22)
	at edu.yu.dbimpl.log.LogIterator.hasNext(LogIterator.java:22)
	at edu.yu.dbimpl.log.LogIterator.hasNext(LogIterator.java:22)
	at edu.yu.dbimpl.log.LogIterator.hasNext(LogIterator.java:22)
	at edu.yu.dbimpl.log.LogIterator.hasNext(LogIterator.java:22)
	at edu.yu.dbimpl.log.LogIterator.hasNext(LogIterator.java:22)
	at edu.yu.dbimpl.log.LogIterator.hasNext(LogIterator.java:22)
	at edu.yu.dbimpl.log.LogIterator.hasNext(LogIterator.java:22)
	at edu.yu.dbimpl.log.LogIterator.hasNext(LogIterator.java:22)
	at edu.yu.dbimpl.log.LogIterator.hasNext(LogIterator.java:22)
	at edu.yu.dbimpl.log.LogIterator.hasNext(LogIterator.java:22)
	at edu.yu.dbimpl.log.LogIterator.hasNext(LogIterator.java:22)
	at edu.yu.dbimpl.log.LogIterator.hasNext(LogIterator.java:22)
	at edu.yu.dbimpl.log.LogIterator.hasNext(LogIterator.java:22)
	at edu.yu.dbimpl.log.LogIterator.hasNext(LogIterator.java:22)
	at edu.yu.dbimpl.log.LogIterator.hasNext(LogIterator.java:22)
	at edu.yu.dbimpl.log.LogIterator.hasNext(LogIterator.java:22)
	at edu.yu.dbimpl.log.LogIterator.hasNext(LogIterator.java:22)
	at edu.yu.dbimpl.log.LogIterator.hasNext(LogIterator.java:22)
	at edu.yu.dbimpl.log.LogIterator.hasNext(LogIterator.java:22)
	at edu.yu.dbimpl.log.LogIterator.hasNext(LogIterator.java:22)
	at edu.yu.dbimpl.log.LogIterator.hasNext(LogIterator.java:22)
	at edu.yu.dbimpl.log.LogIterator.hasNext(LogIterator.java:22)
	at edu.yu.dbimpl.log.LogIterator.hasNext(LogIterator.java:22)
	at edu.yu.dbimpl.log.LogIterator.hasNext(LogIterator.java:22)
	at edu.yu.dbimpl.log.LogIterator.hasNext(LogIterator.java:22)
	at edu.yu.dbimpl.log.LogIterator.hasNext(LogIterator.java:22)
	at edu.yu.dbimpl.log.LogIterator.hasNext(LogIterator.java:22)
	at edu.yu.dbimpl.log.LogIterator.hasNext(LogIterator.java:22)
	at edu.yu.dbimpl.log.LogIterator.hasNext(LogIterator.java:22)
	at edu.yu.dbimpl.log.LogIterator.hasNext(LogIterator.java:22)
	at edu.yu.dbimpl.log.LogIterator.hasNext(LogIterator.java:22)
	at edu.yu.dbimpl.log.LogIterator.hasNext(LogIterator.java:22)
	at edu.yu.dbimpl.log.LogIterator.hasNext(LogIterator.java:22)
	at edu.yu.dbimpl.log.LogIterator.hasNext(LogIterator.java:22)
	at edu.yu.dbimpl.log.LogIterator.hasNext(LogIterator.java:22)
	at edu.yu.dbimpl.log.LogIterator.hasNext(LogIterator.java:22)
	at edu.yu.dbimpl.log.LogIterator.hasNext(LogIterator.java:22)
	at edu.yu.dbimpl.log.LogIterator.hasNext(LogIterator.java:22)
	at edu.yu.dbimpl.log.LogIterator.hasNext(LogIterator.java:22)
	at edu.yu.dbimpl.log.LogIterator.hasNext(LogIterator.java:22)
	at edu.yu.dbimpl.log.LogIterator.hasNext(LogIterator.java:22)
	at edu.yu.dbimpl.log.LogIterator.hasNext(LogIterator.java:22)
	at edu.yu.dbimpl.log.LogIterator.hasNext(LogIterator.java:22)
	at edu.yu.dbimpl.log.LogIterator.hasNext(LogIterator.java:22)
	at edu.yu.dbimpl.log.LogIterator.hasNext(LogIterator.java:22)
	at edu.yu.dbimpl.log.LogIterator.hasNext(LogIterator.java:22)
	at edu.yu.dbimpl.log.LogIterator.hasNext(LogIterator.java:22)
	at edu.yu.dbimpl.log.LogIterator.hasNext(LogIterator.java:22)
	at edu.yu.dbimpl.log.LogIterator.hasNext(LogIterator.java:22)
	at edu.yu.dbimpl.log.LogIterator.hasNext(LogIterator.java:22)
	at edu.yu.dbimpl.log.LogIterator.hasNext(LogIterator.java:22)
	at edu.yu.dbimpl.log.LogIterator.hasNext(LogIterator.java:22)
	at edu.yu.dbimpl.log.LogIterator.hasNext(LogIterator.java:22)
	at edu.yu.dbimpl.log.LogIterator.hasNext(LogIterator.java:22)
	at edu.yu.dbimpl.log.LogIterator.hasNext(LogIterator.java:22)
	at edu.yu.dbimpl.log.LogIterator.hasNext(LogIterator.java:22)
	at edu.yu.dbimpl.log.LogIterator.hasNext(LogIterator.java:22)
	at edu.yu.dbimpl.log.LogIterator.hasNext(LogIterator.java:22)
	at edu.yu.dbimpl.log.LogIterator.hasNext(LogIterator.java:22)
	at edu.yu.dbimpl.log.LogIterator.hasNext(LogIterator.java:22)
	at edu.yu.dbimpl.log.LogIterator.hasNext(LogIterator.java:22)
	at edu.yu.dbimpl.log.LogIterator.hasNext(LogIterator.java:22)
	at edu.yu.dbimpl.log.LogIterator.hasNext(LogIterator.java:22)
	at edu.yu.dbimpl.log.LogIterator.hasNext(LogIterator.java:22)
	at edu.yu.dbimpl.log.LogIterator.hasNext(LogIterator.java:22)
	at edu.yu.dbimpl.log.LogIterator.hasNext(LogIterator.java:22)
	at edu.yu.dbimpl.log.LogIterator.hasNext(LogIterator.java:22)
	at edu.yu.dbimpl.log.LogIterator.hasNext(LogIterator.java:22)
	at edu.yu.dbimpl.log.LogIterator.hasNext(LogIterator.java:22)
	at edu.yu.dbimpl.log.LogIterator.hasNext(LogIterator.java:22)
	at edu.yu.dbimpl.log.LogIterator.hasNext(LogIterator.java:22)
	at edu.yu.dbimpl.log.LogIterator.hasNext(LogIterator.java:22)
	at edu.yu.dbimpl.log.LogIterator.hasNext(LogIterator.java:22)
	at edu.yu.dbimpl.log.LogIterator.hasNext(LogIterator.java:22)
	at edu.yu.dbimpl.log.LogIterator.hasNext(LogIterator.java:22)
	at edu.yu.dbimpl.log.LogIterator.hasNext(LogIterator.java:22)
	at edu.yu.dbimpl.log.LogIterator.hasNext(LogIterator.java:22)
	at edu.yu.dbimpl.log.LogIterator.hasNext(LogIterator.java:22)
	at edu.yu.dbimpl.log.LogIterator.hasNext(LogIterator.java:22)
	at edu.yu.dbimpl.log.LogIterator.hasNext(LogIterator.java:22)
	at edu.yu.dbimpl.log.LogIterator.hasNext(LogIterator.java:22)
	at edu.yu.dbimpl.log.LogIterator.hasNext(LogIterator.java:22)
	at edu.yu.dbimpl.log.LogIterator.hasNext(LogIterator.java:22)
	at edu.yu.dbimpl.log.LogIterator.hasNext(LogIterator.java:22)
	at edu.yu.dbimpl.log.LogIterator.hasNext(LogIterator.java:22)
	at edu.yu.dbimpl.log.LogIterator.hasNext(LogIterator.java:22)
	at edu.yu.dbimpl.log.LogIterator.hasNext(LogIterator.java:22)
	at edu.yu.dbimpl.log.LogIterator.hasNext(LogIterator.java:22)
	at edu.yu.dbimpl.log.LogIterator.hasNext(LogIterator.java:22)
	at edu.yu.dbimpl.log.LogIterator.hasNext(LogIterator.java:22)
	at edu.yu.dbimpl.log.LogIterator.hasNext(LogIterator.java:22)
	at edu.yu.dbimpl.log.LogIterator.hasNext(LogIterator.java:22)
	at edu.yu.dbimpl.log.LogIterator.hasNext(LogIterator.java:22)
	at edu.yu.dbimpl.log.LogIterator.hasNext(LogIterator.java:22)
	at edu.yu.dbimpl.log.LogIterator.hasNext(LogIterator.java:22)
	at edu.yu.dbimpl.log.LogIterator.hasNext(LogIterator.java:22)
	at edu.yu.dbimpl.log.LogIterator.hasNext(LogIterator.java:22)
	at edu.yu.dbimpl.log.LogIterator.hasNext(LogIterator.java:22)
	at edu.yu.dbimpl.log.LogIterator.hasNext(LogIterator.java:22)
	at edu.yu.dbimpl.log.LogIterator.hasNext(LogIterator.java:22)
	at edu.yu.dbimpl.log.LogIterator.hasNext(LogIterator.java:22)
	at edu.yu.dbimpl.log.LogIterator.hasNext(LogIterator.java:22)
	at edu.yu.dbimpl.log.LogIterator.hasNext(LogIterator.java:22)
	at edu.yu.dbimpl.log.LogIterator.hasNext(LogIterator.java:22)
	at edu.yu.dbimpl.log.LogIterator.hasNext(LogIterator.java:22)
	at edu.yu.dbimpl.log.LogIterator.hasNext(LogIterator.java:22)
	at edu.yu.dbimpl.log.LogIterator.hasNext(LogIterator.java:22)
	at edu.yu.dbimpl.log.LogIterator.hasNext(LogIterator.java:22)
	at edu.yu.dbimpl.log.LogIterator.hasNext(LogIterator.java:22)
	at edu.yu.dbimpl.log.LogIterator.hasNext(LogIterator.java:22)
	at edu.yu.dbimpl.log.LogIterator.hasNext(LogIterator.java:22)
	at edu.yu.dbimpl.log.LogIterator.hasNext(LogIterator.java:22)
	at edu.yu.dbimpl.log.LogIterator.hasNext(LogIterator.java:22)
	at edu.yu.dbimpl.log.LogIterator.hasNext(LogIterator.java:22)
	at edu.yu.dbimpl.log.LogIterator.hasNext(LogIterator.java:22)
	at edu.yu.dbimpl.log.LogIterator.hasNext(LogIterator.java:22)
	at edu.yu.dbimpl.log.LogIterator.hasNext(LogIterator.java:22)
	at edu.yu.dbimpl.log.LogIterator.hasNext(LogIterator.java:22)
	at edu.yu.dbimpl.log.LogIterator.hasNext(LogIterator.java:22)
	at edu.yu.dbimpl.log.LogIterator.hasNext(LogIterator.java:22)
	at edu.yu.dbimpl.log.LogIterator.hasNext(LogIterator.java:22)
	at edu.yu.dbimpl.log.LogIterator.hasNext(LogIterator.java:22)
	at edu.yu.dbimpl.log.LogIterator.hasNext(LogIterator.java:22)
	at edu.yu.dbimpl.log.LogIterator.hasNext(LogIterator.java:22)
	at edu.yu.dbimpl.log.LogIterator.hasNext(LogIterator.java:22)
	at edu.yu.dbimpl.log.LogIterator.hasNext(LogIterator.java:22)
	at edu.yu.dbimpl.log.LogIterator.hasNext(LogIterator.java:22)
	at edu.yu.dbimpl.log.LogIterator.hasNext(LogIterator.java:22)
	at edu.yu.dbimpl.log.LogIterator.hasNext(LogIterator.java:22)
	at edu.yu.dbimpl.log.LogIterator.hasNext(LogIterator.java:22)
	at edu.yu.dbimpl.log.LogIterator.hasNext(LogIterator.java:22)
	at edu.yu.dbimpl.log.LogIterator.hasNext(LogIterator.java:22)
	at edu.yu.dbimpl.log.LogIterator.hasNext(LogIterator.java:22)
	at edu.yu.dbimpl.log.LogIterator.hasNext(LogIterator.java:22)
	at edu.yu.dbimpl.log.LogIterator.hasNext(LogIterator.java:22)
	at edu.yu.dbimpl.log.LogIterator.hasNext(LogIterator.java:22)
	at edu.yu.dbimpl.log.LogIterator.hasNext(LogIterator.java:22)
	at edu.yu.dbimpl.log.LogIterator.hasNext(LogIterator.java:22)
	at edu.yu.dbimpl.log.LogIterator.hasNext(LogIterator.java:22)
	at edu.yu.dbimpl.log.LogIterator.hasNext(LogIterator.java:22)
	at edu.yu.dbimpl.log.LogIterator.hasNext(LogIterator.java:22)
	at edu.yu.dbimpl.log.LogIterator.hasNext(LogIterator.java:22)
	at edu.yu.dbimpl.log.LogIterator.hasNext(LogIterator.java:22)
	at edu.yu.dbimpl.log.LogIterator.hasNext(LogIterator.java:22)
	at edu.yu.dbimpl.log.LogIterator.hasNext(LogIterator.java:22)
	at edu.yu.dbimpl.log.LogIterator.hasNext(LogIterator.java:22)
	at edu.yu.dbimpl.log.LogIterator.hasNext(LogIterator.java:22)
	at edu.yu.dbimpl.log.LogIterator.hasNext(LogIterator.java:22)
	at edu.yu.dbimpl.log.LogIterator.hasNext(LogIterator.java:22)
	at edu.yu.dbimpl.log.LogIterator.hasNext(LogIterator.java:22)
	at edu.yu.dbimpl.log.LogIterator.hasNext(LogIterator.java:22)
	at edu.yu.dbimpl.log.LogIterator.hasNext(LogIterator.java:22)
	at edu.yu.dbimpl.log.LogIterator.hasNext(LogIterator.java:22)
	at edu.yu.dbimpl.log.LogIterator.hasNext(LogIterator.java:22)
	at edu.yu.dbimpl.log.LogIterator.hasNext(LogIterator.java:22)
	at edu.yu.dbimpl.log.LogIterator.hasNext(LogIterator.java:22)
	at edu.yu.dbimpl.log.LogIterator.hasNext(LogIterator.java:22)
	at edu.yu.dbimpl.log.LogIterator.hasNext(LogIterator.java:22)
	at edu.yu.dbimpl.log.LogIterator.hasNext(LogIterator.java:22)
	at edu.yu.dbimpl.log.LogIterator.hasNext(LogIterator.java:22)
	at edu.yu.dbimpl.log.LogIterator.hasNext(LogIterator.java:22)
	at edu.yu.dbimpl.log.LogIterator.hasNext(LogIterator.java:22)
	at edu.yu.dbimpl.log.LogIterator.hasNext(LogIterator.java:22)
	at edu.yu.dbimpl.log.LogIterator.hasNext(LogIterator.java:22)
	at edu.yu.dbimpl.log.LogIterator.hasNext(LogIterator.java:22)
	at edu.yu.dbimpl.log.LogIterator.hasNext(LogIterator.java:22)
	at edu.yu.dbimpl.log.LogIterator.hasNext(LogIterator.java:22)
	at edu.yu.dbimpl.log.LogIterator.hasNext(LogIterator.java:22)
	at edu.yu.dbimpl.log.LogIterator.hasNext(LogIterator.java:22)
	at edu.yu.dbimpl.log.LogIterator.hasNext(LogIterator.java:22)
	at edu.yu.dbimpl.log.LogIterator.hasNext(LogIterator.java:22)
	at edu.yu.dbimpl.log.LogIterator.hasNext(LogIterator.java:22)
	at edu.yu.dbimpl.log.LogIterator.hasNext(LogIterator.java:22)
	at edu.yu.dbimpl.log.LogIterator.hasNext(LogIterator.java:22)
	at edu.yu.dbimpl.log.LogIterator.hasNext(LogIterator.java:22)
	at edu.yu.dbimpl.log.LogIterator.hasNext(LogIterator.java:22)
	at edu.yu.dbimpl.log.LogIterator.hasNext(LogIterator.java:22)
	at edu.yu.dbimpl.log.LogIterator.hasNext(LogIterator.java:22)
	at edu.yu.dbimpl.log.LogIterator.hasNext(LogIterator.java:22)
	at edu.yu.dbimpl.log.LogIterator.hasNext(LogIterator.java:22)
	at edu.yu.dbimpl.log.LogIterator.hasNext(LogIterator.java:22)
	at edu.yu.dbimpl.log.LogIterator.hasNext(LogIterator.java:22)
	at edu.yu.dbimpl.log.LogIterator.hasNext(LogIterator.java:22)
	at edu.yu.dbimpl.log.LogIterator.hasNext(LogIterator.java:22)
	at edu.yu.dbimpl.log.LogIterator.hasNext(LogIterator.java:22)
	at edu.yu.dbimpl.log.LogIterator.hasNext(LogIterator.java:22)
	at edu.yu.dbimpl.log.LogIterator.hasNext(LogIterator.java:22)
	at edu.yu.dbimpl.log.LogIterator.hasNext(LogIterator.java:22)
	at edu.yu.dbimpl.log.LogIterator.hasNext(LogIterator.java:22)
	at edu.yu.dbimpl.log.LogIterator.hasNext(LogIterator.java:22)
	at edu.yu.dbimpl.log.LogIterator.hasNext(LogIterator.java:22)
	at edu.yu.dbimpl.log.LogIterator.hasNext(LogIterator.java:22)
	at edu.yu.dbimpl.log.LogIterator.hasNext(LogIterator.java:22)
	at edu.yu.dbimpl.log.LogIterator.hasNext(LogIterator.java:22)
	at edu.yu.dbimpl.log.LogIterator.hasNext(LogIterator.java:22)
	at edu.yu.dbimpl.log.LogIterator.hasNext(LogIterator.java:22)
	at edu.yu.dbimpl.log.LogIterator.hasNext(LogIterator.java:22)
	at edu.yu.dbimpl.log.LogIterator.hasNext(LogIterator.java:22)
	at edu.yu.dbimpl.log.LogIterator.hasNext(LogIterator.java:22)
	at edu.yu.dbimpl.log.LogIterator.hasNext(LogIterator.java:22)
	at edu.yu.dbimpl.log.LogIterator.hasNext(LogIterator.java:22)
	at edu.yu.dbimpl.log.LogIterator.hasNext(LogIterator.java:22)
	at edu.yu.dbimpl.log.LogIterator.hasNext(LogIterator.java:22)
	at edu.yu.dbimpl.log.LogIterator.hasNext(LogIterator.java:22)
	at edu.yu.dbimpl.log.LogIterator.hasNext(LogIterator.java:22)
	at edu.yu.dbimpl.log.LogIterator.hasNext(LogIterator.java:22)
	at edu.yu.dbimpl.log.LogIterator.hasNext(LogIterator.java:22)
	at edu.yu.dbimpl.log.LogIterator.hasNext(LogIterator.java:22)
	at edu.yu.dbimpl.log.LogIterator.hasNext(LogIterator.java:22)
	at edu.yu.dbimpl.log.LogIterator.hasNext(LogIterator.java:22)
	at edu.yu.dbimpl.log.LogIterator.hasNext(LogIterator.java:22)
	at edu.yu.dbimpl.log.LogIterator.hasNext(LogIterator.java:22)
	at edu.yu.dbimpl.log.LogIterator.hasNext(LogIterator.java:22)
	at edu.yu.dbimpl.log.LogIterator.hasNext(LogIterator.java:22)
	at edu.yu.dbimpl.log.LogIterator.hasNext(LogIterator.java:22)
	at edu.yu.dbimpl.log.LogIterator.hasNext(LogIterator.java:22)
	at edu.yu.dbimpl.log.LogIterator.hasNext(LogIterator.java:22)
	at edu.yu.dbimpl.log.LogIterator.hasNext(LogIterator.java:22)
	at edu.yu.dbimpl.log.LogIterator.hasNext(LogIterator.java:22)
	at edu.yu.dbimpl.log.LogIterator.hasNext(LogIterator.java:22)
	at edu.yu.dbimpl.log.LogIterator.hasNext(LogIterator.java:22)
	at edu.yu.dbimpl.log.LogIterator.hasNext(LogIterator.java:22)
	at edu.yu.dbimpl.log.LogIterator.hasNext(LogIterator.java:22)
	at edu.yu.dbimpl.log.LogIterator.hasNext(LogIterator.java:22)
	at edu.yu.dbimpl.log.LogIterator.hasNext(LogIterator.java:22)
	at edu.yu.dbimpl.log.LogIterator.hasNext(LogIterator.java:22)
	at edu.yu.dbimpl.log.LogIterator.hasNext(LogIterator.java:22)
	at edu.yu.dbimpl.log.LogIterator.hasNext(LogIterator.java:22)
	at edu.yu.dbimpl.log.LogIterator.hasNext(LogIterator.java:22)
	at edu.yu.dbimpl.log.LogIterator.hasNext(LogIterator.java:22)
	at edu.yu.dbimpl.log.LogIterator.hasNext(LogIterator.java:22)
	at edu.yu.dbimpl.log.LogIterator.hasNext(LogIterator.java:22)
	at edu.yu.dbimpl.log.LogIterator.hasNext(LogIterator.java:22)
	at edu.yu.dbimpl.log.LogIterator.hasNext(LogIterator.java:22)
	at edu.yu.dbimpl.log.LogIterator.hasNext(LogIterator.java:22)
	at edu.yu.dbimpl.log.LogIterator.hasNext(LogIterator.java:22)
	at edu.yu.dbimpl.log.LogIterator.hasNext(LogIterator.java:22)
	at edu.yu.dbimpl.log.LogIterator.hasNext(LogIterator.java:22)
	at edu.yu.dbimpl.log.LogIterator.hasNext(LogIterator.java:22)
	at edu.yu.dbimpl.log.LogIterator.hasNext(LogIterator.java:22)
	at edu.yu.dbimpl.log.LogIterator.hasNext(LogIterator.java:22)
	at edu.yu.dbimpl.log.LogIterator.hasNext(LogIterator.java:22)
	at edu.yu.dbimpl.log.LogIterator.hasNext(LogIterator.java:22)
	at edu.yu.dbimpl.log.LogIterator.hasNext(LogIterator.java:22)
	at edu.yu.dbimpl.log.LogIterator.hasNext(LogIterator.java:22)
	at edu.yu.dbimpl.log.LogIterator.hasNext(LogIterator.java:22)
	at edu.yu.dbimpl.log.LogIterator.hasNext(LogIterator.java:22)
	at edu.yu.dbimpl.log.LogIterator.hasNext(LogIterator.java:22)
	at edu.yu.dbimpl.log.LogIterator.hasNext(LogIterator.java:22)
	at edu.yu.dbimpl.log.LogIterator.hasNext(LogIterator.java:22)
	at edu.yu.dbimpl.log.LogIterator.hasNext(LogIterator.java:22)
	at edu.yu.dbimpl.log.LogIterator.hasNext(LogIterator.java:22)
	at edu.yu.dbimpl.log.LogIterator.hasNext(LogIterator.java:22)
	at edu.yu.dbimpl.log.LogIterator.hasNext(LogIterator.java:22)
	at edu.yu.dbimpl.log.LogIterator.hasNext(LogIterator.java:22)
	at edu.yu.dbimpl.log.LogIterator.hasNext(LogIterator.java:22)
	at edu.yu.dbimpl.log.LogIterator.hasNext(LogIterator.java:22)
	at edu.yu.dbimpl.log.LogIterator.hasNext(LogIterator.java:22)
	at edu.yu.dbimpl.log.LogIterator.hasNext(LogIterator.java:22)
	at edu.yu.dbimpl.log.LogIterator.hasNext(LogIterator.java:22)
	at edu.yu.dbimpl.log.LogIterator.hasNext(LogIterator.java:22)
	at edu.yu.dbimpl.log.LogIterator.hasNext(LogIterator.java:22)
	at edu.yu.dbimpl.log.LogIterator.hasNext(LogIterator.java:22)
	at edu.yu.dbimpl.log.LogIterator.hasNext(LogIterator.java:22)
	at edu.yu.dbimpl.log.LogIterator.hasNext(LogIterator.java:22)
	at edu.yu.dbimpl.log.LogIterator.hasNext(LogIterator.java:22)
	at edu.yu.dbimpl.log.LogIterator.hasNext(LogIterator.java:22)
	at edu.yu.dbimpl.log.LogIterator.hasNext(LogIterator.java:22)
	at edu.yu.dbimpl.log.LogIterator.hasNext(LogIterator.java:22)
	at edu.yu.dbimpl.log.LogIterator.hasNext(LogIterator.java:22)
	at edu.yu.dbimpl.log.LogIterator.hasNext(LogIterator.java:22)
	at edu.yu.dbimpl.log.LogIterator.hasNext(LogIterator.java:22)
	at edu.yu.dbimpl.log.LogIterator.hasNext(LogIterator.java:22)
	at edu.yu.dbimpl.log.LogIterator.hasNext(LogIterator.java:22)
	at edu.yu.dbimpl.log.LogIterator.hasNext(LogIterator.java:22)
	at edu.yu.dbimpl.log.LogIterator.hasNext(LogIterator.java:22)
	at edu.yu.dbimpl.log.LogIterator.hasNext(LogIterator.java:22)
	at edu.yu.dbimpl.log.LogIterator.hasNext(LogIterator.java:22)
	at edu.yu.dbimpl.log.LogIterator.hasNext(LogIterator.java:22)
	at edu.yu.dbimpl.log.LogIterator.hasNext(LogIterator.java:22)
	at edu.yu.dbimpl.log.LogIterator.hasNext(LogIterator.java:22)
	at edu.yu.dbimpl.log.LogIterator.hasNext(LogIterator.java:22)
	at edu.yu.dbimpl.log.LogIterator.hasNext(LogIterator.java:22)
	at edu.yu.dbimpl.log.LogIterator.hasNext(LogIterator.java:22)
	at edu.yu.dbimpl.log.LogIterator.hasNext(LogIterator.java:22)
	at edu.yu.dbimpl.log.LogIterator.hasNext(LogIterator.java:22)
	at edu.yu.dbimpl.log.LogIterator.hasNext(LogIterator.java:22)
	at edu.yu.dbimpl.log.LogIterator.hasNext(LogIterator.java:22)
	at edu.yu.dbimpl.log.LogIterator.hasNext(LogIterator.java:22)
	at edu.yu.dbimpl.log.LogIterator.hasNext(LogIterator.java:22)
	at edu.yu.dbimpl.log.LogIterator.hasNext(LogIterator.java:22)
	at edu.yu.dbimpl.log.LogIterator.hasNext(LogIterator.java:22)
	at edu.yu.dbimpl.log.LogIterator.hasNext(LogIterator.java:22)
	at edu.yu.dbimpl.log.LogIterator.hasNext(LogIterator.java:22)
	at edu.yu.dbimpl.log.LogIterator.hasNext(LogIterator.java:22)
	at edu.yu.dbimpl.log.LogIterator.hasNext(LogIterator.java:22)
	at edu.yu.dbimpl.log.LogIterator.hasNext(LogIterator.java:22)
	at edu.yu.dbimpl.log.LogIterator.hasNext(LogIterator.java:22)
	at edu.yu.dbimpl.log.LogIterator.hasNext(LogIterator.java:22)
	at edu.yu.dbimpl.log.LogIterator.hasNext(LogIterator.java:22)
	at edu.yu.dbimpl.log.LogIterator.hasNext(LogIterator.java:22)
	at edu.yu.dbimpl.log.LogIterator.hasNext(LogIterator.java:22)
	at edu.yu.dbimpl.log.LogIterator.hasNext(LogIterator.java:22)
	at edu.yu.dbimpl.log.LogIterator.hasNext(LogIterator.java:22)
	at edu.yu.dbimpl.log.LogIterator.hasNext(LogIterator.java:22)
	at edu.yu.dbimpl.log.LogIterator.hasNext(LogIterator.java:22)
	at edu.yu.dbimpl.log.LogIterator.hasNext(LogIterator.java:22)
	at edu.yu.dbimpl.log.LogIterator.hasNext(LogIterator.java:22)
	at edu.yu.dbimpl.log.LogIterator.hasNext(LogIterator.java:22)
	at edu.yu.dbimpl.log.LogIterator.hasNext(LogIterator.java:22)
	at edu.yu.dbimpl.log.LogIterator.hasNext(LogIterator.java:22)
	at edu.yu.dbimpl.log.LogIterator.hasNext(LogIterator.java:22)
	at edu.yu.dbimpl.log.LogIterator.hasNext(LogIterator.java:22)
	at edu.yu.dbimpl.log.LogIterator.hasNext(LogIterator.java:22)
	at edu.yu.dbimpl.log.LogIterator.hasNext(LogIterator.java:22)
	at edu.yu.dbimpl.log.LogIterator.hasNext(LogIterator.java:22)
	at edu.yu.dbimpl.log.LogIterator.hasNext(LogIterator.java:22)
	at edu.yu.dbimpl.log.LogIterator.hasNext(LogIterator.java:22)
	at edu.yu.dbimpl.log.LogIterator.hasNext(LogIterator.java:22)
	at edu.yu.dbimpl.log.LogIterator.hasNext(LogIterator.java:22)
	at edu.yu.dbimpl.log.LogIterator.hasNext(LogIterator.java:22)
	at edu.yu.dbimpl.log.LogIterator.hasNext(LogIterator.java:22)
	at edu.yu.dbimpl.log.LogIterator.hasNext(LogIterator.java:22)
	at edu.yu.dbimpl.log.LogIterator.hasNext(LogIterator.java:22)
	at edu.yu.dbimpl.log.LogIterator.hasNext(LogIterator.java:22)
	at edu.yu.dbimpl.log.LogIterator.hasNext(LogIterator.java:22)
	at edu.yu.dbimpl.log.LogIterator.hasNext(LogIterator.java:22)
	at edu.yu.dbimpl.log.LogIterator.hasNext(LogIterator.java:22)
	at edu.yu.dbimpl.log.LogIterator.hasNext(LogIterator.java:22)
	at edu.yu.dbimpl.log.LogIterator.hasNext(LogIterator.java:22)
	at edu.yu.dbimpl.log.LogIterator.hasNext(LogIterator.java:22)
	at edu.yu.dbimpl.log.LogIterator.hasNext(LogIterator.java:22)
	at edu.yu.dbimpl.log.LogIterator.hasNext(LogIterator.java:22)
	at edu.yu.dbimpl.log.LogIterator.hasNext(LogIterator.java:22)
	at edu.yu.dbimpl.log.LogIterator.hasNext(LogIterator.java:22)
	at edu.yu.dbimpl.log.LogIterator.hasNext(LogIterator.java:22)
	at edu.yu.dbimpl.log.LogIterator.hasNext(LogIterator.java:22)
	at edu.yu.dbimpl.log.LogIterator.hasNext(LogIterator.java:22)
	at edu.yu.dbimpl.log.LogIterator.hasNext(LogIterator.java:22)
	at edu.yu.dbimpl.log.LogIterator.hasNext(LogIterator.java:22)
	at edu.yu.dbimpl.log.LogIterator.hasNext(LogIterator.java:22)
	at edu.yu.dbimpl.log.LogIterator.hasNext(LogIterator.java:22)
	at edu.yu.dbimpl.log.LogIterator.hasNext(LogIterator.java:22)
	at edu.yu.dbimpl.log.LogIterator.hasNext(LogIterator.java:22)
	at edu.yu.dbimpl.log.LogIterator.hasNext(LogIterator.java:22)
	at edu.yu.dbimpl.log.LogIterator.hasNext(LogIterator.java:22)
	at edu.yu.dbimpl.log.LogIterator.hasNext(LogIterator.java:22)
	at edu.yu.dbimpl.log.LogIterator.hasNext(LogIterator.java:22)
	at edu.yu.dbimpl.log.LogIterator.hasNext(LogIterator.java:22)
	at edu.yu.dbimpl.log.LogIterator.hasNext(LogIterator.java:22)
	at edu.yu.dbimpl.log.LogIterator.hasNext(LogIterator.java:22)
	at edu.yu.dbimpl.log.LogIterator.hasNext(LogIterator.java:22)
	at edu.yu.dbimpl.log.LogIterator.hasNext(LogIterator.java:22)
	at edu.yu.dbimpl.log.LogIterator.hasNext(LogIterator.java:22)
	at edu.yu.dbimpl.log.LogIterator.hasNext(LogIterator.java:22)
	at edu.yu.dbimpl.log.LogIterator.hasNext(LogIterator.java:22)
	at edu.yu.dbimpl.log.LogIterator.hasNext(LogIterator.java:22)
	at edu.yu.dbimpl.log.LogIterator.hasNext(LogIterator.java:22)
	at edu.yu.dbimpl.log.LogIterator.hasNext(LogIterator.java:22)
	at edu.yu.dbimpl.log.LogIterator.hasNext(LogIterator.java:22)
	at edu.yu.dbimpl.log.LogIterator.hasNext(LogIterator.java:22)
	at edu.yu.dbimpl.log.LogIterator.hasNext(LogIterator.java:22)
	at edu.yu.dbimpl.log.LogIterator.hasNext(LogIterator.java:22)
	at edu.yu.dbimpl.log.LogIterator.hasNext(LogIterator.java:22)
	at edu.yu.dbimpl.log.LogIterator.hasNext(LogIterator.java:22)
	at edu.yu.dbimpl.log.LogIterator.hasNext(LogIterator.java:22)
	at edu.yu.dbimpl.log.LogIterator.hasNext(LogIterator.java:22)
	at edu.yu.dbimpl.log.LogIterator.hasNext(LogIterator.java:22)
	at edu.yu.dbimpl.log.LogIterator.hasNext(LogIterator.java:22)
	at edu.yu.dbimpl.log.LogIterator.hasNext(LogIterator.java:22)
	at edu.yu.dbimpl.log.LogIterator.hasNext(LogIterator.java:22)
	at edu.yu.dbimpl.log.LogIterator.hasNext(LogIterator.java:22)
	at edu.yu.dbimpl.log.LogIterator.hasNext(LogIterator.java:22)
	at edu.yu.dbimpl.log.LogIterator.hasNext(LogIterator.java:22)
	at edu.yu.dbimpl.log.LogIterator.hasNext(LogIterator.java:22)
	at edu.yu.dbimpl.log.LogIterator.hasNext(LogIterator.java:22)
	at edu.yu.dbimpl.log.LogIterator.hasNext(LogIterator.java:22)
	at edu.yu.dbimpl.log.LogIterator.hasNext(LogIterator.java:22)
	at edu.yu.dbimpl.log.LogIterator.hasNext(LogIterator.java:22)
	at edu.yu.dbimpl.log.LogIterator.hasNext(LogIterator.java:22)
	at edu.yu.dbimpl.log.LogIterator.hasNext(LogIterator.java:22)
	at edu.yu.dbimpl.log.LogIterator.hasNext(LogIterator.java:22)
	at edu.yu.dbimpl.log.LogIterator.hasNext(LogIterator.java:22)
	at edu.yu.dbimpl.log.LogIterator.hasNext(LogIterator.java:22)
	at edu.yu.dbimpl.log.LogIterator.hasNext(LogIterator.java:22)
	at edu.yu.dbimpl.log.LogIterator.hasNext(LogIterator.java:22)
	at edu.yu.dbimpl.log.LogIterator.hasNext(LogIterator.java:22)
	at edu.yu.dbimpl.log.LogIterator.hasNext(LogIterator.java:22)
	at edu.yu.dbimpl.log.LogIterator.hasNext(LogIterator.java:22)
	at edu.yu.dbimpl.log.LogIterator.hasNext(LogIterator.java:22)
	at edu.yu.dbimpl.log.LogIterator.hasNext(LogIterator.java:22)
	at edu.yu.dbimpl.log.LogIterator.hasNext(LogIterator.java:22)
	at edu.yu.dbimpl.log.LogIterator.hasNext(LogIterator.java:22)
	at edu.yu.dbimpl.log.LogIterator.hasNext(LogIterator.java:22)
	at edu.yu.dbimpl.log.LogIterator.hasNext(LogIterator.java:22)
	at edu.yu.dbimpl.log.LogIterator.hasNext(LogIterator.java:22)
	at edu.yu.dbimpl.log.LogIterator.hasNext(LogIterator.java:22)
	at edu.yu.dbimpl.log.LogIterator.hasNext(LogIterator.java:22)
	at edu.yu.dbimpl.log.LogIterator.hasNext(LogIterator.java:22)
	at edu.yu.dbimpl.log.LogIterator.hasNext(LogIterator.java:22)
	at edu.yu.dbimpl.log.LogIterator.hasNext(LogIterator.java:22)
	at edu.yu.dbimpl.log.LogIterator.hasNext(LogIterator.java:22)
	at edu.yu.dbimpl.log.LogIterator.hasNext(LogIterator.java:22)
	at edu.yu.dbimpl.log.LogIterator.hasNext(LogIterator.java:22)
	at edu.yu.dbimpl.log.LogIterator.hasNext(LogIterator.java:22)
	at edu.yu.dbimpl.log.LogIterator.hasNext(LogIterator.java:22)
	at edu.yu.dbimpl.log.LogIterator.hasNext(LogIterator.java:22)
	at edu.yu.dbimpl.log.LogIterator.hasNext(LogIterator.java:22)
	at edu.yu.dbimpl.log.LogIterator.hasNext(LogIterator.java:22)
	at edu.yu.dbimpl.log.LogIterator.hasNext(LogIterator.java:22)
	at edu.yu.dbimpl.log.LogIterator.hasNext(LogIterator.java:22)
	at edu.yu.dbimpl.log.LogIterator.hasNext(LogIterator.java:22)
	at edu.yu.dbimpl.log.LogIterator.hasNext(LogIterator.java:22)
	at edu.yu.dbimpl.log.LogIterator.hasNext(LogIterator.java:22)
	at edu.yu.dbimpl.log.LogIterator.hasNext(LogIterator.java:22)
	at edu.yu.dbimpl.log.LogIterator.hasNext(LogIterator.java:22)
	at edu.yu.dbimpl.log.LogIterator.hasNext(LogIterator.java:22)
	at edu.yu.dbimpl.log.LogIterator.hasNext(LogIterator.java:22)
	at edu.yu.dbimpl.log.LogIterator.hasNext(LogIterator.java:22)
	at edu.yu.dbimpl.log.LogIterator.hasNext(LogIterator.java:22)
	at edu.yu.dbimpl.log.LogIterator.hasNext(LogIterator.java:22)
	at edu.yu.dbimpl.log.LogIterator.hasNext(LogIterator.java:22)
	at edu.yu.dbimpl.log.LogIterator.hasNext(LogIterator.java:22)
	at edu.yu.dbimpl.log.LogIterator.hasNext(LogIterator.java:22)
	at edu.yu.dbimpl.log.LogIterator.hasNext(LogIterator.java:22)
	at edu.yu.dbimpl.log.LogIterator.hasNext(LogIterator.java:22)
	at edu.yu.dbimpl.log.LogIterator.hasNext(LogIterator.java:22)
	at edu.yu.dbimpl.log.LogIterator.hasNext(LogIterator.java:22)
	at edu.yu.dbimpl.log.LogIterator.hasNext(LogIterator.java:22)
	at edu.yu.dbimpl.log.LogIterator.hasNext(LogIterator.java:22)
	at edu.yu.dbimpl.log.LogIterator.hasNext(LogIterator.java:22)
	at edu.yu.dbimpl.log.LogIterator.hasNext(LogIterator.java:22)
	at edu.yu.dbimpl.log.LogIterator.hasNext(LogIterator.java:22)
	at edu.yu.dbimpl.log.LogIterator.hasNext(LogIterator.java:22)
	at edu.yu.dbimpl.log.LogIterator.hasNext(LogIterator.java:22)
	at edu.yu.dbimpl.log.LogIterator.hasNext(LogIterator.java:22)
	at edu.yu.dbimpl.log.LogIterator.hasNext(LogIterator.java:22)
	at edu.yu.dbimpl.log.LogIterator.hasNext(LogIterator.java:22)
	at edu.yu.dbimpl.log.LogIterator.hasNext(LogIterator.java:22)
	at edu.yu.dbimpl.log.LogIterator.hasNext(LogIterator.java:22)
	at edu.yu.dbimpl.log.LogIterator.hasNext(LogIterator.java:22)
	at edu.yu.dbimpl.log.LogIterator.hasNext(LogIterator.java:22)
	at edu.yu.dbimpl.log.LogIterator.hasNext(LogIterator.java:22)
	at edu.yu.dbimpl.log.LogIterator.hasNext(LogIterator.java:22)
	at edu.yu.dbimpl.log.LogIterator.hasNext(LogIterator.java:22)
	at edu.yu.dbimpl.log.LogIterator.hasNext(LogIterator.java:22)
	at edu.yu.dbimpl.log.LogIterator.hasNext(LogIterator.java:22)
	at edu.yu.dbimpl.log.LogIterator.hasNext(LogIterator.java:22)
	at edu.yu.dbimpl.log.LogIterator.hasNext(LogIterator.java:22)
	at edu.yu.dbimpl.log.LogIterator.hasNext(LogIterator.java:22)
	at edu.yu.dbimpl.log.LogIterator.hasNext(LogIterator.java:22)
	at edu.yu.dbimpl.log.LogIterator.hasNext(LogIterator.java:22)
	at edu.yu.dbimpl.log.LogIterator.hasNext(LogIterator.java:22)
	at edu.yu.dbimpl.log.LogIterator.hasNext(LogIterator.java:22)
	at edu.yu.dbimpl.log.LogIterator.hasNext(LogIterator.java:22)
	at edu.yu.dbimpl.log.LogIterator.hasNext(LogIterator.java:22)
	at edu.yu.dbimpl.log.LogIterator.hasNext(LogIterator.java:22)
	at edu.yu.dbimpl.log.LogIterator.hasNext(LogIterator.java:22)
	at edu.yu.dbimpl.log.LogIterator.hasNext(LogIterator.java:22)
	at edu.yu.dbimpl.log.LogIterator.hasNext(LogIterator.java:22)
	at edu.yu.dbimpl.log.LogIterator.hasNext(LogIterator.java:22)
	at edu.yu.dbimpl.log.LogIterator.hasNext(LogIterator.java:22)
	at edu.yu.dbimpl.log.LogIterator.hasNext(LogIterator.java:22)
	at edu.yu.dbimpl.log.LogIterator.hasNext(LogIterator.java:22)
	at edu.yu.dbimpl.log.LogIterator.hasNext(LogIterator.java:22)
	at edu.yu.dbimpl.log.LogIterator.hasNext(LogIterator.java:22)
	at edu.yu.dbimpl.log.LogIterator.hasNext(LogIterator.java:22)
	at edu.yu.dbimpl.log.LogIterator.hasNext(LogIterator.java:22)
	at edu.yu.dbimpl.log.LogIterator.hasNext(LogIterator.java:22)
	at edu.yu.dbimpl.log.LogIterator.hasNext(LogIterator.java:22)
	at edu.yu.dbimpl.log.LogIterator.hasNext(LogIterator.java:22)
	at edu.yu.dbimpl.log.LogIterator.hasNext(LogIterator.java:22)
	at edu.yu.dbimpl.log.LogIterator.hasNext(LogIterator.java:22)
	at edu.yu.dbimpl.log.LogIterator.hasNext(LogIterator.java:22)
	at edu.yu.dbimpl.log.LogIterator.hasNext(LogIterator.java:22)
	at edu.yu.dbimpl.log.LogIterator.hasNext(LogIterator.java:22)
	at edu.yu.dbimpl.log.LogIterator.hasNext(LogIterator.java:22)
	at edu.yu.dbimpl.log.LogIterator.hasNext(LogIterator.java:22)
	at edu.yu.dbimpl.log.LogIterator.hasNext(LogIterator.java:22)
	at edu.yu.dbimpl.log.LogIterator.hasNext(LogIterator.java:22)
	at edu.yu.dbimpl.log.LogIterator.hasNext(LogIterator.java:22)
	at edu.yu.dbimpl.log.LogIterator.hasNext(LogIterator.java:22)
	at edu.yu.dbimpl.log.LogIterator.hasNext(LogIterator.java:22)
	at edu.yu.dbimpl.log.LogIterator.hasNext(LogIterator.java:22)
	at edu.yu.dbimpl.log.LogIterator.hasNext(LogIterator.java:22)
	at edu.yu.dbimpl.log.LogIterator.hasNext(LogIterator.java:22)
	at edu.yu.dbimpl.log.LogIterator.hasNext(LogIterator.java:22)
	at edu.yu.dbimpl.log.LogIterator.hasNext(LogIterator.java:22)
	at edu.yu.dbimpl.log.LogIterator.hasNext(LogIterator.java:22)
	at edu.yu.dbimpl.log.LogIterator.hasNext(LogIterator.java:22)
	at edu.yu.dbimpl.log.LogIterator.hasNext(LogIterator.java:22)
	at edu.yu.dbimpl.log.LogIterator.hasNext(LogIterator.java:22)
	at edu.yu.dbimpl.log.LogIterator.hasNext(LogIterator.java:22)
	at edu.yu.dbimpl.log.LogIterator.hasNext(LogIterator.java:22)
	at edu.yu.dbimpl.log.LogIterator.hasNext(LogIterator.java:22)
	at edu.yu.dbimpl.log.LogIterator.hasNext(LogIterator.java:22)
	at edu.yu.dbimpl.log.LogIterator.hasNext(LogIterator.java:22)
	at edu.yu.dbimpl.log.LogIterator.hasNext(LogIterator.java:22)
	at edu.yu.dbimpl.log.LogIterator.hasNext(LogIterator.java:22)
	at edu.yu.dbimpl.log.LogIterator.hasNext(LogIterator.java:22)
	at edu.yu.dbimpl.log.LogIterator.hasNext(LogIterator.java:22)
	at edu.yu.dbimpl.log.LogIterator.hasNext(LogIterator.java:22)
	at edu.yu.dbimpl.log.LogIterator.hasNext(LogIterator.java:22)
	at edu.yu.dbimpl.log.LogIterator.hasNext(LogIterator.java:22)
	at edu.yu.dbimpl.log.LogIterator.hasNext(LogIterator.java:22)
	at edu.yu.dbimpl.log.LogIterator.hasNext(LogIterator.java:22)
	at edu.yu.dbimpl.log.LogIterator.hasNext(LogIterator.java:22)
	at edu.yu.dbimpl.log.LogIterator.hasNext(LogIterator.java:22)
	at edu.yu.dbimpl.log.LogIterator.hasNext(LogIterator.java:22)
	at edu.yu.dbimpl.log.LogIterator.hasNext(LogIterator.java:22)
	at edu.yu.dbimpl.log.LogIterator.hasNext(LogIterator.java:22)
	at edu.yu.dbimpl.log.LogIterator.hasNext(LogIterator.java:22)
	at edu.yu.dbimpl.log.LogIterator.hasNext(LogIterator.java:22)
	at edu.yu.dbimpl.log.LogIterator.hasNext(LogIterator.java:22)
	at edu.yu.dbimpl.log.LogIterator.hasNext(LogIterator.java:22)
	at edu.yu.dbimpl.log.LogIterator.hasNext(LogIterator.java:22)
	at edu.yu.dbimpl.log.LogIterator.hasNext(LogIterator.java:22)
	at edu.yu.dbimpl.log.LogIterator.hasNext(LogIterator.java:22)
	at edu.yu.dbimpl.log.LogIterator.hasNext(LogIterator.java:22)
	at edu.yu.dbimpl.log.LogIterator.hasNext(LogIterator.java:22)
	at edu.yu.dbimpl.log.LogIterator.hasNext(LogIterator.java:22)
	at edu.yu.dbimpl.log.LogIterator.hasNext(LogIterator.java:22)
	at edu.yu.dbimpl.log.LogIterator.hasNext(LogIterator.java:22)
	at edu.yu.dbimpl.log.LogIterator.hasNext(LogIterator.java:22)
	at edu.yu.dbimpl.log.LogIterator.hasNext(LogIterator.java:22)
	at edu.yu.dbimpl.log.LogIterator.hasNext(LogIterator.java:22)
	at edu.yu.dbimpl.log.LogIterator.hasNext(LogIterator.java:22)
	at edu.yu.dbimpl.log.LogIterator.hasNext(LogIterator.java:22)
	at edu.yu.dbimpl.log.LogIterator.hasNext(LogIterator.java:22)
	at edu.yu.dbimpl.log.LogIterator.hasNext(LogIterator.java:22)
	at edu.yu.dbimpl.log.LogIterator.hasNext(LogIterator.java:22)
	at edu.yu.dbimpl.log.LogIterator.hasNext(LogIterator.java:22)
	at edu.yu.dbimpl.log.LogIterator.hasNext(LogIterator.java:22)
	at edu.yu.dbimpl.log.LogIterator.hasNext(LogIterator.java:22)
	at edu.yu.dbimpl.log.LogIterator.hasNext(LogIterator.java:22)
	at edu.yu.dbimpl.log.LogIterator.hasNext(LogIterator.java:22)
	at edu.yu.dbimpl.log.LogIterator.hasNext(LogIterator.java:22)
	at edu.yu.dbimpl.log.LogIterator.hasNext(LogIterator.java:22)
	at edu.yu.dbimpl.log.LogIterator.hasNext(LogIterator.java:22)
	at edu.yu.dbimpl.log.LogIterator.hasNext(LogIterator.java:22)
	at edu.yu.dbimpl.log.LogIterator.hasNext(LogIterator.java:22)
	at edu.yu.dbimpl.log.LogIterator.hasNext(LogIterator.java:22)
	at edu.yu.dbimpl.log.LogIterator.hasNext(LogIterator.java:22)
	at edu.yu.dbimpl.log.LogIterator.hasNext(LogIterator.java:22)
	at edu.yu.dbimpl.log.LogIterator.hasNext(LogIterator.java:22)
	at edu.yu.dbimpl.log.LogIterator.hasNext(LogIterator.java:22)
	at edu.yu.dbimpl.log.LogIterator.hasNext(LogIterator.java:22)
	at edu.yu.dbimpl.log.LogIterator.hasNext(LogIterator.java:22)
	at edu.yu.dbimpl.log.LogIterator.hasNext(LogIterator.java:22)
	at edu.yu.dbimpl.log.LogIterator.hasNext(LogIterator.java:22)
	at edu.yu.dbimpl.log.LogIterator.hasNext(LogIterator.java:22)
	at edu.yu.dbimpl.log.LogIterator.hasNext(LogIterator.java:22)

