<?xml version="1.0" encoding="UTF-8"?>
<testsuite xmlns:xsi="http://www.w3.org/2001/XMLSchema-instance" xsi:noNamespaceSchemaLocation="https://maven.apache.org/surefire/maven-surefire-plugin/xsd/surefire-test-report-3.0.xsd" version="3.0" name="edu.yu.dbimpl.FirstStageTests" time="1.781" tests="16" errors="0" skipped="0" failures="0">
  <properties>
[...]
</properties>
  <testcase name="testSetAndGetString" classname="edu.yu.dbimpl.FirstStageTests" time="0.055">
    <system-err><![CDATA[Sep 18, 2023 11:00:13 AM edu.yu.dbimpl.file.Page <init>
INFO: Page created with blocksize
Sep 18, 2023 11:00:13 AM edu.yu.dbimpl.file.Page setString
INFO: setString called with offset: 10 and String: Hello, World!
]]></system-err>
  </testcase>
  <testcase name="fileManagerSimple" classname="edu.yu.dbimpl.FirstStageTests" time="0.008">
    <system-err><![CDATA[Sep 18, 2023 11:00:13 AM edu.yu.dbimpl.file.Page <init>
INFO: Page created with blocksize
Sep 18, 2023 11:00:13 AM edu.yu.dbimpl.file.Page setInt
INFO: setInt called with offset: 0 and int: 69
Sep 18, 2023 11:00:13 AM edu.yu.dbimpl.file.Page getInt
INFO: getInt called with offset: 0
Sep 18, 2023 11:00:13 AM edu.yu.dbimpl.file.Page getBytes
INFO: getBytes called with offset: 0
Sep 18, 2023 11:00:13 AM edu.yu.dbimpl.file.Page getInt
INFO: getInt called with offset: 0
Sep 18, 2023 11:00:13 AM edu.yu.dbimpl.file.Page setInt
INFO: setInt called with offset: 0 and int: 69
Sep 18, 2023 11:00:13 AM edu.yu.dbimpl.file.Page getInt
INFO: getInt called with offset: 0
]]></system-err>
  </testcase>
  <testcase name="shouldAnswerWithTrue" classname="edu.yu.dbimpl.FirstStageTests" time="0"/>
  <testcase name="testSetAndGetBytes" classname="edu.yu.dbimpl.FirstStageTests" time="0.004">
    <system-err><![CDATA[Sep 18, 2023 11:00:13 AM edu.yu.dbimpl.file.Page <init>
INFO: Page created with blocksize
Sep 18, 2023 11:00:13 AM edu.yu.dbimpl.file.Page setBytes
INFO: setBytes called with offset: 10 and byte[]
Sep 18, 2023 11:00:13 AM edu.yu.dbimpl.file.Page getBytes
INFO: getBytes called with offset: 10
]]></system-err>
  </testcase>
  <testcase name="PageBaseImplGetAndSetIntTest" classname="edu.yu.dbimpl.FirstStageTests" time="0.003">
    <system-err><![CDATA[Sep 18, 2023 11:00:13 AM edu.yu.dbimpl.file.Page <init>
INFO: Page created with blocksize
Sep 18, 2023 11:00:13 AM edu.yu.dbimpl.file.Page setInt
INFO: setInt called with offset: 0 and int: 69
Sep 18, 2023 11:00:13 AM edu.yu.dbimpl.file.Page getInt
INFO: getInt called with offset: 0
Sep 18, 2023 11:00:13 AM edu.yu.dbimpl.file.Page setInt
INFO: setInt called with offset: 100 and int: 45
Sep 18, 2023 11:00:13 AM edu.yu.dbimpl.file.Page getInt
INFO: getInt called with offset: 100
]]></system-err>
  </testcase>
  <testcase name="PageBaseImplGetAndSetDoubleTest" classname="edu.yu.dbimpl.FirstStageTests" time="0.005">
    <system-err><![CDATA[Sep 18, 2023 11:00:13 AM edu.yu.dbimpl.file.Page <init>
INFO: Page created with blocksize
Sep 18, 2023 11:00:13 AM edu.yu.dbimpl.file.Page setDouble
INFO: setDouble called with offset: 4 and double: 69.69
Sep 18, 2023 11:00:13 AM edu.yu.dbimpl.file.Page getDouble
INFO: getDouble called with offset: 4
Sep 18, 2023 11:00:13 AM edu.yu.dbimpl.file.Page setDouble
INFO: setDouble called with offset: 105 and double: 45.45
Sep 18, 2023 11:00:13 AM edu.yu.dbimpl.file.Page getDouble
INFO: getDouble called with offset: 105
]]></system-err>
  </testcase>
  <testcase name="testSetAndGetString2" classname="edu.yu.dbimpl.FirstStageTests" time="0.001">
    <system-err><![CDATA[Sep 18, 2023 11:00:13 AM edu.yu.dbimpl.file.Page <init>
INFO: Page created with blocksize
Sep 18, 2023 11:00:13 AM edu.yu.dbimpl.file.Page setString
INFO: setString called with offset: 10 and String: Hello, World! I love 69
]]></system-err>
  </testcase>
  <testcase name="PageBaseImplGetAndSetBooleanTest" classname="edu.yu.dbimpl.FirstStageTests" time="0.003">
    <system-err><![CDATA[Sep 18, 2023 11:00:13 AM edu.yu.dbimpl.file.Page <init>
INFO: Page created with blocksize
Sep 18, 2023 11:00:13 AM edu.yu.dbimpl.file.Page setBoolean
INFO: setBoolean called with offset: 4 and boolean: true
Sep 18, 2023 11:00:13 AM edu.yu.dbimpl.file.Page getBoolean
INFO: getBoolean called with offset: 4
Sep 18, 2023 11:00:13 AM edu.yu.dbimpl.file.Page setBoolean
INFO: setBoolean called with offset: 105 and boolean: false
Sep 18, 2023 11:00:13 AM edu.yu.dbimpl.file.Page getBoolean
INFO: getBoolean called with offset: 105
]]></system-err>
  </testcase>
  <testcase name="BlockIdBaseSimpleTest" classname="edu.yu.dbimpl.FirstStageTests" time="0"/>
  <testcase name="catchBadInputBlockIDTest" classname="edu.yu.dbimpl.FirstStageTests" time="0.001"/>
  <testcase name="addingALotOfStringsToAPage" classname="edu.yu.dbimpl.FirstStageTests" time="0.047">
    <system-err><![CDATA[Sep 18, 2023 11:00:13 AM edu.yu.dbimpl.file.Page <init>
INFO: Page created with blocksize
Sep 18, 2023 11:00:13 AM edu.yu.dbimpl.file.Page setString
INFO: setString called with offset: 0 and String: Hello, World!0
Sep 18, 2023 11:00:13 AM edu.yu.dbimpl.file.Page setString
INFO: setString called with offset: 20 and String: Hello, World!1
Sep 18, 2023 11:00:13 AM edu.yu.dbimpl.file.Page setString
INFO: setString called with offset: 40 and String: Hello, World!2
Sep 18, 2023 11:00:13 AM edu.yu.dbimpl.file.Page setString
INFO: setString called with offset: 60 and String: Hello, World!3
Sep 18, 2023 11:00:13 AM edu.yu.dbimpl.file.Page setString
INFO: setString called with offset: 80 and String: Hello, World!4
Sep 18, 2023 11:00:13 AM edu.yu.dbimpl.file.Page setString
INFO: setString called with offset: 100 and String: Hello, World!5
Sep 18, 2023 11:00:13 AM edu.yu.dbimpl.file.Page setString
INFO: setString called with offset: 120 and String: Hello, World!6
Sep 18, 2023 11:00:13 AM edu.yu.dbimpl.file.Page setString
INFO: setString called with offset: 140 and String: Hello, World!7
Sep 18, 2023 11:00:13 AM edu.yu.dbimpl.file.Page setString
INFO: setString called with offset: 160 and String: Hello, World!8
Sep 18, 2023 11:00:13 AM edu.yu.dbimpl.file.Page setString
INFO: setString called with offset: 180 and String: Hello, World!9
Sep 18, 2023 11:00:13 AM edu.yu.dbimpl.file.Page setString
INFO: setString called with offset: 200 and String: Hello, World!10
Sep 18, 2023 11:00:13 AM edu.yu.dbimpl.file.Page setString
INFO: setString called with offset: 220 and String: Hello, World!11
Sep 18, 2023 11:00:13 AM edu.yu.dbimpl.file.Page setString
INFO: setString called with offset: 240 and String: Hello, World!12
Sep 18, 2023 11:00:13 AM edu.yu.dbimpl.file.Page setString
INFO: setString called with offset: 260 and String: Hello, World!13
Sep 18, 2023 11:00:13 AM edu.yu.dbimpl.file.Page setString
INFO: setString called with offset: 280 and String: Hello, World!14
Sep 18, 2023 11:00:13 AM edu.yu.dbimpl.file.Page setString
INFO: setString called with offset: 300 and String: Hello, World!15
Sep 18, 2023 11:00:13 AM edu.yu.dbimpl.file.Page setString
INFO: setString called with offset: 320 and String: Hello, World!16
Sep 18, 2023 11:00:13 AM edu.yu.dbimpl.file.Page setString
INFO: setString called with offset: 340 and String: Hello, World!17
Sep 18, 2023 11:00:13 AM edu.yu.dbimpl.file.Page setString
INFO: setString called with offset: 360 and String: Hello, World!18
Sep 18, 2023 11:00:13 AM edu.yu.dbimpl.file.Page setString
INFO: setString called with offset: 380 and String: Hello, World!19
Sep 18, 2023 11:00:13 AM edu.yu.dbimpl.file.Page setString
INFO: setString called with offset: 400 and String: Hello, World!20
Sep 18, 2023 11:00:13 AM edu.yu.dbimpl.file.Page setString
INFO: setString called with offset: 420 and String: Hello, World!21
Sep 18, 2023 11:00:13 AM edu.yu.dbimpl.file.Page setString
INFO: setString called with offset: 440 and String: Hello, World!22
Sep 18, 2023 11:00:13 AM edu.yu.dbimpl.file.Page setString
INFO: setString called with offset: 460 and String: Hello, World!23
Sep 18, 2023 11:00:13 AM edu.yu.dbimpl.file.Page setString
INFO: setString called with offset: 480 and String: Hello, World!24
Sep 18, 2023 11:00:13 AM edu.yu.dbimpl.file.Page setString
INFO: setString called with offset: 500 and String: Hello, World!25
Sep 18, 2023 11:00:13 AM edu.yu.dbimpl.file.Page setString
INFO: setString called with offset: 520 and String: Hello, World!26
Sep 18, 2023 11:00:13 AM edu.yu.dbimpl.file.Page setString
INFO: setString called with offset: 540 and String: Hello, World!27
Sep 18, 2023 11:00:13 AM edu.yu.dbimpl.file.Page setString
INFO: setString called with offset: 560 and String: Hello, World!28
Sep 18, 2023 11:00:13 AM edu.yu.dbimpl.file.Page setString
INFO: setString called with offset: 580 and String: Hello, World!29
Sep 18, 2023 11:00:13 AM edu.yu.dbimpl.file.Page setString
INFO: setString called with offset: 600 and String: Hello, World!30
Sep 18, 2023 11:00:13 AM edu.yu.dbimpl.file.Page setString
INFO: setString called with offset: 620 and String: Hello, World!31
Sep 18, 2023 11:00:13 AM edu.yu.dbimpl.file.Page setString
INFO: setString called with offset: 640 and String: Hello, World!32
Sep 18, 2023 11:00:13 AM edu.yu.dbimpl.file.Page setString
INFO: setString called with offset: 660 and String: Hello, World!33
Sep 18, 2023 11:00:13 AM edu.yu.dbimpl.file.Page setString
INFO: setString called with offset: 680 and String: Hello, World!34
Sep 18, 2023 11:00:13 AM edu.yu.dbimpl.file.Page setString
INFO: setString called with offset: 700 and String: Hello, World!35
Sep 18, 2023 11:00:13 AM edu.yu.dbimpl.file.Page setString
INFO: setString called with offset: 720 and String: Hello, World!36
Sep 18, 2023 11:00:13 AM edu.yu.dbimpl.file.Page setString
INFO: setString called with offset: 740 and String: Hello, World!37
Sep 18, 2023 11:00:13 AM edu.yu.dbimpl.file.Page setString
INFO: setString called with offset: 760 and String: Hello, World!38
Sep 18, 2023 11:00:13 AM edu.yu.dbimpl.file.Page setString
INFO: setString called with offset: 780 and String: Hello, World!39
Sep 18, 2023 11:00:13 AM edu.yu.dbimpl.file.Page setString
INFO: setString called with offset: 800 and String: Hello, World!40
Sep 18, 2023 11:00:13 AM edu.yu.dbimpl.file.Page setString
INFO: setString called with offset: 820 and String: Hello, World!41
Sep 18, 2023 11:00:13 AM edu.yu.dbimpl.file.Page setString
INFO: setString called with offset: 840 and String: Hello, World!42
Sep 18, 2023 11:00:13 AM edu.yu.dbimpl.file.Page setString
INFO: setString called with offset: 860 and String: Hello, World!43
Sep 18, 2023 11:00:13 AM edu.yu.dbimpl.file.Page setString
INFO: setString called with offset: 880 and String: Hello, World!44
Sep 18, 2023 11:00:13 AM edu.yu.dbimpl.file.Page setString
INFO: setString called with offset: 900 and String: Hello, World!45
Sep 18, 2023 11:00:13 AM edu.yu.dbimpl.file.Page setString
INFO: setString called with offset: 920 and String: Hello, World!46
Sep 18, 2023 11:00:13 AM edu.yu.dbimpl.file.Page setString
INFO: setString called with offset: 940 and String: Hello, World!47
Sep 18, 2023 11:00:13 AM edu.yu.dbimpl.file.Page setString
INFO: setString called with offset: 960 and String: Hello, World!48
Sep 18, 2023 11:00:13 AM edu.yu.dbimpl.file.Page setString
INFO: setString called with offset: 980 and String: Hello, World!49
Sep 18, 2023 11:00:13 AM edu.yu.dbimpl.file.Page setString
INFO: setString called with offset: 1000 and String: Hello, World!50
Sep 18, 2023 11:00:13 AM edu.yu.dbimpl.file.Page setString
INFO: setString called with offset: 1020 and String: Hello, World!51
Sep 18, 2023 11:00:13 AM edu.yu.dbimpl.file.Page setString
INFO: setString called with offset: 1040 and String: Hello, World!52
Sep 18, 2023 11:00:13 AM edu.yu.dbimpl.file.Page setString
INFO: setString called with offset: 1060 and String: Hello, World!53
Sep 18, 2023 11:00:13 AM edu.yu.dbimpl.file.Page setString
INFO: setString called with offset: 1080 and String: Hello, World!54
Sep 18, 2023 11:00:13 AM edu.yu.dbimpl.file.Page setString
INFO: setString called with offset: 1100 and String: Hello, World!55
Sep 18, 2023 11:00:13 AM edu.yu.dbimpl.file.Page setString
INFO: setString called with offset: 1120 and String: Hello, World!56
Sep 18, 2023 11:00:13 AM edu.yu.dbimpl.file.Page setString
INFO: setString called with offset: 1140 and String: Hello, World!57
Sep 18, 2023 11:00:13 AM edu.yu.dbimpl.file.Page setString
INFO: setString called with offset: 1160 and String: Hello, World!58
Sep 18, 2023 11:00:13 AM edu.yu.dbimpl.file.Page setString
INFO: setString called with offset: 1180 and String: Hello, World!59
Sep 18, 2023 11:00:13 AM edu.yu.dbimpl.file.Page setString
INFO: setString called with offset: 1200 and String: Hello, World!60
Sep 18, 2023 11:00:13 AM edu.yu.dbimpl.file.Page setString
INFO: setString called with offset: 1220 and String: Hello, World!61
Sep 18, 2023 11:00:13 AM edu.yu.dbimpl.file.Page setString
INFO: setString called with offset: 1240 and String: Hello, World!62
Sep 18, 2023 11:00:13 AM edu.yu.dbimpl.file.Page setString
INFO: setString called with offset: 1260 and String: Hello, World!63
Sep 18, 2023 11:00:13 AM edu.yu.dbimpl.file.Page setString
INFO: setString called with offset: 1280 and String: Hello, World!64
Sep 18, 2023 11:00:13 AM edu.yu.dbimpl.file.Page setString
INFO: setString called with offset: 1300 and String: Hello, World!65
Sep 18, 2023 11:00:13 AM edu.yu.dbimpl.file.Page setString
INFO: setString called with offset: 1320 and String: Hello, World!66
Sep 18, 2023 11:00:13 AM edu.yu.dbimpl.file.Page setString
INFO: setString called with offset: 1340 and String: Hello, World!67
Sep 18, 2023 11:00:13 AM edu.yu.dbimpl.file.Page setString
INFO: setString called with offset: 1360 and String: Hello, World!68
Sep 18, 2023 11:00:13 AM edu.yu.dbimpl.file.Page setString
INFO: setString called with offset: 1380 and String: Hello, World!69
Sep 18, 2023 11:00:13 AM edu.yu.dbimpl.file.Page setString
INFO: setString called with offset: 1400 and String: Hello, World!70
Sep 18, 2023 11:00:13 AM edu.yu.dbimpl.file.Page setString
INFO: setString called with offset: 1420 and String: Hello, World!71
Sep 18, 2023 11:00:13 AM edu.yu.dbimpl.file.Page setString
INFO: setString called with offset: 1440 and String: Hello, World!72
Sep 18, 2023 11:00:13 AM edu.yu.dbimpl.file.Page setString
INFO: setString called with offset: 1460 and String: Hello, World!73
Sep 18, 2023 11:00:13 AM edu.yu.dbimpl.file.Page setString
INFO: setString called with offset: 1480 and String: Hello, World!74
Sep 18, 2023 11:00:13 AM edu.yu.dbimpl.file.Page setString
INFO: setString called with offset: 1500 and String: Hello, World!75
Sep 18, 2023 11:00:13 AM edu.yu.dbimpl.file.Page setString
INFO: setString called with offset: 1520 and String: Hello, World!76
Sep 18, 2023 11:00:13 AM edu.yu.dbimpl.file.Page setString
INFO: setString called with offset: 1540 and String: Hello, World!77
Sep 18, 2023 11:00:13 AM edu.yu.dbimpl.file.Page setString
INFO: setString called with offset: 1560 and String: Hello, World!78
Sep 18, 2023 11:00:13 AM edu.yu.dbimpl.file.Page setString
INFO: setString called with offset: 1580 and String: Hello, World!79
Sep 18, 2023 11:00:13 AM edu.yu.dbimpl.file.Page setString
INFO: setString called with offset: 1600 and String: Hello, World!80
Sep 18, 2023 11:00:13 AM edu.yu.dbimpl.file.Page setString
INFO: setString called with offset: 1620 and String: Hello, World!81
Sep 18, 2023 11:00:13 AM edu.yu.dbimpl.file.Page setString
INFO: setString called with offset: 1640 and String: Hello, World!82
Sep 18, 2023 11:00:13 AM edu.yu.dbimpl.file.Page setString
INFO: setString called with offset: 1660 and String: Hello, World!83
Sep 18, 2023 11:00:13 AM edu.yu.dbimpl.file.Page setString
INFO: setString called with offset: 1680 and String: Hello, World!84
Sep 18, 2023 11:00:13 AM edu.yu.dbimpl.file.Page setString
INFO: setString called with offset: 1700 and String: Hello, World!85
Sep 18, 2023 11:00:13 AM edu.yu.dbimpl.file.Page setString
INFO: setString called with offset: 1720 and String: Hello, World!86
Sep 18, 2023 11:00:13 AM edu.yu.dbimpl.file.Page setString
INFO: setString called with offset: 1740 and String: Hello, World!87
Sep 18, 2023 11:00:13 AM edu.yu.dbimpl.file.Page setString
INFO: setString called with offset: 1760 and String: Hello, World!88
Sep 18, 2023 11:00:13 AM edu.yu.dbimpl.file.Page setString
INFO: setString called with offset: 1780 and String: Hello, World!89
Sep 18, 2023 11:00:13 AM edu.yu.dbimpl.file.Page setString
INFO: setString called with offset: 1800 and String: Hello, World!90
Sep 18, 2023 11:00:13 AM edu.yu.dbimpl.file.Page setString
INFO: setString called with offset: 1820 and String: Hello, World!91
Sep 18, 2023 11:00:13 AM edu.yu.dbimpl.file.Page setString
INFO: setString called with offset: 1840 and String: Hello, World!92
Sep 18, 2023 11:00:13 AM edu.yu.dbimpl.file.Page setString
INFO: setString called with offset: 1860 and String: Hello, World!93
Sep 18, 2023 11:00:13 AM edu.yu.dbimpl.file.Page setString
INFO: setString called with offset: 1880 and String: Hello, World!94
Sep 18, 2023 11:00:13 AM edu.yu.dbimpl.file.Page setString
INFO: setString called with offset: 1900 and String: Hello, World!95
Sep 18, 2023 11:00:13 AM edu.yu.dbimpl.file.Page setString
INFO: setString called with offset: 1920 and String: Hello, World!96
Sep 18, 2023 11:00:13 AM edu.yu.dbimpl.file.Page setString
INFO: setString called with offset: 1940 and String: Hello, World!97
Sep 18, 2023 11:00:13 AM edu.yu.dbimpl.file.Page setString
INFO: setString called with offset: 1960 and String: Hello, World!98
Sep 18, 2023 11:00:13 AM edu.yu.dbimpl.file.Page setString
INFO: setString called with offset: 1980 and String: Hello, World!99
]]></system-err>
  </testcase>
  <testcase name="putInAfewThingsTest" classname="edu.yu.dbimpl.FirstStageTests" time="0.001">
    <system-err><![CDATA[Sep 18, 2023 11:00:13 AM edu.yu.dbimpl.file.Page <init>
INFO: Page created with blocksize
Sep 18, 2023 11:00:13 AM edu.yu.dbimpl.file.Page setInt
INFO: setInt called with offset: 0 and int: 69
Sep 18, 2023 11:00:13 AM edu.yu.dbimpl.file.Page setDouble
INFO: setDouble called with offset: 4 and double: 69.69
Sep 18, 2023 11:00:13 AM edu.yu.dbimpl.file.Page setBoolean
INFO: setBoolean called with offset: 12 and boolean: true
Sep 18, 2023 11:00:13 AM edu.yu.dbimpl.file.Page setString
INFO: setString called with offset: 16 and String: Hello, World!
Sep 18, 2023 11:00:13 AM edu.yu.dbimpl.file.Page getInt
INFO: getInt called with offset: 0
Sep 18, 2023 11:00:13 AM edu.yu.dbimpl.file.Page getDouble
INFO: getDouble called with offset: 4
Sep 18, 2023 11:00:13 AM edu.yu.dbimpl.file.Page getBoolean
INFO: getBoolean called with offset: 12
]]></system-err>
  </testcase>
  <testcase name="putInAfewMoreThings" classname="edu.yu.dbimpl.FirstStageTests" time="0.114">
    <system-err><![CDATA[Sep 18, 2023 11:00:13 AM edu.yu.dbimpl.file.Page <init>
INFO: Page created with blocksize
Sep 18, 2023 11:00:13 AM edu.yu.dbimpl.file.Page setInt
INFO: setInt called with offset: 0 and int: 100
Sep 18, 2023 11:00:13 AM edu.yu.dbimpl.file.Page setInt
INFO: setInt called with offset: 4 and int: 104
Sep 18, 2023 11:00:13 AM edu.yu.dbimpl.file.Page setInt
INFO: setInt called with offset: 8 and int: 108
Sep 18, 2023 11:00:13 AM edu.yu.dbimpl.file.Page setInt
INFO: setInt called with offset: 12 and int: 112
Sep 18, 2023 11:00:13 AM edu.yu.dbimpl.file.Page setInt
INFO: setInt called with offset: 16 and int: 116
Sep 18, 2023 11:00:13 AM edu.yu.dbimpl.file.Page setInt
INFO: setInt called with offset: 20 and int: 120
Sep 18, 2023 11:00:13 AM edu.yu.dbimpl.file.Page setInt
INFO: setInt called with offset: 24 and int: 124
Sep 18, 2023 11:00:13 AM edu.yu.dbimpl.file.Page setInt
INFO: setInt called with offset: 28 and int: 128
Sep 18, 2023 11:00:13 AM edu.yu.dbimpl.file.Page setInt
INFO: setInt called with offset: 32 and int: 132
Sep 18, 2023 11:00:13 AM edu.yu.dbimpl.file.Page setInt
INFO: setInt called with offset: 36 and int: 136
Sep 18, 2023 11:00:13 AM edu.yu.dbimpl.file.Page setInt
INFO: setInt called with offset: 40 and int: 140
Sep 18, 2023 11:00:13 AM edu.yu.dbimpl.file.Page setInt
INFO: setInt called with offset: 44 and int: 144
Sep 18, 2023 11:00:13 AM edu.yu.dbimpl.file.Page setInt
INFO: setInt called with offset: 48 and int: 148
Sep 18, 2023 11:00:13 AM edu.yu.dbimpl.file.Page setInt
INFO: setInt called with offset: 52 and int: 152
Sep 18, 2023 11:00:13 AM edu.yu.dbimpl.file.Page setInt
INFO: setInt called with offset: 56 and int: 156
Sep 18, 2023 11:00:13 AM edu.yu.dbimpl.file.Page setInt
INFO: setInt called with offset: 60 and int: 160
Sep 18, 2023 11:00:13 AM edu.yu.dbimpl.file.Page setInt
INFO: setInt called with offset: 64 and int: 164
Sep 18, 2023 11:00:13 AM edu.yu.dbimpl.file.Page setInt
INFO: setInt called with offset: 68 and int: 168
Sep 18, 2023 11:00:13 AM edu.yu.dbimpl.file.Page setInt
INFO: setInt called with offset: 72 and int: 172
Sep 18, 2023 11:00:13 AM edu.yu.dbimpl.file.Page setInt
INFO: setInt called with offset: 76 and int: 176
Sep 18, 2023 11:00:13 AM edu.yu.dbimpl.file.Page setInt
INFO: setInt called with offset: 80 and int: 180
Sep 18, 2023 11:00:13 AM edu.yu.dbimpl.file.Page setInt
INFO: setInt called with offset: 84 and int: 184
Sep 18, 2023 11:00:13 AM edu.yu.dbimpl.file.Page setInt
INFO: setInt called with offset: 88 and int: 188
Sep 18, 2023 11:00:13 AM edu.yu.dbimpl.file.Page setInt
INFO: setInt called with offset: 92 and int: 192
Sep 18, 2023 11:00:13 AM edu.yu.dbimpl.file.Page setInt
INFO: setInt called with offset: 96 and int: 196
Sep 18, 2023 11:00:13 AM edu.yu.dbimpl.file.Page setInt
INFO: setInt called with offset: 100 and int: 200
Sep 18, 2023 11:00:13 AM edu.yu.dbimpl.file.Page setInt
INFO: setInt called with offset: 104 and int: 204
Sep 18, 2023 11:00:13 AM edu.yu.dbimpl.file.Page setInt
INFO: setInt called with offset: 108 and int: 208
Sep 18, 2023 11:00:13 AM edu.yu.dbimpl.file.Page setInt
INFO: setInt called with offset: 112 and int: 212
Sep 18, 2023 11:00:13 AM edu.yu.dbimpl.file.Page setInt
INFO: setInt called with offset: 116 and int: 216
Sep 18, 2023 11:00:13 AM edu.yu.dbimpl.file.Page setInt
INFO: setInt called with offset: 120 and int: 220
Sep 18, 2023 11:00:13 AM edu.yu.dbimpl.file.Page setInt
INFO: setInt called with offset: 124 and int: 224
Sep 18, 2023 11:00:13 AM edu.yu.dbimpl.file.Page setInt
INFO: setInt called with offset: 128 and int: 228
Sep 18, 2023 11:00:13 AM edu.yu.dbimpl.file.Page setInt
INFO: setInt called with offset: 132 and int: 232
Sep 18, 2023 11:00:13 AM edu.yu.dbimpl.file.Page setInt
INFO: setInt called with offset: 136 and int: 236
Sep 18, 2023 11:00:13 AM edu.yu.dbimpl.file.Page setInt
INFO: setInt called with offset: 140 and int: 240
Sep 18, 2023 11:00:13 AM edu.yu.dbimpl.file.Page setInt
INFO: setInt called with offset: 144 and int: 244
Sep 18, 2023 11:00:13 AM edu.yu.dbimpl.file.Page setInt
INFO: setInt called with offset: 148 and int: 248
Sep 18, 2023 11:00:13 AM edu.yu.dbimpl.file.Page setInt
INFO: setInt called with offset: 152 and int: 252
Sep 18, 2023 11:00:13 AM edu.yu.dbimpl.file.Page setInt
INFO: setInt called with offset: 156 and int: 256
Sep 18, 2023 11:00:13 AM edu.yu.dbimpl.file.Page setInt
INFO: setInt called with offset: 160 and int: 260
Sep 18, 2023 11:00:13 AM edu.yu.dbimpl.file.Page setInt
INFO: setInt called with offset: 164 and int: 264
Sep 18, 2023 11:00:13 AM edu.yu.dbimpl.file.Page setInt
INFO: setInt called with offset: 168 and int: 268
Sep 18, 2023 11:00:13 AM edu.yu.dbimpl.file.Page setInt
INFO: setInt called with offset: 172 and int: 272
Sep 18, 2023 11:00:13 AM edu.yu.dbimpl.file.Page setInt
INFO: setInt called with offset: 176 and int: 276
Sep 18, 2023 11:00:13 AM edu.yu.dbimpl.file.Page setInt
INFO: setInt called with offset: 180 and int: 280
Sep 18, 2023 11:00:13 AM edu.yu.dbimpl.file.Page setInt
INFO: setInt called with offset: 184 and int: 284
Sep 18, 2023 11:00:13 AM edu.yu.dbimpl.file.Page setInt
INFO: setInt called with offset: 188 and int: 288
Sep 18, 2023 11:00:13 AM edu.yu.dbimpl.file.Page setInt
INFO: setInt called with offset: 192 and int: 292
Sep 18, 2023 11:00:13 AM edu.yu.dbimpl.file.Page setInt
INFO: setInt called with offset: 196 and int: 296
Sep 18, 2023 11:00:13 AM edu.yu.dbimpl.file.Page setInt
INFO: setInt called with offset: 200 and int: 300
Sep 18, 2023 11:00:13 AM edu.yu.dbimpl.file.Page setInt
INFO: setInt called with offset: 204 and int: 304
Sep 18, 2023 11:00:13 AM edu.yu.dbimpl.file.Page setInt
INFO: setInt called with offset: 208 and int: 308
Sep 18, 2023 11:00:13 AM edu.yu.dbimpl.file.Page setInt
INFO: setInt called with offset: 212 and int: 312
Sep 18, 2023 11:00:13 AM edu.yu.dbimpl.file.Page setInt
INFO: setInt called with offset: 216 and int: 316
Sep 18, 2023 11:00:13 AM edu.yu.dbimpl.file.Page setInt
INFO: setInt called with offset: 220 and int: 320
Sep 18, 2023 11:00:13 AM edu.yu.dbimpl.file.Page setInt
INFO: setInt called with offset: 224 and int: 324
Sep 18, 2023 11:00:13 AM edu.yu.dbimpl.file.Page setInt
INFO: setInt called with offset: 228 and int: 328
Sep 18, 2023 11:00:13 AM edu.yu.dbimpl.file.Page setInt
INFO: setInt called with offset: 232 and int: 332
Sep 18, 2023 11:00:13 AM edu.yu.dbimpl.file.Page setInt
INFO: setInt called with offset: 236 and int: 336
Sep 18, 2023 11:00:13 AM edu.yu.dbimpl.file.Page setInt
INFO: setInt called with offset: 240 and int: 340
Sep 18, 2023 11:00:13 AM edu.yu.dbimpl.file.Page setInt
INFO: setInt called with offset: 244 and int: 344
Sep 18, 2023 11:00:13 AM edu.yu.dbimpl.file.Page setInt
INFO: setInt called with offset: 248 and int: 348
Sep 18, 2023 11:00:13 AM edu.yu.dbimpl.file.Page setInt
INFO: setInt called with offset: 252 and int: 352
Sep 18, 2023 11:00:13 AM edu.yu.dbimpl.file.Page setInt
INFO: setInt called with offset: 256 and int: 356
Sep 18, 2023 11:00:13 AM edu.yu.dbimpl.file.Page setInt
INFO: setInt called with offset: 260 and int: 360
Sep 18, 2023 11:00:13 AM edu.yu.dbimpl.file.Page setInt
INFO: setInt called with offset: 264 and int: 364
Sep 18, 2023 11:00:13 AM edu.yu.dbimpl.file.Page setInt
INFO: setInt called with offset: 268 and int: 368
Sep 18, 2023 11:00:13 AM edu.yu.dbimpl.file.Page setInt
INFO: setInt called with offset: 272 and int: 372
Sep 18, 2023 11:00:13 AM edu.yu.dbimpl.file.Page setInt
INFO: setInt called with offset: 276 and int: 376
Sep 18, 2023 11:00:13 AM edu.yu.dbimpl.file.Page setInt
INFO: setInt called with offset: 280 and int: 380
Sep 18, 2023 11:00:13 AM edu.yu.dbimpl.file.Page setInt
INFO: setInt called with offset: 284 and int: 384
Sep 18, 2023 11:00:13 AM edu.yu.dbimpl.file.Page setInt
INFO: setInt called with offset: 288 and int: 388
Sep 18, 2023 11:00:13 AM edu.yu.dbimpl.file.Page setInt
INFO: setInt called with offset: 292 and int: 392
Sep 18, 2023 11:00:13 AM edu.yu.dbimpl.file.Page setInt
INFO: setInt called with offset: 296 and int: 396
Sep 18, 2023 11:00:13 AM edu.yu.dbimpl.file.Page setInt
INFO: setInt called with offset: 300 and int: 400
Sep 18, 2023 11:00:13 AM edu.yu.dbimpl.file.Page setInt
INFO: setInt called with offset: 304 and int: 404
Sep 18, 2023 11:00:13 AM edu.yu.dbimpl.file.Page setInt
INFO: setInt called with offset: 308 and int: 408
Sep 18, 2023 11:00:13 AM edu.yu.dbimpl.file.Page setInt
INFO: setInt called with offset: 312 and int: 412
Sep 18, 2023 11:00:13 AM edu.yu.dbimpl.file.Page setInt
INFO: setInt called with offset: 316 and int: 416
Sep 18, 2023 11:00:13 AM edu.yu.dbimpl.file.Page setInt
INFO: setInt called with offset: 320 and int: 420
Sep 18, 2023 11:00:13 AM edu.yu.dbimpl.file.Page setInt
INFO: setInt called with offset: 324 and int: 424
Sep 18, 2023 11:00:13 AM edu.yu.dbimpl.file.Page setInt
INFO: setInt called with offset: 328 and int: 428
Sep 18, 2023 11:00:13 AM edu.yu.dbimpl.file.Page setInt
INFO: setInt called with offset: 332 and int: 432
Sep 18, 2023 11:00:13 AM edu.yu.dbimpl.file.Page setInt
INFO: setInt called with offset: 336 and int: 436
Sep 18, 2023 11:00:13 AM edu.yu.dbimpl.file.Page setInt
INFO: setInt called with offset: 340 and int: 440
Sep 18, 2023 11:00:13 AM edu.yu.dbimpl.file.Page setInt
INFO: setInt called with offset: 344 and int: 444
Sep 18, 2023 11:00:13 AM edu.yu.dbimpl.file.Page setInt
INFO: setInt called with offset: 348 and int: 448
Sep 18, 2023 11:00:13 AM edu.yu.dbimpl.file.Page setInt
INFO: setInt called with offset: 352 and int: 452
Sep 18, 2023 11:00:13 AM edu.yu.dbimpl.file.Page setInt
INFO: setInt called with offset: 356 and int: 456
Sep 18, 2023 11:00:13 AM edu.yu.dbimpl.file.Page setInt
INFO: setInt called with offset: 360 and int: 460
Sep 18, 2023 11:00:13 AM edu.yu.dbimpl.file.Page setInt
INFO: setInt called with offset: 364 and int: 464
Sep 18, 2023 11:00:13 AM edu.yu.dbimpl.file.Page setInt
INFO: setInt called with offset: 368 and int: 468
Sep 18, 2023 11:00:13 AM edu.yu.dbimpl.file.Page setInt
INFO: setInt called with offset: 372 and int: 472
Sep 18, 2023 11:00:13 AM edu.yu.dbimpl.file.Page setInt
INFO: setInt called with offset: 376 and int: 476
Sep 18, 2023 11:00:13 AM edu.yu.dbimpl.file.Page setInt
INFO: setInt called with offset: 380 and int: 480
Sep 18, 2023 11:00:13 AM edu.yu.dbimpl.file.Page setInt
INFO: setInt called with offset: 384 and int: 484
Sep 18, 2023 11:00:13 AM edu.yu.dbimpl.file.Page setInt
INFO: setInt called with offset: 388 and int: 488
Sep 18, 2023 11:00:13 AM edu.yu.dbimpl.file.Page setInt
INFO: setInt called with offset: 392 and int: 492
Sep 18, 2023 11:00:13 AM edu.yu.dbimpl.file.Page setInt
INFO: setInt called with offset: 396 and int: 496
Sep 18, 2023 11:00:13 AM edu.yu.dbimpl.file.Page setInt
INFO: setInt called with offset: 400 and int: 500
Sep 18, 2023 11:00:13 AM edu.yu.dbimpl.file.Page setInt
INFO: setInt called with offset: 404 and int: 504
Sep 18, 2023 11:00:13 AM edu.yu.dbimpl.file.Page setInt
INFO: setInt called with offset: 408 and int: 508
Sep 18, 2023 11:00:13 AM edu.yu.dbimpl.file.Page setInt
INFO: setInt called with offset: 412 and int: 512
Sep 18, 2023 11:00:13 AM edu.yu.dbimpl.file.Page setInt
INFO: setInt called with offset: 416 and int: 516
Sep 18, 2023 11:00:13 AM edu.yu.dbimpl.file.Page setInt
INFO: setInt called with offset: 420 and int: 520
Sep 18, 2023 11:00:13 AM edu.yu.dbimpl.file.Page setInt
INFO: setInt called with offset: 424 and int: 524
Sep 18, 2023 11:00:13 AM edu.yu.dbimpl.file.Page setInt
INFO: setInt called with offset: 428 and int: 528
Sep 18, 2023 11:00:13 AM edu.yu.dbimpl.file.Page setInt
INFO: setInt called with offset: 432 and int: 532
Sep 18, 2023 11:00:13 AM edu.yu.dbimpl.file.Page setInt
INFO: setInt called with offset: 436 and int: 536
Sep 18, 2023 11:00:13 AM edu.yu.dbimpl.file.Page setInt
INFO: setInt called with offset: 440 and int: 540
Sep 18, 2023 11:00:13 AM edu.yu.dbimpl.file.Page setInt
INFO: setInt called with offset: 444 and int: 544
Sep 18, 2023 11:00:13 AM edu.yu.dbimpl.file.Page setInt
INFO: setInt called with offset: 448 and int: 548
Sep 18, 2023 11:00:13 AM edu.yu.dbimpl.file.Page setInt
INFO: setInt called with offset: 452 and int: 552
Sep 18, 2023 11:00:13 AM edu.yu.dbimpl.file.Page setInt
INFO: setInt called with offset: 456 and int: 556
Sep 18, 2023 11:00:13 AM edu.yu.dbimpl.file.Page setInt
INFO: setInt called with offset: 460 and int: 560
Sep 18, 2023 11:00:13 AM edu.yu.dbimpl.file.Page setInt
INFO: setInt called with offset: 464 and int: 564
Sep 18, 2023 11:00:13 AM edu.yu.dbimpl.file.Page setInt
INFO: setInt called with offset: 468 and int: 568
Sep 18, 2023 11:00:13 AM edu.yu.dbimpl.file.Page setInt
INFO: setInt called with offset: 472 and int: 572
Sep 18, 2023 11:00:13 AM edu.yu.dbimpl.file.Page setInt
INFO: setInt called with offset: 476 and int: 576
Sep 18, 2023 11:00:13 AM edu.yu.dbimpl.file.Page setInt
INFO: setInt called with offset: 480 and int: 580
Sep 18, 2023 11:00:13 AM edu.yu.dbimpl.file.Page setInt
INFO: setInt called with offset: 484 and int: 584
Sep 18, 2023 11:00:13 AM edu.yu.dbimpl.file.Page setInt
INFO: setInt called with offset: 488 and int: 588
Sep 18, 2023 11:00:13 AM edu.yu.dbimpl.file.Page setInt
INFO: setInt called with offset: 492 and int: 592
Sep 18, 2023 11:00:13 AM edu.yu.dbimpl.file.Page setInt
INFO: setInt called with offset: 496 and int: 596
Sep 18, 2023 11:00:13 AM edu.yu.dbimpl.file.Page setInt
INFO: setInt called with offset: 500 and int: 600
Sep 18, 2023 11:00:13 AM edu.yu.dbimpl.file.Page setInt
INFO: setInt called with offset: 504 and int: 604
Sep 18, 2023 11:00:13 AM edu.yu.dbimpl.file.Page setInt
INFO: setInt called with offset: 508 and int: 608
Sep 18, 2023 11:00:13 AM edu.yu.dbimpl.file.Page setInt
INFO: setInt called with offset: 512 and int: 612
Sep 18, 2023 11:00:13 AM edu.yu.dbimpl.file.Page setInt
INFO: setInt called with offset: 516 and int: 616
Sep 18, 2023 11:00:13 AM edu.yu.dbimpl.file.Page setInt
INFO: setInt called with offset: 520 and int: 620
Sep 18, 2023 11:00:13 AM edu.yu.dbimpl.file.Page setInt
INFO: setInt called with offset: 524 and int: 624
Sep 18, 2023 11:00:13 AM edu.yu.dbimpl.file.Page setInt
INFO: setInt called with offset: 528 and int: 628
Sep 18, 2023 11:00:13 AM edu.yu.dbimpl.file.Page setInt
INFO: setInt called with offset: 532 and int: 632
Sep 18, 2023 11:00:13 AM edu.yu.dbimpl.file.Page setInt
INFO: setInt called with offset: 536 and int: 636
Sep 18, 2023 11:00:13 AM edu.yu.dbimpl.file.Page setInt
INFO: setInt called with offset: 540 and int: 640
Sep 18, 2023 11:00:13 AM edu.yu.dbimpl.file.Page setInt
INFO: setInt called with offset: 544 and int: 644
Sep 18, 2023 11:00:13 AM edu.yu.dbimpl.file.Page setInt
INFO: setInt called with offset: 548 and int: 648
Sep 18, 2023 11:00:13 AM edu.yu.dbimpl.file.Page setInt
INFO: setInt called with offset: 552 and int: 652
Sep 18, 2023 11:00:13 AM edu.yu.dbimpl.file.Page setInt
INFO: setInt called with offset: 556 and int: 656
Sep 18, 2023 11:00:13 AM edu.yu.dbimpl.file.Page setInt
INFO: setInt called with offset: 560 and int: 660
Sep 18, 2023 11:00:13 AM edu.yu.dbimpl.file.Page setInt
INFO: setInt called with offset: 564 and int: 664
Sep 18, 2023 11:00:13 AM edu.yu.dbimpl.file.Page setInt
INFO: setInt called with offset: 568 and int: 668
Sep 18, 2023 11:00:13 AM edu.yu.dbimpl.file.Page setInt
INFO: setInt called with offset: 572 and int: 672
Sep 18, 2023 11:00:13 AM edu.yu.dbimpl.file.Page setInt
INFO: setInt called with offset: 576 and int: 676
Sep 18, 2023 11:00:13 AM edu.yu.dbimpl.file.Page setInt
INFO: setInt called with offset: 580 and int: 680
Sep 18, 2023 11:00:13 AM edu.yu.dbimpl.file.Page setInt
INFO: setInt called with offset: 584 and int: 684
Sep 18, 2023 11:00:13 AM edu.yu.dbimpl.file.Page setInt
INFO: setInt called with offset: 588 and int: 688
Sep 18, 2023 11:00:13 AM edu.yu.dbimpl.file.Page setInt
INFO: setInt called with offset: 592 and int: 692
Sep 18, 2023 11:00:13 AM edu.yu.dbimpl.file.Page setInt
INFO: setInt called with offset: 596 and int: 696
Sep 18, 2023 11:00:13 AM edu.yu.dbimpl.file.Page setInt
INFO: setInt called with offset: 600 and int: 700
Sep 18, 2023 11:00:13 AM edu.yu.dbimpl.file.Page setInt
INFO: setInt called with offset: 604 and int: 704
Sep 18, 2023 11:00:13 AM edu.yu.dbimpl.file.Page setInt
INFO: setInt called with offset: 608 and int: 708
Sep 18, 2023 11:00:13 AM edu.yu.dbimpl.file.Page setInt
INFO: setInt called with offset: 612 and int: 712
Sep 18, 2023 11:00:13 AM edu.yu.dbimpl.file.Page setInt
INFO: setInt called with offset: 616 and int: 716
Sep 18, 2023 11:00:13 AM edu.yu.dbimpl.file.Page setInt
INFO: setInt called with offset: 620 and int: 720
Sep 18, 2023 11:00:13 AM edu.yu.dbimpl.file.Page setInt
INFO: setInt called with offset: 624 and int: 724
Sep 18, 2023 11:00:13 AM edu.yu.dbimpl.file.Page setInt
INFO: setInt called with offset: 628 and int: 728
Sep 18, 2023 11:00:13 AM edu.yu.dbimpl.file.Page setInt
INFO: setInt called with offset: 632 and int: 732
Sep 18, 2023 11:00:13 AM edu.yu.dbimpl.file.Page setInt
INFO: setInt called with offset: 636 and int: 736
Sep 18, 2023 11:00:13 AM edu.yu.dbimpl.file.Page setInt
INFO: setInt called with offset: 640 and int: 740
Sep 18, 2023 11:00:13 AM edu.yu.dbimpl.file.Page setInt
INFO: setInt called with offset: 644 and int: 744
Sep 18, 2023 11:00:13 AM edu.yu.dbimpl.file.Page setInt
INFO: setInt called with offset: 648 and int: 748
Sep 18, 2023 11:00:13 AM edu.yu.dbimpl.file.Page setInt
INFO: setInt called with offset: 652 and int: 752
Sep 18, 2023 11:00:13 AM edu.yu.dbimpl.file.Page setInt
INFO: setInt called with offset: 656 and int: 756
Sep 18, 2023 11:00:13 AM edu.yu.dbimpl.file.Page setInt
INFO: setInt called with offset: 660 and int: 760
Sep 18, 2023 11:00:13 AM edu.yu.dbimpl.file.Page setInt
INFO: setInt called with offset: 664 and int: 764
Sep 18, 2023 11:00:13 AM edu.yu.dbimpl.file.Page setInt
INFO: setInt called with offset: 668 and int: 768
Sep 18, 2023 11:00:13 AM edu.yu.dbimpl.file.Page setInt
INFO: setInt called with offset: 672 and int: 772
Sep 18, 2023 11:00:13 AM edu.yu.dbimpl.file.Page setInt
INFO: setInt called with offset: 676 and int: 776
Sep 18, 2023 11:00:13 AM edu.yu.dbimpl.file.Page setInt
INFO: setInt called with offset: 680 and int: 780
Sep 18, 2023 11:00:13 AM edu.yu.dbimpl.file.Page setInt
INFO: setInt called with offset: 684 and int: 784
Sep 18, 2023 11:00:13 AM edu.yu.dbimpl.file.Page setInt
INFO: setInt called with offset: 688 and int: 788
Sep 18, 2023 11:00:13 AM edu.yu.dbimpl.file.Page setInt
INFO: setInt called with offset: 692 and int: 792
Sep 18, 2023 11:00:13 AM edu.yu.dbimpl.file.Page setInt
INFO: setInt called with offset: 696 and int: 796
Sep 18, 2023 11:00:13 AM edu.yu.dbimpl.file.Page setInt
INFO: setInt called with offset: 700 and int: 800
Sep 18, 2023 11:00:13 AM edu.yu.dbimpl.file.Page setInt
INFO: setInt called with offset: 704 and int: 804
Sep 18, 2023 11:00:13 AM edu.yu.dbimpl.file.Page setInt
INFO: setInt called with offset: 708 and int: 808
Sep 18, 2023 11:00:13 AM edu.yu.dbimpl.file.Page setInt
INFO: setInt called with offset: 712 and int: 812
Sep 18, 2023 11:00:13 AM edu.yu.dbimpl.file.Page setInt
INFO: setInt called with offset: 716 and int: 816
Sep 18, 2023 11:00:13 AM edu.yu.dbimpl.file.Page setInt
INFO: setInt called with offset: 720 and int: 820
Sep 18, 2023 11:00:13 AM edu.yu.dbimpl.file.Page setInt
INFO: setInt called with offset: 724 and int: 824
Sep 18, 2023 11:00:13 AM edu.yu.dbimpl.file.Page setInt
INFO: setInt called with offset: 728 and int: 828
Sep 18, 2023 11:00:13 AM edu.yu.dbimpl.file.Page setInt
INFO: setInt called with offset: 732 and int: 832
Sep 18, 2023 11:00:13 AM edu.yu.dbimpl.file.Page setInt
INFO: setInt called with offset: 736 and int: 836
Sep 18, 2023 11:00:13 AM edu.yu.dbimpl.file.Page setInt
INFO: setInt called with offset: 740 and int: 840
Sep 18, 2023 11:00:13 AM edu.yu.dbimpl.file.Page setInt
INFO: setInt called with offset: 744 and int: 844
Sep 18, 2023 11:00:13 AM edu.yu.dbimpl.file.Page setInt
INFO: setInt called with offset: 748 and int: 848
Sep 18, 2023 11:00:13 AM edu.yu.dbimpl.file.Page setInt
INFO: setInt called with offset: 752 and int: 852
Sep 18, 2023 11:00:13 AM edu.yu.dbimpl.file.Page setInt
INFO: setInt called with offset: 756 and int: 856
Sep 18, 2023 11:00:13 AM edu.yu.dbimpl.file.Page setInt
INFO: setInt called with offset: 760 and int: 860
Sep 18, 2023 11:00:13 AM edu.yu.dbimpl.file.Page setInt
INFO: setInt called with offset: 764 and int: 864
Sep 18, 2023 11:00:13 AM edu.yu.dbimpl.file.Page setInt
INFO: setInt called with offset: 768 and int: 868
Sep 18, 2023 11:00:13 AM edu.yu.dbimpl.file.Page setInt
INFO: setInt called with offset: 772 and int: 872
Sep 18, 2023 11:00:13 AM edu.yu.dbimpl.file.Page setInt
INFO: setInt called with offset: 776 and int: 876
Sep 18, 2023 11:00:13 AM edu.yu.dbimpl.file.Page setInt
INFO: setInt called with offset: 780 and int: 880
Sep 18, 2023 11:00:13 AM edu.yu.dbimpl.file.Page setInt
INFO: setInt called with offset: 784 and int: 884
Sep 18, 2023 11:00:13 AM edu.yu.dbimpl.file.Page setInt
INFO: setInt called with offset: 788 and int: 888
Sep 18, 2023 11:00:13 AM edu.yu.dbimpl.file.Page setInt
INFO: setInt called with offset: 792 and int: 892
Sep 18, 2023 11:00:13 AM edu.yu.dbimpl.file.Page setInt
INFO: setInt called with offset: 796 and int: 896
Sep 18, 2023 11:00:13 AM edu.yu.dbimpl.file.Page setInt
INFO: setInt called with offset: 800 and int: 900
Sep 18, 2023 11:00:13 AM edu.yu.dbimpl.file.Page setInt
INFO: setInt called with offset: 804 and int: 904
Sep 18, 2023 11:00:13 AM edu.yu.dbimpl.file.Page setInt
INFO: setInt called with offset: 808 and int: 908
Sep 18, 2023 11:00:13 AM edu.yu.dbimpl.file.Page setInt
INFO: setInt called with offset: 812 and int: 912
Sep 18, 2023 11:00:13 AM edu.yu.dbimpl.file.Page setInt
INFO: setInt called with offset: 816 and int: 916
Sep 18, 2023 11:00:13 AM edu.yu.dbimpl.file.Page setInt
INFO: setInt called with offset: 820 and int: 920
Sep 18, 2023 11:00:13 AM edu.yu.dbimpl.file.Page setInt
INFO: setInt called with offset: 824 and int: 924
Sep 18, 2023 11:00:13 AM edu.yu.dbimpl.file.Page setInt
INFO: setInt called with offset: 828 and int: 928
Sep 18, 2023 11:00:13 AM edu.yu.dbimpl.file.Page setInt
INFO: setInt called with offset: 832 and int: 932
Sep 18, 2023 11:00:13 AM edu.yu.dbimpl.file.Page setInt
INFO: setInt called with offset: 836 and int: 936
Sep 18, 2023 11:00:13 AM edu.yu.dbimpl.file.Page setInt
INFO: setInt called with offset: 840 and int: 940
Sep 18, 2023 11:00:13 AM edu.yu.dbimpl.file.Page setInt
INFO: setInt called with offset: 844 and int: 944
Sep 18, 2023 11:00:13 AM edu.yu.dbimpl.file.Page setInt
INFO: setInt called with offset: 848 and int: 948
Sep 18, 2023 11:00:13 AM edu.yu.dbimpl.file.Page setInt
INFO: setInt called with offset: 852 and int: 952
Sep 18, 2023 11:00:13 AM edu.yu.dbimpl.file.Page setInt
INFO: setInt called with offset: 856 and int: 956
Sep 18, 2023 11:00:13 AM edu.yu.dbimpl.file.Page setInt
INFO: setInt called with offset: 860 and int: 960
Sep 18, 2023 11:00:13 AM edu.yu.dbimpl.file.Page setInt
INFO: setInt called with offset: 864 and int: 964
Sep 18, 2023 11:00:13 AM edu.yu.dbimpl.file.Page setInt
INFO: setInt called with offset: 868 and int: 968
Sep 18, 2023 11:00:13 AM edu.yu.dbimpl.file.Page setInt
INFO: setInt called with offset: 872 and int: 972
Sep 18, 2023 11:00:13 AM edu.yu.dbimpl.file.Page setInt
INFO: setInt called with offset: 876 and int: 976
Sep 18, 2023 11:00:13 AM edu.yu.dbimpl.file.Page setInt
INFO: setInt called with offset: 880 and int: 980
Sep 18, 2023 11:00:13 AM edu.yu.dbimpl.file.Page setInt
INFO: setInt called with offset: 884 and int: 984
Sep 18, 2023 11:00:13 AM edu.yu.dbimpl.file.Page setInt
INFO: setInt called with offset: 888 and int: 988
Sep 18, 2023 11:00:13 AM edu.yu.dbimpl.file.Page setInt
INFO: setInt called with offset: 892 and int: 992
Sep 18, 2023 11:00:13 AM edu.yu.dbimpl.file.Page setInt
INFO: setInt called with offset: 896 and int: 996
Sep 18, 2023 11:00:13 AM edu.yu.dbimpl.file.Page setInt
INFO: setInt called with offset: 900 and int: 1000
Sep 18, 2023 11:00:13 AM edu.yu.dbimpl.file.Page setInt
INFO: setInt called with offset: 904 and int: 1004
Sep 18, 2023 11:00:13 AM edu.yu.dbimpl.file.Page setInt
INFO: setInt called with offset: 908 and int: 1008
Sep 18, 2023 11:00:13 AM edu.yu.dbimpl.file.Page setInt
INFO: setInt called with offset: 912 and int: 1012
Sep 18, 2023 11:00:13 AM edu.yu.dbimpl.file.Page setInt
INFO: setInt called with offset: 916 and int: 1016
Sep 18, 2023 11:00:13 AM edu.yu.dbimpl.file.Page setInt
INFO: setInt called with offset: 920 and int: 1020
Sep 18, 2023 11:00:13 AM edu.yu.dbimpl.file.Page setInt
INFO: setInt called with offset: 924 and int: 1024
Sep 18, 2023 11:00:13 AM edu.yu.dbimpl.file.Page setInt
INFO: setInt called with offset: 928 and int: 1028
Sep 18, 2023 11:00:13 AM edu.yu.dbimpl.file.Page setInt
INFO: setInt called with offset: 932 and int: 1032
Sep 18, 2023 11:00:13 AM edu.yu.dbimpl.file.Page setInt
INFO: setInt called with offset: 936 and int: 1036
Sep 18, 2023 11:00:13 AM edu.yu.dbimpl.file.Page setInt
INFO: setInt called with offset: 940 and int: 1040
Sep 18, 2023 11:00:13 AM edu.yu.dbimpl.file.Page setInt
INFO: setInt called with offset: 944 and int: 1044
Sep 18, 2023 11:00:13 AM edu.yu.dbimpl.file.Page setInt
INFO: setInt called with offset: 948 and int: 1048
Sep 18, 2023 11:00:13 AM edu.yu.dbimpl.file.Page setInt
INFO: setInt called with offset: 952 and int: 1052
Sep 18, 2023 11:00:13 AM edu.yu.dbimpl.file.Page setInt
INFO: setInt called with offset: 956 and int: 1056
Sep 18, 2023 11:00:13 AM edu.yu.dbimpl.file.Page setInt
INFO: setInt called with offset: 960 and int: 1060
Sep 18, 2023 11:00:13 AM edu.yu.dbimpl.file.Page setInt
INFO: setInt called with offset: 964 and int: 1064
Sep 18, 2023 11:00:13 AM edu.yu.dbimpl.file.Page setInt
INFO: setInt called with offset: 968 and int: 1068
Sep 18, 2023 11:00:13 AM edu.yu.dbimpl.file.Page setInt
INFO: setInt called with offset: 972 and int: 1072
Sep 18, 2023 11:00:13 AM edu.yu.dbimpl.file.Page setInt
INFO: setInt called with offset: 976 and int: 1076
Sep 18, 2023 11:00:13 AM edu.yu.dbimpl.file.Page setInt
INFO: setInt called with offset: 980 and int: 1080
Sep 18, 2023 11:00:13 AM edu.yu.dbimpl.file.Page setInt
INFO: setInt called with offset: 984 and int: 1084
Sep 18, 2023 11:00:13 AM edu.yu.dbimpl.file.Page setInt
INFO: setInt called with offset: 988 and int: 1088
Sep 18, 2023 11:00:13 AM edu.yu.dbimpl.file.Page setInt
INFO: setInt called with offset: 992 and int: 1092
Sep 18, 2023 11:00:13 AM edu.yu.dbimpl.file.Page setInt
INFO: setInt called with offset: 996 and int: 1096
Sep 18, 2023 11:00:13 AM edu.yu.dbimpl.file.Page getInt
INFO: getInt called with offset: 0
Sep 18, 2023 11:00:13 AM edu.yu.dbimpl.file.Page getInt
INFO: getInt called with offset: 4
Sep 18, 2023 11:00:13 AM edu.yu.dbimpl.file.Page getInt
INFO: getInt called with offset: 8
Sep 18, 2023 11:00:13 AM edu.yu.dbimpl.file.Page getInt
INFO: getInt called with offset: 12
Sep 18, 2023 11:00:13 AM edu.yu.dbimpl.file.Page getInt
INFO: getInt called with offset: 16
Sep 18, 2023 11:00:13 AM edu.yu.dbimpl.file.Page getInt
INFO: getInt called with offset: 20
Sep 18, 2023 11:00:13 AM edu.yu.dbimpl.file.Page getInt
INFO: getInt called with offset: 24
Sep 18, 2023 11:00:13 AM edu.yu.dbimpl.file.Page getInt
INFO: getInt called with offset: 28
Sep 18, 2023 11:00:13 AM edu.yu.dbimpl.file.Page getInt
INFO: getInt called with offset: 32
Sep 18, 2023 11:00:13 AM edu.yu.dbimpl.file.Page getInt
INFO: getInt called with offset: 36
Sep 18, 2023 11:00:13 AM edu.yu.dbimpl.file.Page getInt
INFO: getInt called with offset: 40
Sep 18, 2023 11:00:13 AM edu.yu.dbimpl.file.Page getInt
INFO: getInt called with offset: 44
Sep 18, 2023 11:00:13 AM edu.yu.dbimpl.file.Page getInt
INFO: getInt called with offset: 48
Sep 18, 2023 11:00:13 AM edu.yu.dbimpl.file.Page getInt
INFO: getInt called with offset: 52
Sep 18, 2023 11:00:13 AM edu.yu.dbimpl.file.Page getInt
INFO: getInt called with offset: 56
Sep 18, 2023 11:00:13 AM edu.yu.dbimpl.file.Page getInt
INFO: getInt called with offset: 60
Sep 18, 2023 11:00:13 AM edu.yu.dbimpl.file.Page getInt
INFO: getInt called with offset: 64
Sep 18, 2023 11:00:13 AM edu.yu.dbimpl.file.Page getInt
INFO: getInt called with offset: 68
Sep 18, 2023 11:00:13 AM edu.yu.dbimpl.file.Page getInt
INFO: getInt called with offset: 72
Sep 18, 2023 11:00:13 AM edu.yu.dbimpl.file.Page getInt
INFO: getInt called with offset: 76
Sep 18, 2023 11:00:13 AM edu.yu.dbimpl.file.Page getInt
INFO: getInt called with offset: 80
Sep 18, 2023 11:00:13 AM edu.yu.dbimpl.file.Page getInt
INFO: getInt called with offset: 84
Sep 18, 2023 11:00:13 AM edu.yu.dbimpl.file.Page getInt
INFO: getInt called with offset: 88
Sep 18, 2023 11:00:13 AM edu.yu.dbimpl.file.Page getInt
INFO: getInt called with offset: 92
Sep 18, 2023 11:00:13 AM edu.yu.dbimpl.file.Page getInt
INFO: getInt called with offset: 96
Sep 18, 2023 11:00:13 AM edu.yu.dbimpl.file.Page getInt
INFO: getInt called with offset: 100
Sep 18, 2023 11:00:13 AM edu.yu.dbimpl.file.Page getInt
INFO: getInt called with offset: 104
Sep 18, 2023 11:00:13 AM edu.yu.dbimpl.file.Page getInt
INFO: getInt called with offset: 108
Sep 18, 2023 11:00:13 AM edu.yu.dbimpl.file.Page getInt
INFO: getInt called with offset: 112
Sep 18, 2023 11:00:13 AM edu.yu.dbimpl.file.Page getInt
INFO: getInt called with offset: 116
Sep 18, 2023 11:00:13 AM edu.yu.dbimpl.file.Page getInt
INFO: getInt called with offset: 120
Sep 18, 2023 11:00:13 AM edu.yu.dbimpl.file.Page getInt
INFO: getInt called with offset: 124
Sep 18, 2023 11:00:13 AM edu.yu.dbimpl.file.Page getInt
INFO: getInt called with offset: 128
Sep 18, 2023 11:00:13 AM edu.yu.dbimpl.file.Page getInt
INFO: getInt called with offset: 132
Sep 18, 2023 11:00:13 AM edu.yu.dbimpl.file.Page getInt
INFO: getInt called with offset: 136
Sep 18, 2023 11:00:13 AM edu.yu.dbimpl.file.Page getInt
INFO: getInt called with offset: 140
Sep 18, 2023 11:00:13 AM edu.yu.dbimpl.file.Page getInt
INFO: getInt called with offset: 144
Sep 18, 2023 11:00:13 AM edu.yu.dbimpl.file.Page getInt
INFO: getInt called with offset: 148
Sep 18, 2023 11:00:13 AM edu.yu.dbimpl.file.Page getInt
INFO: getInt called with offset: 152
Sep 18, 2023 11:00:13 AM edu.yu.dbimpl.file.Page getInt
INFO: getInt called with offset: 156
Sep 18, 2023 11:00:13 AM edu.yu.dbimpl.file.Page getInt
INFO: getInt called with offset: 160
Sep 18, 2023 11:00:13 AM edu.yu.dbimpl.file.Page getInt
INFO: getInt called with offset: 164
Sep 18, 2023 11:00:13 AM edu.yu.dbimpl.file.Page getInt
INFO: getInt called with offset: 168
Sep 18, 2023 11:00:13 AM edu.yu.dbimpl.file.Page getInt
INFO: getInt called with offset: 172
Sep 18, 2023 11:00:13 AM edu.yu.dbimpl.file.Page getInt
INFO: getInt called with offset: 176
Sep 18, 2023 11:00:13 AM edu.yu.dbimpl.file.Page getInt
INFO: getInt called with offset: 180
Sep 18, 2023 11:00:13 AM edu.yu.dbimpl.file.Page getInt
INFO: getInt called with offset: 184
Sep 18, 2023 11:00:13 AM edu.yu.dbimpl.file.Page getInt
INFO: getInt called with offset: 188
Sep 18, 2023 11:00:13 AM edu.yu.dbimpl.file.Page getInt
INFO: getInt called with offset: 192
Sep 18, 2023 11:00:13 AM edu.yu.dbimpl.file.Page getInt
INFO: getInt called with offset: 196
Sep 18, 2023 11:00:13 AM edu.yu.dbimpl.file.Page getInt
INFO: getInt called with offset: 200
Sep 18, 2023 11:00:13 AM edu.yu.dbimpl.file.Page getInt
INFO: getInt called with offset: 204
Sep 18, 2023 11:00:13 AM edu.yu.dbimpl.file.Page getInt
INFO: getInt called with offset: 208
Sep 18, 2023 11:00:13 AM edu.yu.dbimpl.file.Page getInt
INFO: getInt called with offset: 212
Sep 18, 2023 11:00:13 AM edu.yu.dbimpl.file.Page getInt
INFO: getInt called with offset: 216
Sep 18, 2023 11:00:13 AM edu.yu.dbimpl.file.Page getInt
INFO: getInt called with offset: 220
Sep 18, 2023 11:00:13 AM edu.yu.dbimpl.file.Page getInt
INFO: getInt called with offset: 224
Sep 18, 2023 11:00:13 AM edu.yu.dbimpl.file.Page getInt
INFO: getInt called with offset: 228
Sep 18, 2023 11:00:13 AM edu.yu.dbimpl.file.Page getInt
INFO: getInt called with offset: 232
Sep 18, 2023 11:00:13 AM edu.yu.dbimpl.file.Page getInt
INFO: getInt called with offset: 236
Sep 18, 2023 11:00:13 AM edu.yu.dbimpl.file.Page getInt
INFO: getInt called with offset: 240
Sep 18, 2023 11:00:13 AM edu.yu.dbimpl.file.Page getInt
INFO: getInt called with offset: 244
Sep 18, 2023 11:00:13 AM edu.yu.dbimpl.file.Page getInt
INFO: getInt called with offset: 248
Sep 18, 2023 11:00:13 AM edu.yu.dbimpl.file.Page getInt
INFO: getInt called with offset: 252
Sep 18, 2023 11:00:13 AM edu.yu.dbimpl.file.Page getInt
INFO: getInt called with offset: 256
Sep 18, 2023 11:00:13 AM edu.yu.dbimpl.file.Page getInt
INFO: getInt called with offset: 260
Sep 18, 2023 11:00:13 AM edu.yu.dbimpl.file.Page getInt
INFO: getInt called with offset: 264
Sep 18, 2023 11:00:13 AM edu.yu.dbimpl.file.Page getInt
INFO: getInt called with offset: 268
Sep 18, 2023 11:00:13 AM edu.yu.dbimpl.file.Page getInt
INFO: getInt called with offset: 272
Sep 18, 2023 11:00:13 AM edu.yu.dbimpl.file.Page getInt
INFO: getInt called with offset: 276
Sep 18, 2023 11:00:13 AM edu.yu.dbimpl.file.Page getInt
INFO: getInt called with offset: 280
Sep 18, 2023 11:00:13 AM edu.yu.dbimpl.file.Page getInt
INFO: getInt called with offset: 284
Sep 18, 2023 11:00:13 AM edu.yu.dbimpl.file.Page getInt
INFO: getInt called with offset: 288
Sep 18, 2023 11:00:13 AM edu.yu.dbimpl.file.Page getInt
INFO: getInt called with offset: 292
Sep 18, 2023 11:00:13 AM edu.yu.dbimpl.file.Page getInt
INFO: getInt called with offset: 296
Sep 18, 2023 11:00:13 AM edu.yu.dbimpl.file.Page getInt
INFO: getInt called with offset: 300
Sep 18, 2023 11:00:13 AM edu.yu.dbimpl.file.Page getInt
INFO: getInt called with offset: 304
Sep 18, 2023 11:00:13 AM edu.yu.dbimpl.file.Page getInt
INFO: getInt called with offset: 308
Sep 18, 2023 11:00:13 AM edu.yu.dbimpl.file.Page getInt
INFO: getInt called with offset: 312
Sep 18, 2023 11:00:13 AM edu.yu.dbimpl.file.Page getInt
INFO: getInt called with offset: 316
Sep 18, 2023 11:00:13 AM edu.yu.dbimpl.file.Page getInt
INFO: getInt called with offset: 320
Sep 18, 2023 11:00:13 AM edu.yu.dbimpl.file.Page getInt
INFO: getInt called with offset: 324
Sep 18, 2023 11:00:13 AM edu.yu.dbimpl.file.Page getInt
INFO: getInt called with offset: 328
Sep 18, 2023 11:00:13 AM edu.yu.dbimpl.file.Page getInt
INFO: getInt called with offset: 332
Sep 18, 2023 11:00:13 AM edu.yu.dbimpl.file.Page getInt
INFO: getInt called with offset: 336
Sep 18, 2023 11:00:13 AM edu.yu.dbimpl.file.Page getInt
INFO: getInt called with offset: 340
Sep 18, 2023 11:00:13 AM edu.yu.dbimpl.file.Page getInt
INFO: getInt called with offset: 344
Sep 18, 2023 11:00:13 AM edu.yu.dbimpl.file.Page getInt
INFO: getInt called with offset: 348
Sep 18, 2023 11:00:13 AM edu.yu.dbimpl.file.Page getInt
INFO: getInt called with offset: 352
Sep 18, 2023 11:00:13 AM edu.yu.dbimpl.file.Page getInt
INFO: getInt called with offset: 356
Sep 18, 2023 11:00:13 AM edu.yu.dbimpl.file.Page getInt
INFO: getInt called with offset: 360
Sep 18, 2023 11:00:13 AM edu.yu.dbimpl.file.Page getInt
INFO: getInt called with offset: 364
Sep 18, 2023 11:00:13 AM edu.yu.dbimpl.file.Page getInt
INFO: getInt called with offset: 368
Sep 18, 2023 11:00:13 AM edu.yu.dbimpl.file.Page getInt
INFO: getInt called with offset: 372
Sep 18, 2023 11:00:13 AM edu.yu.dbimpl.file.Page getInt
INFO: getInt called with offset: 376
Sep 18, 2023 11:00:13 AM edu.yu.dbimpl.file.Page getInt
INFO: getInt called with offset: 380
Sep 18, 2023 11:00:13 AM edu.yu.dbimpl.file.Page getInt
INFO: getInt called with offset: 384
Sep 18, 2023 11:00:13 AM edu.yu.dbimpl.file.Page getInt
INFO: getInt called with offset: 388
Sep 18, 2023 11:00:13 AM edu.yu.dbimpl.file.Page getInt
INFO: getInt called with offset: 392
Sep 18, 2023 11:00:13 AM edu.yu.dbimpl.file.Page getInt
INFO: getInt called with offset: 396
Sep 18, 2023 11:00:13 AM edu.yu.dbimpl.file.Page getInt
INFO: getInt called with offset: 400
Sep 18, 2023 11:00:13 AM edu.yu.dbimpl.file.Page getInt
INFO: getInt called with offset: 404
Sep 18, 2023 11:00:13 AM edu.yu.dbimpl.file.Page getInt
INFO: getInt called with offset: 408
Sep 18, 2023 11:00:13 AM edu.yu.dbimpl.file.Page getInt
INFO: getInt called with offset: 412
Sep 18, 2023 11:00:13 AM edu.yu.dbimpl.file.Page getInt
INFO: getInt called with offset: 416
Sep 18, 2023 11:00:13 AM edu.yu.dbimpl.file.Page getInt
INFO: getInt called with offset: 420
Sep 18, 2023 11:00:13 AM edu.yu.dbimpl.file.Page getInt
INFO: getInt called with offset: 424
Sep 18, 2023 11:00:13 AM edu.yu.dbimpl.file.Page getInt
INFO: getInt called with offset: 428
Sep 18, 2023 11:00:13 AM edu.yu.dbimpl.file.Page getInt
INFO: getInt called with offset: 432
Sep 18, 2023 11:00:13 AM edu.yu.dbimpl.file.Page getInt
INFO: getInt called with offset: 436
Sep 18, 2023 11:00:13 AM edu.yu.dbimpl.file.Page getInt
INFO: getInt called with offset: 440
Sep 18, 2023 11:00:13 AM edu.yu.dbimpl.file.Page getInt
INFO: getInt called with offset: 444
Sep 18, 2023 11:00:13 AM edu.yu.dbimpl.file.Page getInt
INFO: getInt called with offset: 448
Sep 18, 2023 11:00:13 AM edu.yu.dbimpl.file.Page getInt
INFO: getInt called with offset: 452
Sep 18, 2023 11:00:13 AM edu.yu.dbimpl.file.Page getInt
INFO: getInt called with offset: 456
Sep 18, 2023 11:00:13 AM edu.yu.dbimpl.file.Page getInt
INFO: getInt called with offset: 460
Sep 18, 2023 11:00:13 AM edu.yu.dbimpl.file.Page getInt
INFO: getInt called with offset: 464
Sep 18, 2023 11:00:13 AM edu.yu.dbimpl.file.Page getInt
INFO: getInt called with offset: 468
Sep 18, 2023 11:00:13 AM edu.yu.dbimpl.file.Page getInt
INFO: getInt called with offset: 472
Sep 18, 2023 11:00:13 AM edu.yu.dbimpl.file.Page getInt
INFO: getInt called with offset: 476
Sep 18, 2023 11:00:13 AM edu.yu.dbimpl.file.Page getInt
INFO: getInt called with offset: 480
Sep 18, 2023 11:00:13 AM edu.yu.dbimpl.file.Page getInt
INFO: getInt called with offset: 484
Sep 18, 2023 11:00:13 AM edu.yu.dbimpl.file.Page getInt
INFO: getInt called with offset: 488
Sep 18, 2023 11:00:13 AM edu.yu.dbimpl.file.Page getInt
INFO: getInt called with offset: 492
Sep 18, 2023 11:00:13 AM edu.yu.dbimpl.file.Page getInt
INFO: getInt called with offset: 496
Sep 18, 2023 11:00:13 AM edu.yu.dbimpl.file.Page getInt
INFO: getInt called with offset: 500
Sep 18, 2023 11:00:13 AM edu.yu.dbimpl.file.Page getInt
INFO: getInt called with offset: 504
Sep 18, 2023 11:00:13 AM edu.yu.dbimpl.file.Page getInt
INFO: getInt called with offset: 508
Sep 18, 2023 11:00:13 AM edu.yu.dbimpl.file.Page getInt
INFO: getInt called with offset: 512
Sep 18, 2023 11:00:13 AM edu.yu.dbimpl.file.Page getInt
INFO: getInt called with offset: 516
Sep 18, 2023 11:00:13 AM edu.yu.dbimpl.file.Page getInt
INFO: getInt called with offset: 520
Sep 18, 2023 11:00:13 AM edu.yu.dbimpl.file.Page getInt
INFO: getInt called with offset: 524
Sep 18, 2023 11:00:13 AM edu.yu.dbimpl.file.Page getInt
INFO: getInt called with offset: 528
Sep 18, 2023 11:00:13 AM edu.yu.dbimpl.file.Page getInt
INFO: getInt called with offset: 532
Sep 18, 2023 11:00:13 AM edu.yu.dbimpl.file.Page getInt
INFO: getInt called with offset: 536
Sep 18, 2023 11:00:13 AM edu.yu.dbimpl.file.Page getInt
INFO: getInt called with offset: 540
Sep 18, 2023 11:00:13 AM edu.yu.dbimpl.file.Page getInt
INFO: getInt called with offset: 544
Sep 18, 2023 11:00:13 AM edu.yu.dbimpl.file.Page getInt
INFO: getInt called with offset: 548
Sep 18, 2023 11:00:13 AM edu.yu.dbimpl.file.Page getInt
INFO: getInt called with offset: 552
Sep 18, 2023 11:00:13 AM edu.yu.dbimpl.file.Page getInt
INFO: getInt called with offset: 556
Sep 18, 2023 11:00:13 AM edu.yu.dbimpl.file.Page getInt
INFO: getInt called with offset: 560
Sep 18, 2023 11:00:13 AM edu.yu.dbimpl.file.Page getInt
INFO: getInt called with offset: 564
Sep 18, 2023 11:00:13 AM edu.yu.dbimpl.file.Page getInt
INFO: getInt called with offset: 568
Sep 18, 2023 11:00:13 AM edu.yu.dbimpl.file.Page getInt
INFO: getInt called with offset: 572
Sep 18, 2023 11:00:13 AM edu.yu.dbimpl.file.Page getInt
INFO: getInt called with offset: 576
Sep 18, 2023 11:00:13 AM edu.yu.dbimpl.file.Page getInt
INFO: getInt called with offset: 580
Sep 18, 2023 11:00:13 AM edu.yu.dbimpl.file.Page getInt
INFO: getInt called with offset: 584
Sep 18, 2023 11:00:13 AM edu.yu.dbimpl.file.Page getInt
INFO: getInt called with offset: 588
Sep 18, 2023 11:00:13 AM edu.yu.dbimpl.file.Page getInt
INFO: getInt called with offset: 592
Sep 18, 2023 11:00:13 AM edu.yu.dbimpl.file.Page getInt
INFO: getInt called with offset: 596
Sep 18, 2023 11:00:13 AM edu.yu.dbimpl.file.Page getInt
INFO: getInt called with offset: 600
Sep 18, 2023 11:00:13 AM edu.yu.dbimpl.file.Page getInt
INFO: getInt called with offset: 604
Sep 18, 2023 11:00:13 AM edu.yu.dbimpl.file.Page getInt
INFO: getInt called with offset: 608
Sep 18, 2023 11:00:13 AM edu.yu.dbimpl.file.Page getInt
INFO: getInt called with offset: 612
Sep 18, 2023 11:00:13 AM edu.yu.dbimpl.file.Page getInt
INFO: getInt called with offset: 616
Sep 18, 2023 11:00:13 AM edu.yu.dbimpl.file.Page getInt
INFO: getInt called with offset: 620
Sep 18, 2023 11:00:13 AM edu.yu.dbimpl.file.Page getInt
INFO: getInt called with offset: 624
Sep 18, 2023 11:00:13 AM edu.yu.dbimpl.file.Page getInt
INFO: getInt called with offset: 628
Sep 18, 2023 11:00:13 AM edu.yu.dbimpl.file.Page getInt
INFO: getInt called with offset: 632
Sep 18, 2023 11:00:13 AM edu.yu.dbimpl.file.Page getInt
INFO: getInt called with offset: 636
Sep 18, 2023 11:00:13 AM edu.yu.dbimpl.file.Page getInt
INFO: getInt called with offset: 640
Sep 18, 2023 11:00:13 AM edu.yu.dbimpl.file.Page getInt
INFO: getInt called with offset: 644
Sep 18, 2023 11:00:13 AM edu.yu.dbimpl.file.Page getInt
INFO: getInt called with offset: 648
Sep 18, 2023 11:00:13 AM edu.yu.dbimpl.file.Page getInt
INFO: getInt called with offset: 652
Sep 18, 2023 11:00:13 AM edu.yu.dbimpl.file.Page getInt
INFO: getInt called with offset: 656
Sep 18, 2023 11:00:13 AM edu.yu.dbimpl.file.Page getInt
INFO: getInt called with offset: 660
Sep 18, 2023 11:00:13 AM edu.yu.dbimpl.file.Page getInt
INFO: getInt called with offset: 664
Sep 18, 2023 11:00:13 AM edu.yu.dbimpl.file.Page getInt
INFO: getInt called with offset: 668
Sep 18, 2023 11:00:13 AM edu.yu.dbimpl.file.Page getInt
INFO: getInt called with offset: 672
Sep 18, 2023 11:00:13 AM edu.yu.dbimpl.file.Page getInt
INFO: getInt called with offset: 676
Sep 18, 2023 11:00:13 AM edu.yu.dbimpl.file.Page getInt
INFO: getInt called with offset: 680
Sep 18, 2023 11:00:13 AM edu.yu.dbimpl.file.Page getInt
INFO: getInt called with offset: 684
Sep 18, 2023 11:00:13 AM edu.yu.dbimpl.file.Page getInt
INFO: getInt called with offset: 688
Sep 18, 2023 11:00:13 AM edu.yu.dbimpl.file.Page getInt
INFO: getInt called with offset: 692
Sep 18, 2023 11:00:13 AM edu.yu.dbimpl.file.Page getInt
INFO: getInt called with offset: 696
Sep 18, 2023 11:00:13 AM edu.yu.dbimpl.file.Page getInt
INFO: getInt called with offset: 700
Sep 18, 2023 11:00:13 AM edu.yu.dbimpl.file.Page getInt
INFO: getInt called with offset: 704
Sep 18, 2023 11:00:13 AM edu.yu.dbimpl.file.Page getInt
INFO: getInt called with offset: 708
Sep 18, 2023 11:00:13 AM edu.yu.dbimpl.file.Page getInt
INFO: getInt called with offset: 712
Sep 18, 2023 11:00:13 AM edu.yu.dbimpl.file.Page getInt
INFO: getInt called with offset: 716
Sep 18, 2023 11:00:13 AM edu.yu.dbimpl.file.Page getInt
INFO: getInt called with offset: 720
Sep 18, 2023 11:00:13 AM edu.yu.dbimpl.file.Page getInt
INFO: getInt called with offset: 724
Sep 18, 2023 11:00:13 AM edu.yu.dbimpl.file.Page getInt
INFO: getInt called with offset: 728
Sep 18, 2023 11:00:13 AM edu.yu.dbimpl.file.Page getInt
INFO: getInt called with offset: 732
Sep 18, 2023 11:00:13 AM edu.yu.dbimpl.file.Page getInt
INFO: getInt called with offset: 736
Sep 18, 2023 11:00:13 AM edu.yu.dbimpl.file.Page getInt
INFO: getInt called with offset: 740
Sep 18, 2023 11:00:13 AM edu.yu.dbimpl.file.Page getInt
INFO: getInt called with offset: 744
Sep 18, 2023 11:00:13 AM edu.yu.dbimpl.file.Page getInt
INFO: getInt called with offset: 748
Sep 18, 2023 11:00:13 AM edu.yu.dbimpl.file.Page getInt
INFO: getInt called with offset: 752
Sep 18, 2023 11:00:13 AM edu.yu.dbimpl.file.Page getInt
INFO: getInt called with offset: 756
Sep 18, 2023 11:00:13 AM edu.yu.dbimpl.file.Page getInt
INFO: getInt called with offset: 760
Sep 18, 2023 11:00:13 AM edu.yu.dbimpl.file.Page getInt
INFO: getInt called with offset: 764
Sep 18, 2023 11:00:13 AM edu.yu.dbimpl.file.Page getInt
INFO: getInt called with offset: 768
Sep 18, 2023 11:00:13 AM edu.yu.dbimpl.file.Page getInt
INFO: getInt called with offset: 772
Sep 18, 2023 11:00:13 AM edu.yu.dbimpl.file.Page getInt
INFO: getInt called with offset: 776
Sep 18, 2023 11:00:13 AM edu.yu.dbimpl.file.Page getInt
INFO: getInt called with offset: 780
Sep 18, 2023 11:00:13 AM edu.yu.dbimpl.file.Page getInt
INFO: getInt called with offset: 784
Sep 18, 2023 11:00:13 AM edu.yu.dbimpl.file.Page getInt
INFO: getInt called with offset: 788
Sep 18, 2023 11:00:13 AM edu.yu.dbimpl.file.Page getInt
INFO: getInt called with offset: 792
Sep 18, 2023 11:00:13 AM edu.yu.dbimpl.file.Page getInt
INFO: getInt called with offset: 796
Sep 18, 2023 11:00:13 AM edu.yu.dbimpl.file.Page getInt
INFO: getInt called with offset: 800
Sep 18, 2023 11:00:13 AM edu.yu.dbimpl.file.Page getInt
INFO: getInt called with offset: 804
Sep 18, 2023 11:00:13 AM edu.yu.dbimpl.file.Page getInt
INFO: getInt called with offset: 808
Sep 18, 2023 11:00:13 AM edu.yu.dbimpl.file.Page getInt
INFO: getInt called with offset: 812
Sep 18, 2023 11:00:13 AM edu.yu.dbimpl.file.Page getInt
INFO: getInt called with offset: 816
Sep 18, 2023 11:00:13 AM edu.yu.dbimpl.file.Page getInt
INFO: getInt called with offset: 820
Sep 18, 2023 11:00:13 AM edu.yu.dbimpl.file.Page getInt
INFO: getInt called with offset: 824
Sep 18, 2023 11:00:13 AM edu.yu.dbimpl.file.Page getInt
INFO: getInt called with offset: 828
Sep 18, 2023 11:00:13 AM edu.yu.dbimpl.file.Page getInt
INFO: getInt called with offset: 832
Sep 18, 2023 11:00:13 AM edu.yu.dbimpl.file.Page getInt
INFO: getInt called with offset: 836
Sep 18, 2023 11:00:13 AM edu.yu.dbimpl.file.Page getInt
INFO: getInt called with offset: 840
Sep 18, 2023 11:00:13 AM edu.yu.dbimpl.file.Page getInt
INFO: getInt called with offset: 844
Sep 18, 2023 11:00:13 AM edu.yu.dbimpl.file.Page getInt
INFO: getInt called with offset: 848
Sep 18, 2023 11:00:13 AM edu.yu.dbimpl.file.Page getInt
INFO: getInt called with offset: 852
Sep 18, 2023 11:00:13 AM edu.yu.dbimpl.file.Page getInt
INFO: getInt called with offset: 856
Sep 18, 2023 11:00:13 AM edu.yu.dbimpl.file.Page getInt
INFO: getInt called with offset: 860
Sep 18, 2023 11:00:13 AM edu.yu.dbimpl.file.Page getInt
INFO: getInt called with offset: 864
Sep 18, 2023 11:00:13 AM edu.yu.dbimpl.file.Page getInt
INFO: getInt called with offset: 868
Sep 18, 2023 11:00:13 AM edu.yu.dbimpl.file.Page getInt
INFO: getInt called with offset: 872
Sep 18, 2023 11:00:13 AM edu.yu.dbimpl.file.Page getInt
INFO: getInt called with offset: 876
Sep 18, 2023 11:00:13 AM edu.yu.dbimpl.file.Page getInt
INFO: getInt called with offset: 880
Sep 18, 2023 11:00:13 AM edu.yu.dbimpl.file.Page getInt
INFO: getInt called with offset: 884
Sep 18, 2023 11:00:13 AM edu.yu.dbimpl.file.Page getInt
INFO: getInt called with offset: 888
Sep 18, 2023 11:00:13 AM edu.yu.dbimpl.file.Page getInt
INFO: getInt called with offset: 892
Sep 18, 2023 11:00:13 AM edu.yu.dbimpl.file.Page getInt
INFO: getInt called with offset: 896
Sep 18, 2023 11:00:13 AM edu.yu.dbimpl.file.Page getInt
INFO: getInt called with offset: 900
Sep 18, 2023 11:00:13 AM edu.yu.dbimpl.file.Page getInt
INFO: getInt called with offset: 904
Sep 18, 2023 11:00:13 AM edu.yu.dbimpl.file.Page getInt
INFO: getInt called with offset: 908
Sep 18, 2023 11:00:13 AM edu.yu.dbimpl.file.Page getInt
INFO: getInt called with offset: 912
Sep 18, 2023 11:00:13 AM edu.yu.dbimpl.file.Page getInt
INFO: getInt called with offset: 916
Sep 18, 2023 11:00:13 AM edu.yu.dbimpl.file.Page getInt
INFO: getInt called with offset: 920
Sep 18, 2023 11:00:13 AM edu.yu.dbimpl.file.Page getInt
INFO: getInt called with offset: 924
Sep 18, 2023 11:00:13 AM edu.yu.dbimpl.file.Page getInt
INFO: getInt called with offset: 928
Sep 18, 2023 11:00:13 AM edu.yu.dbimpl.file.Page getInt
INFO: getInt called with offset: 932
Sep 18, 2023 11:00:13 AM edu.yu.dbimpl.file.Page getInt
INFO: getInt called with offset: 936
Sep 18, 2023 11:00:13 AM edu.yu.dbimpl.file.Page getInt
INFO: getInt called with offset: 940
Sep 18, 2023 11:00:13 AM edu.yu.dbimpl.file.Page getInt
INFO: getInt called with offset: 944
Sep 18, 2023 11:00:13 AM edu.yu.dbimpl.file.Page getInt
INFO: getInt called with offset: 948
Sep 18, 2023 11:00:13 AM edu.yu.dbimpl.file.Page getInt
INFO: getInt called with offset: 952
Sep 18, 2023 11:00:13 AM edu.yu.dbimpl.file.Page getInt
INFO: getInt called with offset: 956
Sep 18, 2023 11:00:13 AM edu.yu.dbimpl.file.Page getInt
INFO: getInt called with offset: 960
Sep 18, 2023 11:00:13 AM edu.yu.dbimpl.file.Page getInt
INFO: getInt called with offset: 964
Sep 18, 2023 11:00:13 AM edu.yu.dbimpl.file.Page getInt
INFO: getInt called with offset: 968
Sep 18, 2023 11:00:13 AM edu.yu.dbimpl.file.Page getInt
INFO: getInt called with offset: 972
Sep 18, 2023 11:00:13 AM edu.yu.dbimpl.file.Page getInt
INFO: getInt called with offset: 976
Sep 18, 2023 11:00:13 AM edu.yu.dbimpl.file.Page getInt
INFO: getInt called with offset: 980
Sep 18, 2023 11:00:13 AM edu.yu.dbimpl.file.Page getInt
INFO: getInt called with offset: 984
Sep 18, 2023 11:00:13 AM edu.yu.dbimpl.file.Page getInt
INFO: getInt called with offset: 988
Sep 18, 2023 11:00:13 AM edu.yu.dbimpl.file.Page getInt
INFO: getInt called with offset: 992
Sep 18, 2023 11:00:13 AM edu.yu.dbimpl.file.Page getInt
INFO: getInt called with offset: 996
]]></system-err>
  </testcase>
  <testcase name="testSetAndGetBytes2" classname="edu.yu.dbimpl.FirstStageTests" time="0.006">
    <system-err><![CDATA[Sep 18, 2023 11:00:13 AM edu.yu.dbimpl.file.Page <init>
INFO: Page created with blocksize
Sep 18, 2023 11:00:13 AM edu.yu.dbimpl.file.Page setBytes
INFO: setBytes called with offset: 10 and byte[]
Sep 18, 2023 11:00:13 AM edu.yu.dbimpl.file.Page getBytes
INFO: getBytes called with offset: 10
]]></system-err>
  </testcase>
  <testcase name="testFileModulePerformance" classname="edu.yu.dbimpl.FirstStageTests" time="0.412">
    <system-out><![CDATA[Execution time: 327 milliseconds
]]></system-out>
    <system-err><![CDATA[Sep 18, 2023 11:00:13 AM edu.yu.dbimpl.file.Page <init>
INFO: Page created with blocksize
Sep 18, 2023 11:00:13 AM edu.yu.dbimpl.file.Page setString
INFO: setString called with offset: 0 and String: Hello, World!
Sep 18, 2023 11:00:13 AM edu.yu.dbimpl.file.Page <init>
INFO: Page created with blocksize
Sep 18, 2023 11:00:13 AM edu.yu.dbimpl.file.Page setString
INFO: setString called with offset: 0 and String: Hello, World!
Sep 18, 2023 11:00:13 AM edu.yu.dbimpl.file.Page <init>
INFO: Page created with blocksize
Sep 18, 2023 11:00:13 AM edu.yu.dbimpl.file.Page setString
INFO: setString called with offset: 0 and String: Hello, World!
Sep 18, 2023 11:00:13 AM edu.yu.dbimpl.file.Page <init>
INFO: Page created with blocksize
Sep 18, 2023 11:00:13 AM edu.yu.dbimpl.file.Page setString
INFO: setString called with offset: 0 and String: Hello, World!
Sep 18, 2023 11:00:13 AM edu.yu.dbimpl.file.Page <init>
INFO: Page created with blocksize
Sep 18, 2023 11:00:13 AM edu.yu.dbimpl.file.Page setString
INFO: setString called with offset: 0 and String: Hello, World!
Sep 18, 2023 11:00:13 AM edu.yu.dbimpl.file.Page <init>
INFO: Page created with blocksize
Sep 18, 2023 11:00:13 AM edu.yu.dbimpl.file.Page setString
INFO: setString called with offset: 0 and String: Hello, World!
Sep 18, 2023 11:00:13 AM edu.yu.dbimpl.file.Page <init>
INFO: Page created with blocksize
Sep 18, 2023 11:00:13 AM edu.yu.dbimpl.file.Page setString
INFO: setString called with offset: 0 and String: Hello, World!
Sep 18, 2023 11:00:13 AM edu.yu.dbimpl.file.Page <init>
INFO: Page created with blocksize
Sep 18, 2023 11:00:13 AM edu.yu.dbimpl.file.Page setString
INFO: setString called with offset: 0 and String: Hello, World!
Sep 18, 2023 11:00:13 AM edu.yu.dbimpl.file.Page <init>
INFO: Page created with blocksize
Sep 18, 2023 11:00:13 AM edu.yu.dbimpl.file.Page setString
INFO: setString called with offset: 0 and String: Hello, World!
Sep 18, 2023 11:00:13 AM edu.yu.dbimpl.file.Page <init>
INFO: Page created with blocksize
Sep 18, 2023 11:00:13 AM edu.yu.dbimpl.file.Page setString
INFO: setString called with offset: 0 and String: Hello, World!
Sep 18, 2023 11:00:13 AM edu.yu.dbimpl.file.Page <init>
INFO: Page created with blocksize
Sep 18, 2023 11:00:13 AM edu.yu.dbimpl.file.Page setString
INFO: setString called with offset: 0 and String: Hello, World!
Sep 18, 2023 11:00:13 AM edu.yu.dbimpl.file.Page <init>
INFO: Page created with blocksize
Sep 18, 2023 11:00:13 AM edu.yu.dbimpl.file.Page setString
INFO: setString called with offset: 0 and String: Hello, World!
Sep 18, 2023 11:00:13 AM edu.yu.dbimpl.file.Page <init>
INFO: Page created with blocksize
Sep 18, 2023 11:00:13 AM edu.yu.dbimpl.file.Page setString
INFO: setString called with offset: 0 and String: Hello, World!
Sep 18, 2023 11:00:13 AM edu.yu.dbimpl.file.Page <init>
INFO: Page created with blocksize
Sep 18, 2023 11:00:13 AM edu.yu.dbimpl.file.Page setString
INFO: setString called with offset: 0 and String: Hello, World!
Sep 18, 2023 11:00:13 AM edu.yu.dbimpl.file.Page <init>
INFO: Page created with blocksize
Sep 18, 2023 11:00:13 AM edu.yu.dbimpl.file.Page setString
INFO: setString called with offset: 0 and String: Hello, World!
Sep 18, 2023 11:00:13 AM edu.yu.dbimpl.file.Page <init>
INFO: Page created with blocksize
Sep 18, 2023 11:00:13 AM edu.yu.dbimpl.file.Page setString
INFO: setString called with offset: 0 and String: Hello, World!
Sep 18, 2023 11:00:13 AM edu.yu.dbimpl.file.Page <init>
INFO: Page created with blocksize
Sep 18, 2023 11:00:13 AM edu.yu.dbimpl.file.Page setString
INFO: setString called with offset: 0 and String: Hello, World!
Sep 18, 2023 11:00:13 AM edu.yu.dbimpl.file.Page <init>
INFO: Page created with blocksize
Sep 18, 2023 11:00:13 AM edu.yu.dbimpl.file.Page setString
INFO: setString called with offset: 0 and String: Hello, World!
Sep 18, 2023 11:00:13 AM edu.yu.dbimpl.file.Page <init>
INFO: Page created with blocksize
Sep 18, 2023 11:00:13 AM edu.yu.dbimpl.file.Page setString
INFO: setString called with offset: 0 and String: Hello, World!
Sep 18, 2023 11:00:13 AM edu.yu.dbimpl.file.Page <init>
INFO: Page created with blocksize
Sep 18, 2023 11:00:13 AM edu.yu.dbimpl.file.Page setString
INFO: setString called with offset: 0 and String: Hello, World!
Sep 18, 2023 11:00:13 AM edu.yu.dbimpl.file.Page <init>
INFO: Page created with blocksize
Sep 18, 2023 11:00:13 AM edu.yu.dbimpl.file.Page setString
INFO: setString called with offset: 0 and String: Hello, World!
Sep 18, 2023 11:00:13 AM edu.yu.dbimpl.file.Page <init>
INFO: Page created with blocksize
Sep 18, 2023 11:00:13 AM edu.yu.dbimpl.file.Page setString
INFO: setString called with offset: 0 and String: Hello, World!
Sep 18, 2023 11:00:13 AM edu.yu.dbimpl.file.Page <init>
INFO: Page created with blocksize
Sep 18, 2023 11:00:13 AM edu.yu.dbimpl.file.Page setString
INFO: setString called with offset: 0 and String: Hello, World!
Sep 18, 2023 11:00:13 AM edu.yu.dbimpl.file.Page <init>
INFO: Page created with blocksize
Sep 18, 2023 11:00:13 AM edu.yu.dbimpl.file.Page setString
INFO: setString called with offset: 0 and String: Hello, World!
Sep 18, 2023 11:00:13 AM edu.yu.dbimpl.file.Page <init>
INFO: Page created with blocksize
Sep 18, 2023 11:00:13 AM edu.yu.dbimpl.file.Page setString
INFO: setString called with offset: 0 and String: Hello, World!
Sep 18, 2023 11:00:13 AM edu.yu.dbimpl.file.Page <init>
INFO: Page created with blocksize
Sep 18, 2023 11:00:13 AM edu.yu.dbimpl.file.Page setString
INFO: setString called with offset: 0 and String: Hello, World!
Sep 18, 2023 11:00:13 AM edu.yu.dbimpl.file.Page <init>
INFO: Page created with blocksize
Sep 18, 2023 11:00:13 AM edu.yu.dbimpl.file.Page setString
INFO: setString called with offset: 0 and String: Hello, World!
Sep 18, 2023 11:00:13 AM edu.yu.dbimpl.file.Page <init>
INFO: Page created with blocksize
Sep 18, 2023 11:00:13 AM edu.yu.dbimpl.file.Page setString
INFO: setString called with offset: 0 and String: Hello, World!
Sep 18, 2023 11:00:13 AM edu.yu.dbimpl.file.Page <init>
INFO: Page created with blocksize
Sep 18, 2023 11:00:13 AM edu.yu.dbimpl.file.Page setString
INFO: setString called with offset: 0 and String: Hello, World!
Sep 18, 2023 11:00:13 AM edu.yu.dbimpl.file.Page <init>
INFO: Page created with blocksize
Sep 18, 2023 11:00:13 AM edu.yu.dbimpl.file.Page setString
INFO: setString called with offset: 0 and String: Hello, World!
Sep 18, 2023 11:00:13 AM edu.yu.dbimpl.file.Page <init>
INFO: Page created with blocksize
Sep 18, 2023 11:00:13 AM edu.yu.dbimpl.file.Page setString
INFO: setString called with offset: 0 and String: Hello, World!
Sep 18, 2023 11:00:13 AM edu.yu.dbimpl.file.Page <init>
INFO: Page created with blocksize
Sep 18, 2023 11:00:13 AM edu.yu.dbimpl.file.Page setString
INFO: setString called with offset: 0 and String: Hello, World!
Sep 18, 2023 11:00:13 AM edu.yu.dbimpl.file.Page <init>
INFO: Page created with blocksize
Sep 18, 2023 11:00:13 AM edu.yu.dbimpl.file.Page setString
INFO: setString called with offset: 0 and String: Hello, World!
Sep 18, 2023 11:00:13 AM edu.yu.dbimpl.file.Page <init>
INFO: Page created with blocksize
Sep 18, 2023 11:00:13 AM edu.yu.dbimpl.file.Page setString
INFO: setString called with offset: 0 and String: Hello, World!
Sep 18, 2023 11:00:13 AM edu.yu.dbimpl.file.Page <init>
INFO: Page created with blocksize
Sep 18, 2023 11:00:13 AM edu.yu.dbimpl.file.Page setString
INFO: setString called with offset: 0 and String: Hello, World!
Sep 18, 2023 11:00:13 AM edu.yu.dbimpl.file.Page <init>
INFO: Page created with blocksize
Sep 18, 2023 11:00:13 AM edu.yu.dbimpl.file.Page setString
INFO: setString called with offset: 0 and String: Hello, World!
Sep 18, 2023 11:00:13 AM edu.yu.dbimpl.file.Page <init>
INFO: Page created with blocksize
Sep 18, 2023 11:00:13 AM edu.yu.dbimpl.file.Page setString
INFO: setString called with offset: 0 and String: Hello, World!
Sep 18, 2023 11:00:13 AM edu.yu.dbimpl.file.Page <init>
INFO: Page created with blocksize
Sep 18, 2023 11:00:13 AM edu.yu.dbimpl.file.Page setString
INFO: setString called with offset: 0 and String: Hello, World!
Sep 18, 2023 11:00:13 AM edu.yu.dbimpl.file.Page <init>
INFO: Page created with blocksize
Sep 18, 2023 11:00:13 AM edu.yu.dbimpl.file.Page setString
INFO: setString called with offset: 0 and String: Hello, World!
Sep 18, 2023 11:00:13 AM edu.yu.dbimpl.file.Page <init>
INFO: Page created with blocksize
Sep 18, 2023 11:00:13 AM edu.yu.dbimpl.file.Page setString
INFO: setString called with offset: 0 and String: Hello, World!
Sep 18, 2023 11:00:13 AM edu.yu.dbimpl.file.Page <init>
INFO: Page created with blocksize
Sep 18, 2023 11:00:13 AM edu.yu.dbimpl.file.Page setString
INFO: setString called with offset: 0 and String: Hello, World!
Sep 18, 2023 11:00:13 AM edu.yu.dbimpl.file.Page <init>
INFO: Page created with blocksize
Sep 18, 2023 11:00:13 AM edu.yu.dbimpl.file.Page setString
INFO: setString called with offset: 0 and String: Hello, World!
Sep 18, 2023 11:00:13 AM edu.yu.dbimpl.file.Page <init>
INFO: Page created with blocksize
Sep 18, 2023 11:00:13 AM edu.yu.dbimpl.file.Page setString
INFO: setString called with offset: 0 and String: Hello, World!
Sep 18, 2023 11:00:13 AM edu.yu.dbimpl.file.Page <init>
INFO: Page created with blocksize
Sep 18, 2023 11:00:13 AM edu.yu.dbimpl.file.Page setString
INFO: setString called with offset: 0 and String: Hello, World!
Sep 18, 2023 11:00:13 AM edu.yu.dbimpl.file.Page <init>
INFO: Page created with blocksize
Sep 18, 2023 11:00:13 AM edu.yu.dbimpl.file.Page setString
INFO: setString called with offset: 0 and String: Hello, World!
Sep 18, 2023 11:00:13 AM edu.yu.dbimpl.file.Page <init>
INFO: Page created with blocksize
Sep 18, 2023 11:00:13 AM edu.yu.dbimpl.file.Page setString
INFO: setString called with offset: 0 and String: Hello, World!
Sep 18, 2023 11:00:13 AM edu.yu.dbimpl.file.Page <init>
INFO: Page created with blocksize
Sep 18, 2023 11:00:13 AM edu.yu.dbimpl.file.Page setString
INFO: setString called with offset: 0 and String: Hello, World!
Sep 18, 2023 11:00:13 AM edu.yu.dbimpl.file.Page <init>
INFO: Page created with blocksize
Sep 18, 2023 11:00:13 AM edu.yu.dbimpl.file.Page setString
INFO: setString called with offset: 0 and String: Hello, World!
Sep 18, 2023 11:00:13 AM edu.yu.dbimpl.file.Page <init>
INFO: Page created with blocksize
Sep 18, 2023 11:00:13 AM edu.yu.dbimpl.file.Page setString
INFO: setString called with offset: 0 and String: Hello, World!
Sep 18, 2023 11:00:13 AM edu.yu.dbimpl.file.Page <init>
INFO: Page created with blocksize
Sep 18, 2023 11:00:13 AM edu.yu.dbimpl.file.Page setString
INFO: setString called with offset: 0 and String: Hello, World!
Sep 18, 2023 11:00:13 AM edu.yu.dbimpl.file.Page <init>
INFO: Page created with blocksize
[...]
Sep 18, 2023 11:00:14 AM edu.yu.dbimpl.file.Page <init>
INFO: Page created with blocksize
Sep 18, 2023 11:00:14 AM edu.yu.dbimpl.file.Page setString
INFO: setString called with offset: 0 and String: Hello, World!
Sep 18, 2023 11:00:14 AM edu.yu.dbimpl.file.Page <init>
INFO: Page created with blocksize
Sep 18, 2023 11:00:14 AM edu.yu.dbimpl.file.Page setString
INFO: setString called with offset: 0 and String: Hello, World!
Sep 18, 2023 11:00:14 AM edu.yu.dbimpl.file.Page <init>
INFO: Page created with blocksize
Sep 18, 2023 11:00:14 AM edu.yu.dbimpl.file.Page setString
INFO: setString called with offset: 0 and String: Hello, World!
Sep 18, 2023 11:00:14 AM edu.yu.dbimpl.file.Page <init>
INFO: Page created with blocksize
Sep 18, 2023 11:00:14 AM edu.yu.dbimpl.file.Page setString
INFO: setString called with offset: 0 and String: Hello, World!
Sep 18, 2023 11:00:14 AM edu.yu.dbimpl.file.Page <init>
INFO: Page created with blocksize
Sep 18, 2023 11:00:14 AM edu.yu.dbimpl.file.Page setString
INFO: setString called with offset: 0 and String: Hello, World!
Sep 18, 2023 11:00:14 AM edu.yu.dbimpl.file.Page <init>
INFO: Page created with blocksize
Sep 18, 2023 11:00:14 AM edu.yu.dbimpl.file.Page setString
INFO: setString called with offset: 0 and String: Hello, World!
Sep 18, 2023 11:00:14 AM edu.yu.dbimpl.file.Page <init>
INFO: Page created with blocksize
Sep 18, 2023 11:00:14 AM edu.yu.dbimpl.file.Page setString
INFO: setString called with offset: 0 and String: Hello, World!
Sep 18, 2023 11:00:14 AM edu.yu.dbimpl.file.Page <init>
INFO: Page created with blocksize
Sep 18, 2023 11:00:14 AM edu.yu.dbimpl.file.Page setString
INFO: setString called with offset: 0 and String: Hello, World!
Sep 18, 2023 11:00:14 AM edu.yu.dbimpl.file.Page <init>
INFO: Page created with blocksize
Sep 18, 2023 11:00:14 AM edu.yu.dbimpl.file.Page setString
INFO: setString called with offset: 0 and String: Hello, World!
Sep 18, 2023 11:00:14 AM edu.yu.dbimpl.file.Page <init>
INFO: Page created with blocksize
Sep 18, 2023 11:00:14 AM edu.yu.dbimpl.file.Page setString
INFO: setString called with offset: 0 and String: Hello, World!
Sep 18, 2023 11:00:14 AM edu.yu.dbimpl.file.Page <init>
INFO: Page created with blocksize
Sep 18, 2023 11:00:14 AM edu.yu.dbimpl.file.Page setString
INFO: setString called with offset: 0 and String: Hello, World!
Sep 18, 2023 11:00:14 AM edu.yu.dbimpl.file.Page <init>
INFO: Page created with blocksize
Sep 18, 2023 11:00:14 AM edu.yu.dbimpl.file.Page setString
INFO: setString called with offset: 0 and String: Hello, World!
Sep 18, 2023 11:00:14 AM edu.yu.dbimpl.file.Page <init>
INFO: Page created with blocksize
Sep 18, 2023 11:00:14 AM edu.yu.dbimpl.file.Page setString
INFO: setString called with offset: 0 and String: Hello, World!
Sep 18, 2023 11:00:14 AM edu.yu.dbimpl.file.Page <init>
INFO: Page created with blocksize
Sep 18, 2023 11:00:14 AM edu.yu.dbimpl.file.Page setString
INFO: setString called with offset: 0 and String: Hello, World!
Sep 18, 2023 11:00:14 AM edu.yu.dbimpl.file.Page <init>
INFO: Page created with blocksize
Sep 18, 2023 11:00:14 AM edu.yu.dbimpl.file.Page setString
INFO: setString called with offset: 0 and String: Hello, World!
Sep 18, 2023 11:00:14 AM edu.yu.dbimpl.file.Page <init>
INFO: Page created with blocksize
Sep 18, 2023 11:00:14 AM edu.yu.dbimpl.file.Page setString
INFO: setString called with offset: 0 and String: Hello, World!
Sep 18, 2023 11:00:14 AM edu.yu.dbimpl.file.Page <init>
INFO: Page created with blocksize
Sep 18, 2023 11:00:14 AM edu.yu.dbimpl.file.Page setString
INFO: setString called with offset: 0 and String: Hello, World!
Sep 18, 2023 11:00:14 AM edu.yu.dbimpl.file.Page <init>
INFO: Page created with blocksize
Sep 18, 2023 11:00:14 AM edu.yu.dbimpl.file.Page setString
INFO: setString called with offset: 0 and String: Hello, World!
Sep 18, 2023 11:00:14 AM edu.yu.dbimpl.file.Page <init>
INFO: Page created with blocksize
Sep 18, 2023 11:00:14 AM edu.yu.dbimpl.file.Page setString
INFO: setString called with offset: 0 and String: Hello, World!
Sep 18, 2023 11:00:14 AM edu.yu.dbimpl.file.Page <init>
INFO: Page created with blocksize
Sep 18, 2023 11:00:14 AM edu.yu.dbimpl.file.Page setString
INFO: setString called with offset: 0 and String: Hello, World!
Sep 18, 2023 11:00:14 AM edu.yu.dbimpl.file.Page <init>
INFO: Page created with blocksize
Sep 18, 2023 11:00:14 AM edu.yu.dbimpl.file.Page setString
INFO: setString called with offset: 0 and String: Hello, World!
Sep 18, 2023 11:00:14 AM edu.yu.dbimpl.file.Page <init>
INFO: Page created with blocksize
Sep 18, 2023 11:00:14 AM edu.yu.dbimpl.file.Page setString
INFO: setString called with offset: 0 and String: Hello, World!
Sep 18, 2023 11:00:14 AM edu.yu.dbimpl.file.Page <init>
INFO: Page created with blocksize
Sep 18, 2023 11:00:14 AM edu.yu.dbimpl.file.Page setString
INFO: setString called with offset: 0 and String: Hello, World!
Sep 18, 2023 11:00:14 AM edu.yu.dbimpl.file.Page <init>
INFO: Page created with blocksize
Sep 18, 2023 11:00:14 AM edu.yu.dbimpl.file.Page setString
INFO: setString called with offset: 0 and String: Hello, World!
Sep 18, 2023 11:00:14 AM edu.yu.dbimpl.file.Page <init>
INFO: Page created with blocksize
Sep 18, 2023 11:00:14 AM edu.yu.dbimpl.file.Page setString
INFO: setString called with offset: 0 and String: Hello, World!
Sep 18, 2023 11:00:14 AM edu.yu.dbimpl.file.Page <init>
INFO: Page created with blocksize
Sep 18, 2023 11:00:14 AM edu.yu.dbimpl.file.Page setString
INFO: setString called with offset: 0 and String: Hello, World!
Sep 18, 2023 11:00:14 AM edu.yu.dbimpl.file.Page <init>
INFO: Page created with blocksize
Sep 18, 2023 11:00:14 AM edu.yu.dbimpl.file.Page setString
INFO: setString called with offset: 0 and String: Hello, World!
Sep 18, 2023 11:00:14 AM edu.yu.dbimpl.file.Page <init>
INFO: Page created with blocksize
Sep 18, 2023 11:00:14 AM edu.yu.dbimpl.file.Page setString
INFO: setString called with offset: 0 and String: Hello, World!
Sep 18, 2023 11:00:14 AM edu.yu.dbimpl.file.Page <init>
INFO: Page created with blocksize
Sep 18, 2023 11:00:14 AM edu.yu.dbimpl.file.Page setString
INFO: setString called with offset: 0 and String: Hello, World!
Sep 18, 2023 11:00:14 AM edu.yu.dbimpl.file.Page <init>
INFO: Page created with blocksize
Sep 18, 2023 11:00:14 AM edu.yu.dbimpl.file.Page setString
INFO: setString called with offset: 0 and String: Hello, World!
Sep 18, 2023 11:00:14 AM edu.yu.dbimpl.file.Page <init>
INFO: Page created with blocksize
Sep 18, 2023 11:00:14 AM edu.yu.dbimpl.file.Page setString
INFO: setString called with offset: 0 and String: Hello, World!
Sep 18, 2023 11:00:14 AM edu.yu.dbimpl.file.Page <init>
INFO: Page created with blocksize
Sep 18, 2023 11:00:14 AM edu.yu.dbimpl.file.Page setString
INFO: setString called with offset: 0 and String: Hello, World!
Sep 18, 2023 11:00:14 AM edu.yu.dbimpl.file.Page <init>
INFO: Page created with blocksize
Sep 18, 2023 11:00:14 AM edu.yu.dbimpl.file.Page setString
INFO: setString called with offset: 0 and String: Hello, World!
Sep 18, 2023 11:00:14 AM edu.yu.dbimpl.file.Page <init>
INFO: Page created with blocksize
Sep 18, 2023 11:00:14 AM edu.yu.dbimpl.file.Page setString
INFO: setString called with offset: 0 and String: Hello, World!
Sep 18, 2023 11:00:14 AM edu.yu.dbimpl.file.Page <init>
INFO: Page created with blocksize
Sep 18, 2023 11:00:14 AM edu.yu.dbimpl.file.Page setString
INFO: setString called with offset: 0 and String: Hello, World!
Sep 18, 2023 11:00:14 AM edu.yu.dbimpl.file.Page <init>
INFO: Page created with blocksize
Sep 18, 2023 11:00:14 AM edu.yu.dbimpl.file.Page setString
INFO: setString called with offset: 0 and String: Hello, World!
Sep 18, 2023 11:00:14 AM edu.yu.dbimpl.file.Page <init>
INFO: Page created with blocksize
Sep 18, 2023 11:00:14 AM edu.yu.dbimpl.file.Page setString
INFO: setString called with offset: 0 and String: Hello, World!
Sep 18, 2023 11:00:14 AM edu.yu.dbimpl.file.Page <init>
INFO: Page created with blocksize
Sep 18, 2023 11:00:14 AM edu.yu.dbimpl.file.Page setString
INFO: setString called with offset: 0 and String: Hello, World!
Sep 18, 2023 11:00:14 AM edu.yu.dbimpl.file.Page <init>
INFO: Page created with blocksize
Sep 18, 2023 11:00:14 AM edu.yu.dbimpl.file.Page setString
INFO: setString called with offset: 0 and String: Hello, World!
Sep 18, 2023 11:00:14 AM edu.yu.dbimpl.file.Page <init>
INFO: Page created with blocksize
Sep 18, 2023 11:00:14 AM edu.yu.dbimpl.file.Page setString
INFO: setString called with offset: 0 and String: Hello, World!
Sep 18, 2023 11:00:14 AM edu.yu.dbimpl.file.Page <init>
INFO: Page created with blocksize
Sep 18, 2023 11:00:14 AM edu.yu.dbimpl.file.Page setString
INFO: setString called with offset: 0 and String: Hello, World!
Sep 18, 2023 11:00:14 AM edu.yu.dbimpl.file.Page <init>
INFO: Page created with blocksize
Sep 18, 2023 11:00:14 AM edu.yu.dbimpl.file.Page setString
INFO: setString called with offset: 0 and String: Hello, World!
Sep 18, 2023 11:00:14 AM edu.yu.dbimpl.file.Page <init>
INFO: Page created with blocksize
Sep 18, 2023 11:00:14 AM edu.yu.dbimpl.file.Page setString
INFO: setString called with offset: 0 and String: Hello, World!
Sep 18, 2023 11:00:14 AM edu.yu.dbimpl.file.Page <init>
INFO: Page created with blocksize
Sep 18, 2023 11:00:14 AM edu.yu.dbimpl.file.Page setString
INFO: setString called with offset: 0 and String: Hello, World!
Sep 18, 2023 11:00:14 AM edu.yu.dbimpl.file.Page <init>
INFO: Page created with blocksize
Sep 18, 2023 11:00:14 AM edu.yu.dbimpl.file.Page setString
INFO: setString called with offset: 0 and String: Hello, World!
Sep 18, 2023 11:00:14 AM edu.yu.dbimpl.file.Page <init>
INFO: Page created with blocksize
Sep 18, 2023 11:00:14 AM edu.yu.dbimpl.file.Page setString
INFO: setString called with offset: 0 and String: Hello, World!
Sep 18, 2023 11:00:14 AM edu.yu.dbimpl.file.Page <init>
INFO: Page created with blocksize
Sep 18, 2023 11:00:14 AM edu.yu.dbimpl.file.Page setString
INFO: setString called with offset: 0 and String: Hello, World!
Sep 18, 2023 11:00:14 AM edu.yu.dbimpl.file.Page <init>
INFO: Page created with blocksize
Sep 18, 2023 11:00:14 AM edu.yu.dbimpl.file.Page setString
INFO: setString called with offset: 0 and String: Hello, World!
Sep 18, 2023 11:00:14 AM edu.yu.dbimpl.file.Page <init>
INFO: Page created with blocksize
Sep 18, 2023 11:00:14 AM edu.yu.dbimpl.file.Page setString
INFO: setString called with offset: 0 and String: Hello, World!
Sep 18, 2023 11:00:14 AM edu.yu.dbimpl.file.Page <init>
INFO: Page created with blocksize
Sep 18, 2023 11:00:14 AM edu.yu.dbimpl.file.Page setString
INFO: setString called with offset: 0 and String: Hello, World!
Sep 18, 2023 11:00:14 AM edu.yu.dbimpl.file.Page <init>
INFO: Page created with blocksize
Sep 18, 2023 11:00:14 AM edu.yu.dbimpl.file.Page setString
INFO: setString called with offset: 0 and String: Hello, World!
Sep 18, 2023 11:00:14 AM edu.yu.dbimpl.file.Page <init>
INFO: Page created with blocksize
Sep 18, 2023 11:00:14 AM edu.yu.dbimpl.file.Page setString
INFO: setString called with offset: 0 and String: Hello, World!
Sep 18, 2023 11:00:14 AM edu.yu.dbimpl.file.Page <init>
INFO: Page created with blocksize
Sep 18, 2023 11:00:14 AM edu.yu.dbimpl.file.Page setString
INFO: setString called with offset: 0 and String: Hello, World!
Sep 18, 2023 11:00:14 AM edu.yu.dbimpl.file.Page <init>
INFO: Page created with blocksize
Sep 18, 2023 11:00:14 AM edu.yu.dbimpl.file.Page setString
INFO: setString called with offset: 0 and String: Hello, World!
Sep 18, 2023 11:00:14 AM edu.yu.dbimpl.file.Page <init>
INFO: Page created with blocksize
Sep 18, 2023 11:00:14 AM edu.yu.dbimpl.file.Page setString
INFO: setString called with offset: 0 and String: Hello, World!
Sep 18, 2023 11:00:14 AM edu.yu.dbimpl.file.Page <init>
INFO: Page created with blocksize
Sep 18, 2023 11:00:14 AM edu.yu.dbimpl.file.Page setString
INFO: setString called with offset: 0 and String: Hello, World!
Sep 18, 2023 11:00:14 AM edu.yu.dbimpl.file.Page <init>
INFO: Page created with blocksize
Sep 18, 2023 11:00:14 AM edu.yu.dbimpl.file.Page setString
INFO: setString called with offset: 0 and String: Hello, World!
Sep 18, 2023 11:00:14 AM edu.yu.dbimpl.file.Page <init>
INFO: Page created with blocksize
Sep 18, 2023 11:00:14 AM edu.yu.dbimpl.file.Page setString
INFO: setString called with offset: 0 and String: Hello, World!
Sep 18, 2023 11:00:14 AM edu.yu.dbimpl.file.Page <init>
INFO: Page created with blocksize
Sep 18, 2023 11:00:14 AM edu.yu.dbimpl.file.Page setString
INFO: setString called with offset: 0 and String: Hello, World!
Sep 18, 2023 11:00:14 AM edu.yu.dbimpl.file.Page <init>
INFO: Page created with blocksize
Sep 18, 2023 11:00:14 AM edu.yu.dbimpl.file.Page setString
INFO: setString called with offset: 0 and String: Hello, World!
Sep 18, 2023 11:00:14 AM edu.yu.dbimpl.file.Page <init>
INFO: Page created with blocksize
Sep 18, 2023 11:00:14 AM edu.yu.dbimpl.file.Page setString
INFO: setString called with offset: 0 and String: Hello, World!
Sep 18, 2023 11:00:14 AM edu.yu.dbimpl.file.Page <init>
INFO: Page created with blocksize
Sep 18, 2023 11:00:14 AM edu.yu.dbimpl.file.Page setString
INFO: setString called with offset: 0 and String: Hello, World!
Sep 18, 2023 11:00:14 AM edu.yu.dbimpl.file.Page <init>
INFO: Page created with blocksize
Sep 18, 2023 11:00:14 AM edu.yu.dbimpl.file.Page setString
INFO: setString called with offset: 0 and String: Hello, World!
Sep 18, 2023 11:00:14 AM edu.yu.dbimpl.file.Page <init>
INFO: Page created with blocksize
Sep 18, 2023 11:00:14 AM edu.yu.dbimpl.file.Page setString
INFO: setString called with offset: 0 and String: Hello, World!
Sep 18, 2023 11:00:14 AM edu.yu.dbimpl.file.Page <init>
INFO: Page created with blocksize
Sep 18, 2023 11:00:14 AM edu.yu.dbimpl.file.Page setString
INFO: setString called with offset: 0 and String: Hello, World!
Sep 18, 2023 11:00:14 AM edu.yu.dbimpl.file.Page <init>
INFO: Page created with blocksize
Sep 18, 2023 11:00:14 AM edu.yu.dbimpl.file.Page setString
INFO: setString called with offset: 0 and String: Hello, World!
Sep 18, 2023 11:00:14 AM edu.yu.dbimpl.file.Page <init>
INFO: Page created with blocksize
Sep 18, 2023 11:00:14 AM edu.yu.dbimpl.file.Page setString
INFO: setString called with offset: 0 and String: Hello, World!
Sep 18, 2023 11:00:14 AM edu.yu.dbimpl.file.Page <init>
INFO: Page created with blocksize
Sep 18, 2023 11:00:14 AM edu.yu.dbimpl.file.Page setString
INFO: setString called with offset: 0 and String: Hello, World!
Sep 18, 2023 11:00:14 AM edu.yu.dbimpl.file.Page <init>
INFO: Page created with blocksize
Sep 18, 2023 11:00:14 AM edu.yu.dbimpl.file.Page setString
INFO: setString called with offset: 0 and String: Hello, World!
Sep 18, 2023 11:00:14 AM edu.yu.dbimpl.file.Page <init>
INFO: Page created with blocksize
Sep 18, 2023 11:00:14 AM edu.yu.dbimpl.file.Page setString
INFO: setString called with offset: 0 and String: Hello, World!
Sep 18, 2023 11:00:14 AM edu.yu.dbimpl.file.Page <init>
INFO: Page created with blocksize
Sep 18, 2023 11:00:14 AM edu.yu.dbimpl.file.Page setString
INFO: setString called with offset: 0 and String: Hello, World!
Sep 18, 2023 11:00:14 AM edu.yu.dbimpl.file.Page <init>
INFO: Page created with blocksize
Sep 18, 2023 11:00:14 AM edu.yu.dbimpl.file.Page setString
INFO: setString called with offset: 0 and String: Hello, World!
Sep 18, 2023 11:00:14 AM edu.yu.dbimpl.file.Page <init>
INFO: Page created with blocksize
Sep 18, 2023 11:00:14 AM edu.yu.dbimpl.file.Page setString
INFO: setString called with offset: 0 and String: Hello, World!
Sep 18, 2023 11:00:14 AM edu.yu.dbimpl.file.Page <init>
INFO: Page created with blocksize
Sep 18, 2023 11:00:14 AM edu.yu.dbimpl.file.Page setString
INFO: setString called with offset: 0 and String: Hello, World!
Sep 18, 2023 11:00:14 AM edu.yu.dbimpl.file.Page <init>
INFO: Page created with blocksize
Sep 18, 2023 11:00:14 AM edu.yu.dbimpl.file.Page setString
INFO: setString called with offset: 0 and String: Hello, World!
Sep 18, 2023 11:00:14 AM edu.yu.dbimpl.file.Page <init>
INFO: Page created with blocksize
Sep 18, 2023 11:00:14 AM edu.yu.dbimpl.file.Page setString
INFO: setString called with offset: 0 and String: Hello, World!
Sep 18, 2023 11:00:14 AM edu.yu.dbimpl.file.Page <init>
INFO: Page created with blocksize
Sep 18, 2023 11:00:14 AM edu.yu.dbimpl.file.Page setString
INFO: setString called with offset: 0 and String: Hello, World!
Sep 18, 2023 11:00:14 AM edu.yu.dbimpl.file.Page <init>
INFO: Page created with blocksize
Sep 18, 2023 11:00:14 AM edu.yu.dbimpl.file.Page setString
INFO: setString called with offset: 0 and String: Hello, World!
Sep 18, 2023 11:00:14 AM edu.yu.dbimpl.file.Page <init>
INFO: Page created with blocksize
Sep 18, 2023 11:00:14 AM edu.yu.dbimpl.file.Page setString
INFO: setString called with offset: 0 and String: Hello, World!
Sep 18, 2023 11:00:14 AM edu.yu.dbimpl.file.Page <init>
INFO: Page created with blocksize
Sep 18, 2023 11:00:14 AM edu.yu.dbimpl.file.Page setString
INFO: setString called with offset: 0 and String: Hello, World!
Sep 18, 2023 11:00:14 AM edu.yu.dbimpl.file.Page <init>
INFO: Page created with blocksize
Sep 18, 2023 11:00:14 AM edu.yu.dbimpl.file.Page setString
INFO: setString called with offset: 0 and String: Hello, World!
Sep 18, 2023 11:00:14 AM edu.yu.dbimpl.file.Page <init>
INFO: Page created with blocksize
Sep 18, 2023 11:00:14 AM edu.yu.dbimpl.file.Page setString
INFO: setString called with offset: 0 and String: Hello, World!
Sep 18, 2023 11:00:14 AM edu.yu.dbimpl.file.Page <init>
INFO: Page created with blocksize
Sep 18, 2023 11:00:14 AM edu.yu.dbimpl.file.Page setString
INFO: setString called with offset: 0 and String: Hello, World!
Sep 18, 2023 11:00:14 AM edu.yu.dbimpl.file.Page <init>
INFO: Page created with blocksize
Sep 18, 2023 11:00:14 AM edu.yu.dbimpl.file.Page setString
INFO: setString called with offset: 0 and String: Hello, World!
Sep 18, 2023 11:00:14 AM edu.yu.dbimpl.file.Page <init>
INFO: Page created with blocksize
Sep 18, 2023 11:00:14 AM edu.yu.dbimpl.file.Page setString
INFO: setString called with offset: 0 and String: Hello, World!
Sep 18, 2023 11:00:14 AM edu.yu.dbimpl.file.Page <init>
INFO: Page created with blocksize
Sep 18, 2023 11:00:14 AM edu.yu.dbimpl.file.Page setString
INFO: setString called with offset: 0 and String: Hello, World!
Sep 18, 2023 11:00:14 AM edu.yu.dbimpl.file.Page <init>
INFO: Page created with blocksize
Sep 18, 2023 11:00:14 AM edu.yu.dbimpl.file.Page setString
INFO: setString called with offset: 0 and String: Hello, World!
Sep 18, 2023 11:00:14 AM edu.yu.dbimpl.file.Page <init>
INFO: Page created with blocksize
Sep 18, 2023 11:00:14 AM edu.yu.dbimpl.file.Page setString
INFO: setString called with offset: 0 and String: Hello, World!
Sep 18, 2023 11:00:14 AM edu.yu.dbimpl.file.Page <init>
INFO: Page created with blocksize
Sep 18, 2023 11:00:14 AM edu.yu.dbimpl.file.Page setString
INFO: setString called with offset: 0 and String: Hello, World!
Sep 18, 2023 11:00:14 AM edu.yu.dbimpl.file.Page <init>
INFO: Page created with blocksize
Sep 18, 2023 11:00:14 AM edu.yu.dbimpl.file.Page setString
INFO: setString called with offset: 0 and String: Hello, World!
Sep 18, 2023 11:00:14 AM edu.yu.dbimpl.file.Page <init>
INFO: Page created with blocksize
Sep 18, 2023 11:00:14 AM edu.yu.dbimpl.file.Page setString
INFO: setString called with offset: 0 and String: Hello, World!
Sep 18, 2023 11:00:14 AM edu.yu.dbimpl.file.Page <init>
INFO: Page created with blocksize
Sep 18, 2023 11:00:14 AM edu.yu.dbimpl.file.Page setString
INFO: setString called with offset: 0 and String: Hello, World!
Sep 18, 2023 11:00:14 AM edu.yu.dbimpl.file.Page <init>
INFO: Page created with blocksize
Sep 18, 2023 11:00:14 AM edu.yu.dbimpl.file.Page setString
INFO: setString called with offset: 0 and String: Hello, World!
]]></system-err>
  </testcase>
  <testcase name="deleteTempFilesTest" classname="edu.yu.dbimpl.FirstStageTests" time="1.075"/>
</testsuite>